25-Feb-2019 10:06:08.903 INFO [main] org.apache.catalina.startup.VersionLoggerListener.log Server version:        Apache Tomcat/8.0.18
25-Feb-2019 10:06:08.919 INFO [main] org.apache.catalina.startup.VersionLoggerListener.log Server built:          Jan 23 2015 11:56:07 UTC
25-Feb-2019 10:06:08.919 INFO [main] org.apache.catalina.startup.VersionLoggerListener.log Server number:         8.0.18.0
25-Feb-2019 10:06:08.919 INFO [main] org.apache.catalina.startup.VersionLoggerListener.log OS Name:               Windows 10
25-Feb-2019 10:06:08.919 INFO [main] org.apache.catalina.startup.VersionLoggerListener.log OS Version:            10.0
25-Feb-2019 10:06:08.919 INFO [main] org.apache.catalina.startup.VersionLoggerListener.log Architecture:          amd64
25-Feb-2019 10:06:08.919 INFO [main] org.apache.catalina.startup.VersionLoggerListener.log Java Home:             C:\Program Files\Java\jre1.8.0_192
25-Feb-2019 10:06:08.919 INFO [main] org.apache.catalina.startup.VersionLoggerListener.log JVM Version:           1.8.0_192-b12
25-Feb-2019 10:06:08.919 INFO [main] org.apache.catalina.startup.VersionLoggerListener.log JVM Vendor:            Oracle Corporation
25-Feb-2019 10:06:08.919 INFO [main] org.apache.catalina.startup.VersionLoggerListener.log CATALINA_BASE:         F:\DC\04\WEBD-Enterprise\d2\Tomcat8.0
25-Feb-2019 10:06:08.919 INFO [main] org.apache.catalina.startup.VersionLoggerListener.log CATALINA_HOME:         F:\DC\04\WEBD-Enterprise\d2\Tomcat8.0
25-Feb-2019 10:06:08.919 INFO [main] org.apache.catalina.startup.VersionLoggerListener.log Command line argument: -Djava.util.logging.config.file=F:/DC/04/WEBD-Enterprise/d2/Tomcat8.0/conf/logging.properties
25-Feb-2019 10:06:08.919 INFO [main] org.apache.catalina.startup.VersionLoggerListener.log Command line argument: -Djava.util.logging.manager=org.apache.juli.ClassLoaderLogManager
25-Feb-2019 10:06:08.919 INFO [main] org.apache.catalina.startup.VersionLoggerListener.log Command line argument: -Djava.endorsed.dirs=F:/DC/04/WEBD-Enterprise/d2/Tomcat8.0/endorsed
25-Feb-2019 10:06:08.919 INFO [main] org.apache.catalina.startup.VersionLoggerListener.log Command line argument: -Dcatalina.base=F:/DC/04/WEBD-Enterprise/d2/Tomcat8.0
25-Feb-2019 10:06:08.919 INFO [main] org.apache.catalina.startup.VersionLoggerListener.log Command line argument: -Dcatalina.home=F:/DC/04/WEBD-Enterprise/d2/Tomcat8.0
25-Feb-2019 10:06:08.919 INFO [main] org.apache.catalina.startup.VersionLoggerListener.log Command line argument: -Djava.io.tmpdir=F:/DC/04/WEBD-Enterprise/d2/Tomcat8.0/temp
25-Feb-2019 10:06:08.919 INFO [main] org.apache.catalina.core.AprLifecycleListener.lifecycleEvent Loaded APR based Apache Tomcat Native library 1.1.32 using APR version 1.5.1.
25-Feb-2019 10:06:08.919 INFO [main] org.apache.catalina.core.AprLifecycleListener.lifecycleEvent APR capabilities: IPv6 [true], sendfile [true], accept filters [false], random [true].
25-Feb-2019 10:06:10.033 INFO [main] org.apache.catalina.core.AprLifecycleListener.initializeSSL OpenSSL successfully initialized (OpenSSL 1.0.1j 15 Oct 2014)
25-Feb-2019 10:06:10.736 INFO [main] org.apache.coyote.AbstractProtocol.init Initializing ProtocolHandler ["http-apr-8080"]
25-Feb-2019 10:06:10.752 INFO [main] org.apache.coyote.AbstractProtocol.init Initializing ProtocolHandler ["ajp-apr-8009"]
25-Feb-2019 10:06:10.752 INFO [main] org.apache.catalina.startup.Catalina.load Initialization processed in 2495 ms
25-Feb-2019 10:06:10.799 INFO [main] org.apache.catalina.core.StandardService.startInternal Starting service Catalina
25-Feb-2019 10:06:10.799 INFO [main] org.apache.catalina.core.StandardEngine.startInternal Starting Servlet Engine: Apache Tomcat/8.0.18
25-Feb-2019 10:06:10.830 INFO [localhost-startStop-1] org.apache.catalina.startup.HostConfig.deployDirectory Deploying web application directory F:\DC\04\WEBD-Enterprise\d2\Tomcat8.0\webapps\demo
25-Feb-2019 10:06:11.548 INFO [localhost-startStop-1] org.apache.jasper.servlet.TldScanner.scanJars At least one JAR was scanned for TLDs yet contained no TLDs. Enable debug logging for this logger for a complete list of JARs that were scanned but no TLDs were found in them. Skipping unneeded JARs during scanning can improve startup time and JSP compilation time.
25-Feb-2019 10:06:11.798 INFO [localhost-startStop-1] org.apache.catalina.util.SessionIdGeneratorBase.createSecureRandom Creation of SecureRandom instance for session ID generation using [SHA1PRNG] took [218] milliseconds.
25-Feb-2019 10:06:11.814 INFO [localhost-startStop-1] org.apache.catalina.startup.HostConfig.deployDirectory Deployment of web application directory F:\DC\04\WEBD-Enterprise\d2\Tomcat8.0\webapps\demo has finished in 984 ms
25-Feb-2019 10:06:11.814 INFO [localhost-startStop-1] org.apache.catalina.startup.HostConfig.deployDirectory Deploying web application directory F:\DC\04\WEBD-Enterprise\d2\Tomcat8.0\webapps\demo - Copy
25-Feb-2019 10:06:12.205 INFO [localhost-startStop-1] org.apache.jasper.servlet.TldScanner.scanJars At least one JAR was scanned for TLDs yet contained no TLDs. Enable debug logging for this logger for a complete list of JARs that were scanned but no TLDs were found in them. Skipping unneeded JARs during scanning can improve startup time and JSP compilation time.
25-Feb-2019 10:06:12.205 INFO [localhost-startStop-1] org.apache.catalina.startup.HostConfig.deployDirectory Deployment of web application directory F:\DC\04\WEBD-Enterprise\d2\Tomcat8.0\webapps\demo - Copy has finished in 391 ms
25-Feb-2019 10:06:12.205 INFO [localhost-startStop-1] org.apache.catalina.startup.HostConfig.deployDirectory Deploying web application directory F:\DC\04\WEBD-Enterprise\d2\Tomcat8.0\webapps\docs
25-Feb-2019 10:06:12.408 INFO [localhost-startStop-1] org.apache.jasper.servlet.TldScanner.scanJars At least one JAR was scanned for TLDs yet contained no TLDs. Enable debug logging for this logger for a complete list of JARs that were scanned but no TLDs were found in them. Skipping unneeded JARs during scanning can improve startup time and JSP compilation time.
25-Feb-2019 10:06:12.408 INFO [localhost-startStop-1] org.apache.catalina.startup.HostConfig.deployDirectory Deployment of web application directory F:\DC\04\WEBD-Enterprise\d2\Tomcat8.0\webapps\docs has finished in 203 ms
25-Feb-2019 10:06:12.408 INFO [localhost-startStop-1] org.apache.catalina.startup.HostConfig.deployDirectory Deploying web application directory F:\DC\04\WEBD-Enterprise\d2\Tomcat8.0\webapps\examples
25-Feb-2019 10:06:13.866 INFO [localhost-startStop-1] org.apache.catalina.startup.HostConfig.deployDirectory Deployment of web application directory F:\DC\04\WEBD-Enterprise\d2\Tomcat8.0\webapps\examples has finished in 1,458 ms
25-Feb-2019 10:06:13.866 INFO [localhost-startStop-1] org.apache.catalina.startup.HostConfig.deployDirectory Deploying web application directory F:\DC\04\WEBD-Enterprise\d2\Tomcat8.0\webapps\host-manager
25-Feb-2019 10:06:14.069 INFO [localhost-startStop-1] org.apache.jasper.servlet.TldScanner.scanJars At least one JAR was scanned for TLDs yet contained no TLDs. Enable debug logging for this logger for a complete list of JARs that were scanned but no TLDs were found in them. Skipping unneeded JARs during scanning can improve startup time and JSP compilation time.
25-Feb-2019 10:06:14.069 INFO [localhost-startStop-1] org.apache.catalina.startup.HostConfig.deployDirectory Deployment of web application directory F:\DC\04\WEBD-Enterprise\d2\Tomcat8.0\webapps\host-manager has finished in 203 ms
25-Feb-2019 10:06:14.069 INFO [localhost-startStop-1] org.apache.catalina.startup.HostConfig.deployDirectory Deploying web application directory F:\DC\04\WEBD-Enterprise\d2\Tomcat8.0\webapps\manager
25-Feb-2019 10:06:14.287 INFO [localhost-startStop-1] org.apache.jasper.servlet.TldScanner.scanJars At least one JAR was scanned for TLDs yet contained no TLDs. Enable debug logging for this logger for a complete list of JARs that were scanned but no TLDs were found in them. Skipping unneeded JARs during scanning can improve startup time and JSP compilation time.
25-Feb-2019 10:06:14.287 INFO [localhost-startStop-1] org.apache.catalina.startup.HostConfig.deployDirectory Deployment of web application directory F:\DC\04\WEBD-Enterprise\d2\Tomcat8.0\webapps\manager has finished in 218 ms
25-Feb-2019 10:06:14.287 INFO [localhost-startStop-1] org.apache.catalina.startup.HostConfig.deployDirectory Deploying web application directory F:\DC\04\WEBD-Enterprise\d2\Tomcat8.0\webapps\patelr
25-Feb-2019 10:06:14.537 INFO [localhost-startStop-1] org.apache.jasper.servlet.TldScanner.scanJars At least one JAR was scanned for TLDs yet contained no TLDs. Enable debug logging for this logger for a complete list of JARs that were scanned but no TLDs were found in them. Skipping unneeded JARs during scanning can improve startup time and JSP compilation time.
25-Feb-2019 10:06:14.537 INFO [localhost-startStop-1] org.apache.catalina.startup.HostConfig.deployDirectory Deployment of web application directory F:\DC\04\WEBD-Enterprise\d2\Tomcat8.0\webapps\patelr has finished in 250 ms
25-Feb-2019 10:06:14.537 INFO [localhost-startStop-1] org.apache.catalina.startup.HostConfig.deployDirectory Deploying web application directory F:\DC\04\WEBD-Enterprise\d2\Tomcat8.0\webapps\ROOT
25-Feb-2019 10:06:14.694 INFO [localhost-startStop-1] org.apache.jasper.servlet.TldScanner.scanJars At least one JAR was scanned for TLDs yet contained no TLDs. Enable debug logging for this logger for a complete list of JARs that were scanned but no TLDs were found in them. Skipping unneeded JARs during scanning can improve startup time and JSP compilation time.
25-Feb-2019 10:06:14.709 INFO [localhost-startStop-1] org.apache.catalina.startup.HostConfig.deployDirectory Deployment of web application directory F:\DC\04\WEBD-Enterprise\d2\Tomcat8.0\webapps\ROOT has finished in 172 ms
25-Feb-2019 10:06:14.709 INFO [main] org.apache.coyote.AbstractProtocol.start Starting ProtocolHandler ["http-apr-8080"]
25-Feb-2019 10:06:14.725 INFO [main] org.apache.coyote.AbstractProtocol.start Starting ProtocolHandler ["ajp-apr-8009"]
25-Feb-2019 10:06:14.725 INFO [main] org.apache.catalina.startup.Catalina.start Server startup in 3967 ms
25-Feb-2019 10:27:39.957 INFO [http-apr-8080-exec-6] org.apache.catalina.core.StandardContext.reload Reloading Context with name [/patelr] has started
25-Feb-2019 10:27:40.248 INFO [http-apr-8080-exec-6] org.apache.jasper.servlet.TldScanner.scanJars At least one JAR was scanned for TLDs yet contained no TLDs. Enable debug logging for this logger for a complete list of JARs that were scanned but no TLDs were found in them. Skipping unneeded JARs during scanning can improve startup time and JSP compilation time.
25-Feb-2019 10:27:40.338 INFO [http-apr-8080-exec-6] org.apache.catalina.core.StandardContext.reload Reloading Context with name [/patelr] is completed
