26-Mar-2019 08:40:20.361 INFO [main] org.apache.catalina.startup.VersionLoggerListener.log Server version:        Apache Tomcat/8.0.18
26-Mar-2019 08:40:20.404 INFO [main] org.apache.catalina.startup.VersionLoggerListener.log Server built:          Jan 23 2015 11:56:07 UTC
26-Mar-2019 08:40:20.404 INFO [main] org.apache.catalina.startup.VersionLoggerListener.log Server number:         8.0.18.0
26-Mar-2019 08:40:20.405 INFO [main] org.apache.catalina.startup.VersionLoggerListener.log OS Name:               Windows 10
26-Mar-2019 08:40:20.405 INFO [main] org.apache.catalina.startup.VersionLoggerListener.log OS Version:            10.0
26-Mar-2019 08:40:20.405 INFO [main] org.apache.catalina.startup.VersionLoggerListener.log Architecture:          amd64
26-Mar-2019 08:40:20.405 INFO [main] org.apache.catalina.startup.VersionLoggerListener.log Java Home:             C:\Program Files\Java\jre1.8.0_192
26-Mar-2019 08:40:20.405 INFO [main] org.apache.catalina.startup.VersionLoggerListener.log JVM Version:           1.8.0_192-b12
26-Mar-2019 08:40:20.405 INFO [main] org.apache.catalina.startup.VersionLoggerListener.log JVM Vendor:            Oracle Corporation
26-Mar-2019 08:40:20.406 INFO [main] org.apache.catalina.startup.VersionLoggerListener.log CATALINA_BASE:         F:\DC\04\WEBD-Enterprise\d2\Tomcat8.0
26-Mar-2019 08:40:20.406 INFO [main] org.apache.catalina.startup.VersionLoggerListener.log CATALINA_HOME:         F:\DC\04\WEBD-Enterprise\d2\Tomcat8.0
26-Mar-2019 08:40:20.406 INFO [main] org.apache.catalina.startup.VersionLoggerListener.log Command line argument: -Djava.util.logging.config.file=F:/DC/04/WEBD-Enterprise/d2/Tomcat8.0/conf/logging.properties
26-Mar-2019 08:40:20.406 INFO [main] org.apache.catalina.startup.VersionLoggerListener.log Command line argument: -Djava.util.logging.manager=org.apache.juli.ClassLoaderLogManager
26-Mar-2019 08:40:20.406 INFO [main] org.apache.catalina.startup.VersionLoggerListener.log Command line argument: -Djava.endorsed.dirs=F:/DC/04/WEBD-Enterprise/d2/Tomcat8.0/endorsed
26-Mar-2019 08:40:20.407 INFO [main] org.apache.catalina.startup.VersionLoggerListener.log Command line argument: -Dcatalina.base=F:/DC/04/WEBD-Enterprise/d2/Tomcat8.0
26-Mar-2019 08:40:20.412 INFO [main] org.apache.catalina.startup.VersionLoggerListener.log Command line argument: -Dcatalina.home=F:/DC/04/WEBD-Enterprise/d2/Tomcat8.0
26-Mar-2019 08:40:20.412 INFO [main] org.apache.catalina.startup.VersionLoggerListener.log Command line argument: -Djava.io.tmpdir=F:/DC/04/WEBD-Enterprise/d2/Tomcat8.0/temp
26-Mar-2019 08:40:20.413 INFO [main] org.apache.catalina.core.AprLifecycleListener.lifecycleEvent Loaded APR based Apache Tomcat Native library 1.1.32 using APR version 1.5.1.
26-Mar-2019 08:40:20.413 INFO [main] org.apache.catalina.core.AprLifecycleListener.lifecycleEvent APR capabilities: IPv6 [true], sendfile [true], accept filters [false], random [true].
26-Mar-2019 08:40:21.592 INFO [main] org.apache.catalina.core.AprLifecycleListener.initializeSSL OpenSSL successfully initialized (OpenSSL 1.0.1j 15 Oct 2014)
26-Mar-2019 08:40:24.679 INFO [main] org.apache.coyote.AbstractProtocol.init Initializing ProtocolHandler ["http-apr-8080"]
26-Mar-2019 08:40:24.695 INFO [main] org.apache.coyote.AbstractProtocol.init Initializing ProtocolHandler ["ajp-apr-8009"]
26-Mar-2019 08:40:24.695 INFO [main] org.apache.catalina.startup.Catalina.load Initialization processed in 5017 ms
26-Mar-2019 08:40:24.802 INFO [main] org.apache.catalina.core.StandardService.startInternal Starting service Catalina
26-Mar-2019 08:40:24.802 INFO [main] org.apache.catalina.core.StandardEngine.startInternal Starting Servlet Engine: Apache Tomcat/8.0.18
26-Mar-2019 08:40:24.880 INFO [localhost-startStop-1] org.apache.catalina.startup.HostConfig.deployDirectory Deploying web application directory F:\DC\04\WEBD-Enterprise\d2\Tomcat8.0\webapps\demo
26-Mar-2019 08:40:26.432 INFO [localhost-startStop-1] org.apache.jasper.servlet.TldScanner.scanJars At least one JAR was scanned for TLDs yet contained no TLDs. Enable debug logging for this logger for a complete list of JARs that were scanned but no TLDs were found in them. Skipping unneeded JARs during scanning can improve startup time and JSP compilation time.
26-Mar-2019 08:40:26.786 INFO [localhost-startStop-1] org.apache.catalina.util.SessionIdGeneratorBase.createSecureRandom Creation of SecureRandom instance for session ID generation using [SHA1PRNG] took [288] milliseconds.
26-Mar-2019 08:40:26.826 INFO [localhost-startStop-1] org.apache.catalina.startup.HostConfig.deployDirectory Deployment of web application directory F:\DC\04\WEBD-Enterprise\d2\Tomcat8.0\webapps\demo has finished in 1,945 ms
26-Mar-2019 08:40:26.826 INFO [localhost-startStop-1] org.apache.catalina.startup.HostConfig.deployDirectory Deploying web application directory F:\DC\04\WEBD-Enterprise\d2\Tomcat8.0\webapps\demo - Copy
26-Mar-2019 08:40:27.317 INFO [localhost-startStop-1] org.apache.jasper.servlet.TldScanner.scanJars At least one JAR was scanned for TLDs yet contained no TLDs. Enable debug logging for this logger for a complete list of JARs that were scanned but no TLDs were found in them. Skipping unneeded JARs during scanning can improve startup time and JSP compilation time.
26-Mar-2019 08:40:27.317 INFO [localhost-startStop-1] org.apache.catalina.startup.HostConfig.deployDirectory Deployment of web application directory F:\DC\04\WEBD-Enterprise\d2\Tomcat8.0\webapps\demo - Copy has finished in 491 ms
26-Mar-2019 08:40:27.317 INFO [localhost-startStop-1] org.apache.catalina.startup.HostConfig.deployDirectory Deploying web application directory F:\DC\04\WEBD-Enterprise\d2\Tomcat8.0\webapps\docs
26-Mar-2019 08:40:27.684 INFO [localhost-startStop-1] org.apache.jasper.servlet.TldScanner.scanJars At least one JAR was scanned for TLDs yet contained no TLDs. Enable debug logging for this logger for a complete list of JARs that were scanned but no TLDs were found in them. Skipping unneeded JARs during scanning can improve startup time and JSP compilation time.
26-Mar-2019 08:40:27.689 INFO [localhost-startStop-1] org.apache.catalina.startup.HostConfig.deployDirectory Deployment of web application directory F:\DC\04\WEBD-Enterprise\d2\Tomcat8.0\webapps\docs has finished in 372 ms
26-Mar-2019 08:40:27.689 INFO [localhost-startStop-1] org.apache.catalina.startup.HostConfig.deployDirectory Deploying web application directory F:\DC\04\WEBD-Enterprise\d2\Tomcat8.0\webapps\examples
26-Mar-2019 08:40:29.179 INFO [localhost-startStop-1] org.apache.catalina.startup.HostConfig.deployDirectory Deployment of web application directory F:\DC\04\WEBD-Enterprise\d2\Tomcat8.0\webapps\examples has finished in 1,490 ms
26-Mar-2019 08:40:29.179 INFO [localhost-startStop-1] org.apache.catalina.startup.HostConfig.deployDirectory Deploying web application directory F:\DC\04\WEBD-Enterprise\d2\Tomcat8.0\webapps\host-manager
26-Mar-2019 08:40:29.376 INFO [localhost-startStop-1] org.apache.jasper.servlet.TldScanner.scanJars At least one JAR was scanned for TLDs yet contained no TLDs. Enable debug logging for this logger for a complete list of JARs that were scanned but no TLDs were found in them. Skipping unneeded JARs during scanning can improve startup time and JSP compilation time.
26-Mar-2019 08:40:29.383 INFO [localhost-startStop-1] org.apache.catalina.startup.HostConfig.deployDirectory Deployment of web application directory F:\DC\04\WEBD-Enterprise\d2\Tomcat8.0\webapps\host-manager has finished in 203 ms
26-Mar-2019 08:40:29.383 INFO [localhost-startStop-1] org.apache.catalina.startup.HostConfig.deployDirectory Deploying web application directory F:\DC\04\WEBD-Enterprise\d2\Tomcat8.0\webapps\manager
26-Mar-2019 08:40:29.560 INFO [localhost-startStop-1] org.apache.jasper.servlet.TldScanner.scanJars At least one JAR was scanned for TLDs yet contained no TLDs. Enable debug logging for this logger for a complete list of JARs that were scanned but no TLDs were found in them. Skipping unneeded JARs during scanning can improve startup time and JSP compilation time.
26-Mar-2019 08:40:29.567 INFO [localhost-startStop-1] org.apache.catalina.startup.HostConfig.deployDirectory Deployment of web application directory F:\DC\04\WEBD-Enterprise\d2\Tomcat8.0\webapps\manager has finished in 183 ms
26-Mar-2019 08:40:29.567 INFO [localhost-startStop-1] org.apache.catalina.startup.HostConfig.deployDirectory Deploying web application directory F:\DC\04\WEBD-Enterprise\d2\Tomcat8.0\webapps\patelr
26-Mar-2019 08:40:29.891 INFO [localhost-startStop-1] org.apache.jasper.servlet.TldScanner.scanJars At least one JAR was scanned for TLDs yet contained no TLDs. Enable debug logging for this logger for a complete list of JARs that were scanned but no TLDs were found in them. Skipping unneeded JARs during scanning can improve startup time and JSP compilation time.
26-Mar-2019 08:40:29.895 INFO [localhost-startStop-1] org.apache.catalina.startup.HostConfig.deployDirectory Deployment of web application directory F:\DC\04\WEBD-Enterprise\d2\Tomcat8.0\webapps\patelr has finished in 327 ms
26-Mar-2019 08:40:29.895 INFO [localhost-startStop-1] org.apache.catalina.startup.HostConfig.deployDirectory Deploying web application directory F:\DC\04\WEBD-Enterprise\d2\Tomcat8.0\webapps\ROOT
26-Mar-2019 08:40:30.082 INFO [localhost-startStop-1] org.apache.jasper.servlet.TldScanner.scanJars At least one JAR was scanned for TLDs yet contained no TLDs. Enable debug logging for this logger for a complete list of JARs that were scanned but no TLDs were found in them. Skipping unneeded JARs during scanning can improve startup time and JSP compilation time.
26-Mar-2019 08:40:30.113 INFO [localhost-startStop-1] org.apache.catalina.startup.HostConfig.deployDirectory Deployment of web application directory F:\DC\04\WEBD-Enterprise\d2\Tomcat8.0\webapps\ROOT has finished in 189 ms
26-Mar-2019 08:40:30.136 INFO [main] org.apache.coyote.AbstractProtocol.start Starting ProtocolHandler ["http-apr-8080"]
26-Mar-2019 08:40:30.146 INFO [main] org.apache.coyote.AbstractProtocol.start Starting ProtocolHandler ["ajp-apr-8009"]
26-Mar-2019 08:40:30.147 INFO [main] org.apache.catalina.startup.Catalina.start Server startup in 5449 ms
26-Mar-2019 11:23:26.818 INFO [http-apr-8080-exec-4] org.apache.catalina.core.StandardContext.reload Reloading Context with name [/patelr] has started
26-Mar-2019 11:23:27.330 INFO [http-apr-8080-exec-4] org.apache.jasper.servlet.TldScanner.scanJars At least one JAR was scanned for TLDs yet contained no TLDs. Enable debug logging for this logger for a complete list of JARs that were scanned but no TLDs were found in them. Skipping unneeded JARs during scanning can improve startup time and JSP compilation time.
26-Mar-2019 11:23:27.470 INFO [http-apr-8080-exec-4] org.apache.catalina.core.StandardContext.reload Reloading Context with name [/patelr] is completed
26-Mar-2019 11:24:37.438 INFO [http-apr-8080-exec-13] org.apache.catalina.core.StandardContext.reload Reloading Context with name [/patelr] has started
26-Mar-2019 11:24:37.758 INFO [http-apr-8080-exec-13] org.apache.jasper.servlet.TldScanner.scanJars At least one JAR was scanned for TLDs yet contained no TLDs. Enable debug logging for this logger for a complete list of JARs that were scanned but no TLDs were found in them. Skipping unneeded JARs during scanning can improve startup time and JSP compilation time.
26-Mar-2019 11:24:37.766 INFO [http-apr-8080-exec-13] org.apache.catalina.core.StandardContext.reload Reloading Context with name [/patelr] is completed
26-Mar-2019 11:25:26.638 INFO [http-apr-8080-exec-13] org.apache.catalina.core.StandardContext.reload Reloading Context with name [/patelr] has started
26-Mar-2019 11:25:26.834 INFO [http-apr-8080-exec-13] org.apache.jasper.servlet.TldScanner.scanJars At least one JAR was scanned for TLDs yet contained no TLDs. Enable debug logging for this logger for a complete list of JARs that were scanned but no TLDs were found in them. Skipping unneeded JARs during scanning can improve startup time and JSP compilation time.
26-Mar-2019 11:25:26.838 INFO [http-apr-8080-exec-13] org.apache.catalina.core.StandardContext.reload Reloading Context with name [/patelr] is completed
26-Mar-2019 11:30:43.164 INFO [http-apr-8080-exec-27] org.apache.catalina.core.StandardContext.reload Reloading Context with name [/patelr] has started
26-Mar-2019 11:30:43.332 INFO [http-apr-8080-exec-27] org.apache.jasper.servlet.TldScanner.scanJars At least one JAR was scanned for TLDs yet contained no TLDs. Enable debug logging for this logger for a complete list of JARs that were scanned but no TLDs were found in them. Skipping unneeded JARs during scanning can improve startup time and JSP compilation time.
26-Mar-2019 11:30:43.336 INFO [http-apr-8080-exec-27] org.apache.catalina.core.StandardContext.reload Reloading Context with name [/patelr] is completed
26-Mar-2019 12:00:43.283 INFO [http-apr-8080-exec-37] org.apache.catalina.core.StandardContext.reload Reloading Context with name [/patelr] has started
26-Mar-2019 12:00:43.527 INFO [http-apr-8080-exec-37] org.apache.jasper.servlet.TldScanner.scanJars At least one JAR was scanned for TLDs yet contained no TLDs. Enable debug logging for this logger for a complete list of JARs that were scanned but no TLDs were found in them. Skipping unneeded JARs during scanning can improve startup time and JSP compilation time.
26-Mar-2019 12:00:43.539 INFO [http-apr-8080-exec-37] org.apache.catalina.core.StandardContext.reload Reloading Context with name [/patelr] is completed
26-Mar-2019 12:00:46.558 INFO [http-apr-8080-exec-42] org.apache.catalina.core.StandardContext.reload Reloading Context with name [/patelr] has started
26-Mar-2019 12:00:46.726 INFO [http-apr-8080-exec-42] org.apache.jasper.servlet.TldScanner.scanJars At least one JAR was scanned for TLDs yet contained no TLDs. Enable debug logging for this logger for a complete list of JARs that were scanned but no TLDs were found in them. Skipping unneeded JARs during scanning can improve startup time and JSP compilation time.
26-Mar-2019 12:00:46.737 INFO [http-apr-8080-exec-42] org.apache.catalina.core.StandardContext.reload Reloading Context with name [/patelr] is completed
26-Mar-2019 12:05:03.722 INFO [http-apr-8080-exec-48] org.apache.catalina.core.StandardContext.reload Reloading Context with name [/patelr] has started
26-Mar-2019 12:05:03.886 INFO [http-apr-8080-exec-48] org.apache.jasper.servlet.TldScanner.scanJars At least one JAR was scanned for TLDs yet contained no TLDs. Enable debug logging for this logger for a complete list of JARs that were scanned but no TLDs were found in them. Skipping unneeded JARs during scanning can improve startup time and JSP compilation time.
26-Mar-2019 12:05:03.890 INFO [http-apr-8080-exec-48] org.apache.catalina.core.StandardContext.reload Reloading Context with name [/patelr] is completed
26-Mar-2019 12:13:10.212 INFO [http-apr-8080-exec-61] org.apache.catalina.core.StandardContext.reload Reloading Context with name [/patelr] has started
26-Mar-2019 12:13:10.408 INFO [http-apr-8080-exec-61] org.apache.jasper.servlet.TldScanner.scanJars At least one JAR was scanned for TLDs yet contained no TLDs. Enable debug logging for this logger for a complete list of JARs that were scanned but no TLDs were found in them. Skipping unneeded JARs during scanning can improve startup time and JSP compilation time.
26-Mar-2019 12:13:10.412 INFO [http-apr-8080-exec-61] org.apache.catalina.core.StandardContext.reload Reloading Context with name [/patelr] is completed
26-Mar-2019 12:13:15.672 INFO [http-apr-8080-exec-56] org.apache.catalina.core.StandardContext.reload Reloading Context with name [/patelr] has started
26-Mar-2019 12:13:15.816 INFO [http-apr-8080-exec-56] org.apache.jasper.servlet.TldScanner.scanJars At least one JAR was scanned for TLDs yet contained no TLDs. Enable debug logging for this logger for a complete list of JARs that were scanned but no TLDs were found in them. Skipping unneeded JARs during scanning can improve startup time and JSP compilation time.
26-Mar-2019 12:13:15.820 INFO [http-apr-8080-exec-56] org.apache.catalina.core.StandardContext.reload Reloading Context with name [/patelr] is completed
26-Mar-2019 12:23:23.351 INFO [http-apr-8080-exec-69] org.apache.catalina.core.StandardContext.reload Reloading Context with name [/patelr] has started
26-Mar-2019 12:23:23.487 INFO [http-apr-8080-exec-69] org.apache.jasper.servlet.TldScanner.scanJars At least one JAR was scanned for TLDs yet contained no TLDs. Enable debug logging for this logger for a complete list of JARs that were scanned but no TLDs were found in them. Skipping unneeded JARs during scanning can improve startup time and JSP compilation time.
26-Mar-2019 12:23:23.491 INFO [http-apr-8080-exec-69] org.apache.catalina.core.StandardContext.reload Reloading Context with name [/patelr] is completed
26-Mar-2019 12:31:00.286 INFO [http-apr-8080-exec-79] org.apache.catalina.core.StandardContext.reload Reloading Context with name [/patelr] has started
26-Mar-2019 12:31:00.478 INFO [http-apr-8080-exec-79] org.apache.jasper.servlet.TldScanner.scanJars At least one JAR was scanned for TLDs yet contained no TLDs. Enable debug logging for this logger for a complete list of JARs that were scanned but no TLDs were found in them. Skipping unneeded JARs during scanning can improve startup time and JSP compilation time.
26-Mar-2019 12:31:00.482 INFO [http-apr-8080-exec-79] org.apache.catalina.core.StandardContext.reload Reloading Context with name [/patelr] is completed
26-Mar-2019 12:31:02.883 INFO [http-apr-8080-exec-78] org.apache.catalina.core.StandardContext.reload Reloading Context with name [/patelr] has started
26-Mar-2019 12:31:03.055 INFO [http-apr-8080-exec-78] org.apache.jasper.servlet.TldScanner.scanJars At least one JAR was scanned for TLDs yet contained no TLDs. Enable debug logging for this logger for a complete list of JARs that were scanned but no TLDs were found in them. Skipping unneeded JARs during scanning can improve startup time and JSP compilation time.
26-Mar-2019 12:31:03.059 INFO [http-apr-8080-exec-78] org.apache.catalina.core.StandardContext.reload Reloading Context with name [/patelr] is completed
26-Mar-2019 12:35:17.253 INFO [http-apr-8080-exec-90] org.apache.catalina.core.StandardContext.reload Reloading Context with name [/patelr] has started
26-Mar-2019 12:35:17.409 INFO [http-apr-8080-exec-90] org.apache.jasper.servlet.TldScanner.scanJars At least one JAR was scanned for TLDs yet contained no TLDs. Enable debug logging for this logger for a complete list of JARs that were scanned but no TLDs were found in them. Skipping unneeded JARs during scanning can improve startup time and JSP compilation time.
26-Mar-2019 12:35:17.413 INFO [http-apr-8080-exec-90] org.apache.catalina.core.StandardContext.reload Reloading Context with name [/patelr] is completed
26-Mar-2019 12:36:54.826 INFO [http-apr-8080-exec-100] org.apache.catalina.core.StandardContext.reload Reloading Context with name [/patelr] has started
26-Mar-2019 12:36:54.962 INFO [http-apr-8080-exec-100] org.apache.jasper.servlet.TldScanner.scanJars At least one JAR was scanned for TLDs yet contained no TLDs. Enable debug logging for this logger for a complete list of JARs that were scanned but no TLDs were found in them. Skipping unneeded JARs during scanning can improve startup time and JSP compilation time.
26-Mar-2019 12:36:54.966 INFO [http-apr-8080-exec-100] org.apache.catalina.core.StandardContext.reload Reloading Context with name [/patelr] is completed
26-Mar-2019 12:53:39.490 INFO [http-apr-8080-exec-108] org.apache.catalina.core.StandardContext.reload Reloading Context with name [/patelr] has started
26-Mar-2019 12:53:39.690 INFO [http-apr-8080-exec-108] org.apache.jasper.servlet.TldScanner.scanJars At least one JAR was scanned for TLDs yet contained no TLDs. Enable debug logging for this logger for a complete list of JARs that were scanned but no TLDs were found in them. Skipping unneeded JARs during scanning can improve startup time and JSP compilation time.
26-Mar-2019 12:53:39.694 INFO [http-apr-8080-exec-108] org.apache.catalina.core.StandardContext.reload Reloading Context with name [/patelr] is completed
26-Mar-2019 12:55:32.177 INFO [http-apr-8080-exec-118] org.apache.catalina.core.StandardContext.reload Reloading Context with name [/patelr] has started
26-Mar-2019 12:55:32.377 INFO [http-apr-8080-exec-118] org.apache.jasper.servlet.TldScanner.scanJars At least one JAR was scanned for TLDs yet contained no TLDs. Enable debug logging for this logger for a complete list of JARs that were scanned but no TLDs were found in them. Skipping unneeded JARs during scanning can improve startup time and JSP compilation time.
26-Mar-2019 12:55:32.381 INFO [http-apr-8080-exec-118] org.apache.catalina.core.StandardContext.reload Reloading Context with name [/patelr] is completed
