11-Mar-2019 08:28:15.570 INFO [main] org.apache.catalina.startup.VersionLoggerListener.log Server version:        Apache Tomcat/8.0.18
11-Mar-2019 08:28:15.586 INFO [main] org.apache.catalina.startup.VersionLoggerListener.log Server built:          Jan 23 2015 11:56:07 UTC
11-Mar-2019 08:28:15.586 INFO [main] org.apache.catalina.startup.VersionLoggerListener.log Server number:         8.0.18.0
11-Mar-2019 08:28:15.586 INFO [main] org.apache.catalina.startup.VersionLoggerListener.log OS Name:               Windows 10
11-Mar-2019 08:28:15.586 INFO [main] org.apache.catalina.startup.VersionLoggerListener.log OS Version:            10.0
11-Mar-2019 08:28:15.586 INFO [main] org.apache.catalina.startup.VersionLoggerListener.log Architecture:          amd64
11-Mar-2019 08:28:15.586 INFO [main] org.apache.catalina.startup.VersionLoggerListener.log Java Home:             C:\Program Files\Java\jre1.8.0_192
11-Mar-2019 08:28:15.586 INFO [main] org.apache.catalina.startup.VersionLoggerListener.log JVM Version:           1.8.0_192-b12
11-Mar-2019 08:28:15.586 INFO [main] org.apache.catalina.startup.VersionLoggerListener.log JVM Vendor:            Oracle Corporation
11-Mar-2019 08:28:15.586 INFO [main] org.apache.catalina.startup.VersionLoggerListener.log CATALINA_BASE:         F:\DC\04\WEBD-Enterprise\d2\Tomcat8.0
11-Mar-2019 08:28:15.586 INFO [main] org.apache.catalina.startup.VersionLoggerListener.log CATALINA_HOME:         F:\DC\04\WEBD-Enterprise\d2\Tomcat8.0
11-Mar-2019 08:28:15.586 INFO [main] org.apache.catalina.startup.VersionLoggerListener.log Command line argument: -Djava.util.logging.config.file=F:/DC/04/WEBD-Enterprise/d2/Tomcat8.0/conf/logging.properties
11-Mar-2019 08:28:15.586 INFO [main] org.apache.catalina.startup.VersionLoggerListener.log Command line argument: -Djava.util.logging.manager=org.apache.juli.ClassLoaderLogManager
11-Mar-2019 08:28:15.586 INFO [main] org.apache.catalina.startup.VersionLoggerListener.log Command line argument: -Djava.endorsed.dirs=F:/DC/04/WEBD-Enterprise/d2/Tomcat8.0/endorsed
11-Mar-2019 08:28:15.586 INFO [main] org.apache.catalina.startup.VersionLoggerListener.log Command line argument: -Dcatalina.base=F:/DC/04/WEBD-Enterprise/d2/Tomcat8.0
11-Mar-2019 08:28:15.586 INFO [main] org.apache.catalina.startup.VersionLoggerListener.log Command line argument: -Dcatalina.home=F:/DC/04/WEBD-Enterprise/d2/Tomcat8.0
11-Mar-2019 08:28:15.586 INFO [main] org.apache.catalina.startup.VersionLoggerListener.log Command line argument: -Djava.io.tmpdir=F:/DC/04/WEBD-Enterprise/d2/Tomcat8.0/temp
11-Mar-2019 08:28:15.586 INFO [main] org.apache.catalina.core.AprLifecycleListener.lifecycleEvent Loaded APR based Apache Tomcat Native library 1.1.32 using APR version 1.5.1.
11-Mar-2019 08:28:15.586 INFO [main] org.apache.catalina.core.AprLifecycleListener.lifecycleEvent APR capabilities: IPv6 [true], sendfile [true], accept filters [false], random [true].
11-Mar-2019 08:28:16.743 INFO [main] org.apache.catalina.core.AprLifecycleListener.initializeSSL OpenSSL successfully initialized (OpenSSL 1.0.1j 15 Oct 2014)
11-Mar-2019 08:28:16.962 INFO [main] org.apache.coyote.AbstractProtocol.init Initializing ProtocolHandler ["http-apr-8080"]
11-Mar-2019 08:28:16.962 INFO [main] org.apache.coyote.AbstractProtocol.init Initializing ProtocolHandler ["ajp-apr-8009"]
11-Mar-2019 08:28:16.977 INFO [main] org.apache.catalina.startup.Catalina.load Initialization processed in 2309 ms
11-Mar-2019 08:28:17.024 INFO [main] org.apache.catalina.core.StandardService.startInternal Starting service Catalina
11-Mar-2019 08:28:17.024 INFO [main] org.apache.catalina.core.StandardEngine.startInternal Starting Servlet Engine: Apache Tomcat/8.0.18
11-Mar-2019 08:28:17.040 INFO [localhost-startStop-1] org.apache.catalina.startup.HostConfig.deployDirectory Deploying web application directory F:\DC\04\WEBD-Enterprise\d2\Tomcat8.0\webapps\demo
11-Mar-2019 08:28:17.915 INFO [localhost-startStop-1] org.apache.jasper.servlet.TldScanner.scanJars At least one JAR was scanned for TLDs yet contained no TLDs. Enable debug logging for this logger for a complete list of JARs that were scanned but no TLDs were found in them. Skipping unneeded JARs during scanning can improve startup time and JSP compilation time.
11-Mar-2019 08:28:18.227 INFO [localhost-startStop-1] org.apache.catalina.util.SessionIdGeneratorBase.createSecureRandom Creation of SecureRandom instance for session ID generation using [SHA1PRNG] took [265] milliseconds.
11-Mar-2019 08:28:18.274 INFO [localhost-startStop-1] org.apache.catalina.startup.HostConfig.deployDirectory Deployment of web application directory F:\DC\04\WEBD-Enterprise\d2\Tomcat8.0\webapps\demo has finished in 1,234 ms
11-Mar-2019 08:28:18.274 INFO [localhost-startStop-1] org.apache.catalina.startup.HostConfig.deployDirectory Deploying web application directory F:\DC\04\WEBD-Enterprise\d2\Tomcat8.0\webapps\demo - Copy
11-Mar-2019 08:28:18.868 INFO [localhost-startStop-1] org.apache.jasper.servlet.TldScanner.scanJars At least one JAR was scanned for TLDs yet contained no TLDs. Enable debug logging for this logger for a complete list of JARs that were scanned but no TLDs were found in them. Skipping unneeded JARs during scanning can improve startup time and JSP compilation time.
11-Mar-2019 08:28:18.868 INFO [localhost-startStop-1] org.apache.catalina.startup.HostConfig.deployDirectory Deployment of web application directory F:\DC\04\WEBD-Enterprise\d2\Tomcat8.0\webapps\demo - Copy has finished in 594 ms
11-Mar-2019 08:28:18.868 INFO [localhost-startStop-1] org.apache.catalina.startup.HostConfig.deployDirectory Deploying web application directory F:\DC\04\WEBD-Enterprise\d2\Tomcat8.0\webapps\docs
11-Mar-2019 08:28:19.102 INFO [localhost-startStop-1] org.apache.jasper.servlet.TldScanner.scanJars At least one JAR was scanned for TLDs yet contained no TLDs. Enable debug logging for this logger for a complete list of JARs that were scanned but no TLDs were found in them. Skipping unneeded JARs during scanning can improve startup time and JSP compilation time.
11-Mar-2019 08:28:19.118 INFO [localhost-startStop-1] org.apache.catalina.startup.HostConfig.deployDirectory Deployment of web application directory F:\DC\04\WEBD-Enterprise\d2\Tomcat8.0\webapps\docs has finished in 250 ms
11-Mar-2019 08:28:19.118 INFO [localhost-startStop-1] org.apache.catalina.startup.HostConfig.deployDirectory Deploying web application directory F:\DC\04\WEBD-Enterprise\d2\Tomcat8.0\webapps\examples
11-Mar-2019 08:28:21.071 INFO [localhost-startStop-1] org.apache.catalina.startup.HostConfig.deployDirectory Deployment of web application directory F:\DC\04\WEBD-Enterprise\d2\Tomcat8.0\webapps\examples has finished in 1,953 ms
11-Mar-2019 08:28:21.071 INFO [localhost-startStop-1] org.apache.catalina.startup.HostConfig.deployDirectory Deploying web application directory F:\DC\04\WEBD-Enterprise\d2\Tomcat8.0\webapps\host-manager
11-Mar-2019 08:28:21.305 INFO [localhost-startStop-1] org.apache.jasper.servlet.TldScanner.scanJars At least one JAR was scanned for TLDs yet contained no TLDs. Enable debug logging for this logger for a complete list of JARs that were scanned but no TLDs were found in them. Skipping unneeded JARs during scanning can improve startup time and JSP compilation time.
11-Mar-2019 08:28:21.305 INFO [localhost-startStop-1] org.apache.catalina.startup.HostConfig.deployDirectory Deployment of web application directory F:\DC\04\WEBD-Enterprise\d2\Tomcat8.0\webapps\host-manager has finished in 234 ms
11-Mar-2019 08:28:21.305 INFO [localhost-startStop-1] org.apache.catalina.startup.HostConfig.deployDirectory Deploying web application directory F:\DC\04\WEBD-Enterprise\d2\Tomcat8.0\webapps\manager
11-Mar-2019 08:28:21.602 INFO [localhost-startStop-1] org.apache.jasper.servlet.TldScanner.scanJars At least one JAR was scanned for TLDs yet contained no TLDs. Enable debug logging for this logger for a complete list of JARs that were scanned but no TLDs were found in them. Skipping unneeded JARs during scanning can improve startup time and JSP compilation time.
11-Mar-2019 08:28:21.618 INFO [localhost-startStop-1] org.apache.catalina.startup.HostConfig.deployDirectory Deployment of web application directory F:\DC\04\WEBD-Enterprise\d2\Tomcat8.0\webapps\manager has finished in 313 ms
11-Mar-2019 08:28:21.618 INFO [localhost-startStop-1] org.apache.catalina.startup.HostConfig.deployDirectory Deploying web application directory F:\DC\04\WEBD-Enterprise\d2\Tomcat8.0\webapps\patelr
11-Mar-2019 08:28:21.916 INFO [localhost-startStop-1] org.apache.jasper.servlet.TldScanner.scanJars At least one JAR was scanned for TLDs yet contained no TLDs. Enable debug logging for this logger for a complete list of JARs that were scanned but no TLDs were found in them. Skipping unneeded JARs during scanning can improve startup time and JSP compilation time.
11-Mar-2019 08:28:21.916 INFO [localhost-startStop-1] org.apache.catalina.startup.HostConfig.deployDirectory Deployment of web application directory F:\DC\04\WEBD-Enterprise\d2\Tomcat8.0\webapps\patelr has finished in 298 ms
11-Mar-2019 08:28:21.916 INFO [localhost-startStop-1] org.apache.catalina.startup.HostConfig.deployDirectory Deploying web application directory F:\DC\04\WEBD-Enterprise\d2\Tomcat8.0\webapps\ROOT
11-Mar-2019 08:28:22.135 INFO [localhost-startStop-1] org.apache.jasper.servlet.TldScanner.scanJars At least one JAR was scanned for TLDs yet contained no TLDs. Enable debug logging for this logger for a complete list of JARs that were scanned but no TLDs were found in them. Skipping unneeded JARs during scanning can improve startup time and JSP compilation time.
11-Mar-2019 08:28:22.135 INFO [localhost-startStop-1] org.apache.catalina.startup.HostConfig.deployDirectory Deployment of web application directory F:\DC\04\WEBD-Enterprise\d2\Tomcat8.0\webapps\ROOT has finished in 219 ms
11-Mar-2019 08:28:22.150 INFO [main] org.apache.coyote.AbstractProtocol.start Starting ProtocolHandler ["http-apr-8080"]
11-Mar-2019 08:28:22.150 INFO [main] org.apache.coyote.AbstractProtocol.start Starting ProtocolHandler ["ajp-apr-8009"]
11-Mar-2019 08:28:22.166 INFO [main] org.apache.catalina.startup.Catalina.start Server startup in 5188 ms
11-Mar-2019 10:16:43.170 INFO [ContainerBackgroundProcessor[StandardEngine[Catalina]]] org.apache.catalina.startup.HostConfig.reload Reloading context [/patelr]
11-Mar-2019 10:16:43.170 INFO [ContainerBackgroundProcessor[StandardEngine[Catalina]]] org.apache.catalina.core.StandardContext.reload Reloading Context with name [/patelr] has started
11-Mar-2019 10:16:43.544 INFO [ContainerBackgroundProcessor[StandardEngine[Catalina]]] org.apache.jasper.servlet.TldScanner.scanJars At least one JAR was scanned for TLDs yet contained no TLDs. Enable debug logging for this logger for a complete list of JARs that were scanned but no TLDs were found in them. Skipping unneeded JARs during scanning can improve startup time and JSP compilation time.
11-Mar-2019 10:16:43.560 INFO [ContainerBackgroundProcessor[StandardEngine[Catalina]]] org.apache.catalina.core.StandardContext.reload Reloading Context with name [/patelr] is completed
11-Mar-2019 10:16:53.567 INFO [ContainerBackgroundProcessor[StandardEngine[Catalina]]] org.apache.catalina.startup.HostConfig.reload Reloading context [/patelr]
11-Mar-2019 10:16:53.567 INFO [ContainerBackgroundProcessor[StandardEngine[Catalina]]] org.apache.catalina.core.StandardContext.reload Reloading Context with name [/patelr] has started
11-Mar-2019 10:16:53.723 INFO [ContainerBackgroundProcessor[StandardEngine[Catalina]]] org.apache.jasper.servlet.TldScanner.scanJars At least one JAR was scanned for TLDs yet contained no TLDs. Enable debug logging for this logger for a complete list of JARs that were scanned but no TLDs were found in them. Skipping unneeded JARs during scanning can improve startup time and JSP compilation time.
11-Mar-2019 10:16:53.723 INFO [ContainerBackgroundProcessor[StandardEngine[Catalina]]] org.apache.catalina.core.StandardContext.reload Reloading Context with name [/patelr] is completed
11-Mar-2019 11:40:29.497 INFO [http-apr-8080-exec-4] org.apache.catalina.core.StandardContext.reload Reloading Context with name [/patelr] has started
11-Mar-2019 11:40:29.941 INFO [http-apr-8080-exec-4] org.apache.jasper.servlet.TldScanner.scanJars At least one JAR was scanned for TLDs yet contained no TLDs. Enable debug logging for this logger for a complete list of JARs that were scanned but no TLDs were found in them. Skipping unneeded JARs during scanning can improve startup time and JSP compilation time.
11-Mar-2019 11:40:29.953 INFO [http-apr-8080-exec-4] org.apache.catalina.core.StandardContext.reload Reloading Context with name [/patelr] is completed
