10-Apr-2019 12:44:37.683 INFO [main] org.apache.catalina.startup.VersionLoggerListener.log Server version:        Apache Tomcat/8.0.18
10-Apr-2019 12:44:37.699 INFO [main] org.apache.catalina.startup.VersionLoggerListener.log Server built:          Jan 23 2015 11:56:07 UTC
10-Apr-2019 12:44:37.699 INFO [main] org.apache.catalina.startup.VersionLoggerListener.log Server number:         8.0.18.0
10-Apr-2019 12:44:37.699 INFO [main] org.apache.catalina.startup.VersionLoggerListener.log OS Name:               Windows 10
10-Apr-2019 12:44:37.699 INFO [main] org.apache.catalina.startup.VersionLoggerListener.log OS Version:            10.0
10-Apr-2019 12:44:37.703 INFO [main] org.apache.catalina.startup.VersionLoggerListener.log Architecture:          amd64
10-Apr-2019 12:44:37.703 INFO [main] org.apache.catalina.startup.VersionLoggerListener.log Java Home:             C:\Program Files\Java\jre1.8.0_192
10-Apr-2019 12:44:37.703 INFO [main] org.apache.catalina.startup.VersionLoggerListener.log JVM Version:           1.8.0_192-b12
10-Apr-2019 12:44:37.703 INFO [main] org.apache.catalina.startup.VersionLoggerListener.log JVM Vendor:            Oracle Corporation
10-Apr-2019 12:44:37.703 INFO [main] org.apache.catalina.startup.VersionLoggerListener.log CATALINA_BASE:         F:\DC\04\WEBD-Enterprise\d2\Tomcat8.0
10-Apr-2019 12:44:37.703 INFO [main] org.apache.catalina.startup.VersionLoggerListener.log CATALINA_HOME:         F:\DC\04\WEBD-Enterprise\d2\Tomcat8.0
10-Apr-2019 12:44:37.703 INFO [main] org.apache.catalina.startup.VersionLoggerListener.log Command line argument: -Djava.util.logging.config.file=F:/DC/04/WEBD-Enterprise/d2/Tomcat8.0/conf/logging.properties
10-Apr-2019 12:44:37.703 INFO [main] org.apache.catalina.startup.VersionLoggerListener.log Command line argument: -Djava.util.logging.manager=org.apache.juli.ClassLoaderLogManager
10-Apr-2019 12:44:37.703 INFO [main] org.apache.catalina.startup.VersionLoggerListener.log Command line argument: -Djava.endorsed.dirs=F:/DC/04/WEBD-Enterprise/d2/Tomcat8.0/endorsed
10-Apr-2019 12:44:37.703 INFO [main] org.apache.catalina.startup.VersionLoggerListener.log Command line argument: -Dcatalina.base=F:/DC/04/WEBD-Enterprise/d2/Tomcat8.0
10-Apr-2019 12:44:37.707 INFO [main] org.apache.catalina.startup.VersionLoggerListener.log Command line argument: -Dcatalina.home=F:/DC/04/WEBD-Enterprise/d2/Tomcat8.0
10-Apr-2019 12:44:37.707 INFO [main] org.apache.catalina.startup.VersionLoggerListener.log Command line argument: -Djava.io.tmpdir=F:/DC/04/WEBD-Enterprise/d2/Tomcat8.0/temp
10-Apr-2019 12:44:37.707 INFO [main] org.apache.catalina.core.AprLifecycleListener.lifecycleEvent Loaded APR based Apache Tomcat Native library 1.1.32 using APR version 1.5.1.
10-Apr-2019 12:44:37.711 INFO [main] org.apache.catalina.core.AprLifecycleListener.lifecycleEvent APR capabilities: IPv6 [true], sendfile [true], accept filters [false], random [true].
10-Apr-2019 12:44:38.880 INFO [main] org.apache.catalina.core.AprLifecycleListener.initializeSSL OpenSSL successfully initialized (OpenSSL 1.0.1j 15 Oct 2014)
10-Apr-2019 12:44:39.051 INFO [main] org.apache.coyote.AbstractProtocol.init Initializing ProtocolHandler ["http-apr-8080"]
10-Apr-2019 12:44:39.060 INFO [main] org.apache.coyote.AbstractProtocol.init Initializing ProtocolHandler ["ajp-apr-8009"]
10-Apr-2019 12:44:39.060 INFO [main] org.apache.catalina.startup.Catalina.load Initialization processed in 2164 ms
10-Apr-2019 12:44:39.101 INFO [main] org.apache.catalina.core.StandardService.startInternal Starting service Catalina
10-Apr-2019 12:44:39.101 INFO [main] org.apache.catalina.core.StandardEngine.startInternal Starting Servlet Engine: Apache Tomcat/8.0.18
10-Apr-2019 12:44:39.116 INFO [localhost-startStop-1] org.apache.catalina.startup.HostConfig.deployDirectory Deploying web application directory F:\DC\04\WEBD-Enterprise\d2\Tomcat8.0\webapps\demo
10-Apr-2019 12:44:40.210 INFO [localhost-startStop-1] org.apache.jasper.servlet.TldScanner.scanJars At least one JAR was scanned for TLDs yet contained no TLDs. Enable debug logging for this logger for a complete list of JARs that were scanned but no TLDs were found in them. Skipping unneeded JARs during scanning can improve startup time and JSP compilation time.
10-Apr-2019 12:44:40.446 INFO [localhost-startStop-1] org.apache.catalina.util.SessionIdGeneratorBase.createSecureRandom Creation of SecureRandom instance for session ID generation using [SHA1PRNG] took [192] milliseconds.
10-Apr-2019 12:44:40.466 INFO [localhost-startStop-1] org.apache.catalina.startup.HostConfig.deployDirectory Deployment of web application directory F:\DC\04\WEBD-Enterprise\d2\Tomcat8.0\webapps\demo has finished in 1,350 ms
10-Apr-2019 12:44:40.470 INFO [localhost-startStop-1] org.apache.catalina.startup.HostConfig.deployDirectory Deploying web application directory F:\DC\04\WEBD-Enterprise\d2\Tomcat8.0\webapps\demo - Copy
10-Apr-2019 12:44:41.128 INFO [localhost-startStop-1] org.apache.jasper.servlet.TldScanner.scanJars At least one JAR was scanned for TLDs yet contained no TLDs. Enable debug logging for this logger for a complete list of JARs that were scanned but no TLDs were found in them. Skipping unneeded JARs during scanning can improve startup time and JSP compilation time.
10-Apr-2019 12:44:41.132 INFO [localhost-startStop-1] org.apache.catalina.startup.HostConfig.deployDirectory Deployment of web application directory F:\DC\04\WEBD-Enterprise\d2\Tomcat8.0\webapps\demo - Copy has finished in 662 ms
10-Apr-2019 12:44:41.136 INFO [localhost-startStop-1] org.apache.catalina.startup.HostConfig.deployDirectory Deploying web application directory F:\DC\04\WEBD-Enterprise\d2\Tomcat8.0\webapps\docs
10-Apr-2019 12:44:41.466 INFO [localhost-startStop-1] org.apache.jasper.servlet.TldScanner.scanJars At least one JAR was scanned for TLDs yet contained no TLDs. Enable debug logging for this logger for a complete list of JARs that were scanned but no TLDs were found in them. Skipping unneeded JARs during scanning can improve startup time and JSP compilation time.
10-Apr-2019 12:44:41.470 INFO [localhost-startStop-1] org.apache.catalina.startup.HostConfig.deployDirectory Deployment of web application directory F:\DC\04\WEBD-Enterprise\d2\Tomcat8.0\webapps\docs has finished in 334 ms
10-Apr-2019 12:44:41.470 INFO [localhost-startStop-1] org.apache.catalina.startup.HostConfig.deployDirectory Deploying web application directory F:\DC\04\WEBD-Enterprise\d2\Tomcat8.0\webapps\examples
10-Apr-2019 12:44:43.746 INFO [localhost-startStop-1] org.apache.catalina.startup.HostConfig.deployDirectory Deployment of web application directory F:\DC\04\WEBD-Enterprise\d2\Tomcat8.0\webapps\examples has finished in 2,276 ms
10-Apr-2019 12:44:43.746 INFO [localhost-startStop-1] org.apache.catalina.startup.HostConfig.deployDirectory Deploying web application directory F:\DC\04\WEBD-Enterprise\d2\Tomcat8.0\webapps\gg
10-Apr-2019 12:44:44.409 INFO [localhost-startStop-1] org.apache.jasper.servlet.TldScanner.scanJars At least one JAR was scanned for TLDs yet contained no TLDs. Enable debug logging for this logger for a complete list of JARs that were scanned but no TLDs were found in them. Skipping unneeded JARs during scanning can improve startup time and JSP compilation time.
10-Apr-2019 12:44:44.417 INFO [localhost-startStop-1] org.apache.catalina.startup.HostConfig.deployDirectory Deployment of web application directory F:\DC\04\WEBD-Enterprise\d2\Tomcat8.0\webapps\gg has finished in 671 ms
10-Apr-2019 12:44:44.417 INFO [localhost-startStop-1] org.apache.catalina.startup.HostConfig.deployDirectory Deploying web application directory F:\DC\04\WEBD-Enterprise\d2\Tomcat8.0\webapps\host-manager
10-Apr-2019 12:44:44.891 INFO [localhost-startStop-1] org.apache.jasper.servlet.TldScanner.scanJars At least one JAR was scanned for TLDs yet contained no TLDs. Enable debug logging for this logger for a complete list of JARs that were scanned but no TLDs were found in them. Skipping unneeded JARs during scanning can improve startup time and JSP compilation time.
10-Apr-2019 12:44:44.899 INFO [localhost-startStop-1] org.apache.catalina.startup.HostConfig.deployDirectory Deployment of web application directory F:\DC\04\WEBD-Enterprise\d2\Tomcat8.0\webapps\host-manager has finished in 482 ms
10-Apr-2019 12:44:44.899 INFO [localhost-startStop-1] org.apache.catalina.startup.HostConfig.deployDirectory Deploying web application directory F:\DC\04\WEBD-Enterprise\d2\Tomcat8.0\webapps\manager
10-Apr-2019 12:44:45.331 INFO [localhost-startStop-1] org.apache.jasper.servlet.TldScanner.scanJars At least one JAR was scanned for TLDs yet contained no TLDs. Enable debug logging for this logger for a complete list of JARs that were scanned but no TLDs were found in them. Skipping unneeded JARs during scanning can improve startup time and JSP compilation time.
10-Apr-2019 12:44:45.339 INFO [localhost-startStop-1] org.apache.catalina.startup.HostConfig.deployDirectory Deployment of web application directory F:\DC\04\WEBD-Enterprise\d2\Tomcat8.0\webapps\manager has finished in 440 ms
10-Apr-2019 12:44:45.339 INFO [localhost-startStop-1] org.apache.catalina.startup.HostConfig.deployDirectory Deploying web application directory F:\DC\04\WEBD-Enterprise\d2\Tomcat8.0\webapps\new
10-Apr-2019 12:44:45.723 INFO [localhost-startStop-1] org.apache.jasper.servlet.TldScanner.scanJars At least one JAR was scanned for TLDs yet contained no TLDs. Enable debug logging for this logger for a complete list of JARs that were scanned but no TLDs were found in them. Skipping unneeded JARs during scanning can improve startup time and JSP compilation time.
10-Apr-2019 12:44:45.727 INFO [localhost-startStop-1] org.apache.catalina.startup.HostConfig.deployDirectory Deployment of web application directory F:\DC\04\WEBD-Enterprise\d2\Tomcat8.0\webapps\new has finished in 388 ms
10-Apr-2019 12:44:45.727 INFO [localhost-startStop-1] org.apache.catalina.startup.HostConfig.deployDirectory Deploying web application directory F:\DC\04\WEBD-Enterprise\d2\Tomcat8.0\webapps\patelr
10-Apr-2019 12:44:46.379 INFO [localhost-startStop-1] org.apache.jasper.servlet.TldScanner.scanJars At least one JAR was scanned for TLDs yet contained no TLDs. Enable debug logging for this logger for a complete list of JARs that were scanned but no TLDs were found in them. Skipping unneeded JARs during scanning can improve startup time and JSP compilation time.
10-Apr-2019 12:44:46.383 INFO [localhost-startStop-1] org.apache.catalina.startup.HostConfig.deployDirectory Deployment of web application directory F:\DC\04\WEBD-Enterprise\d2\Tomcat8.0\webapps\patelr has finished in 656 ms
10-Apr-2019 12:44:46.383 INFO [localhost-startStop-1] org.apache.catalina.startup.HostConfig.deployDirectory Deploying web application directory F:\DC\04\WEBD-Enterprise\d2\Tomcat8.0\webapps\ROOT
10-Apr-2019 12:44:46.715 INFO [localhost-startStop-1] org.apache.jasper.servlet.TldScanner.scanJars At least one JAR was scanned for TLDs yet contained no TLDs. Enable debug logging for this logger for a complete list of JARs that were scanned but no TLDs were found in them. Skipping unneeded JARs during scanning can improve startup time and JSP compilation time.
10-Apr-2019 12:44:46.719 INFO [localhost-startStop-1] org.apache.catalina.startup.HostConfig.deployDirectory Deployment of web application directory F:\DC\04\WEBD-Enterprise\d2\Tomcat8.0\webapps\ROOT has finished in 336 ms
10-Apr-2019 12:44:46.727 INFO [main] org.apache.coyote.AbstractProtocol.start Starting ProtocolHandler ["http-apr-8080"]
10-Apr-2019 12:44:46.739 INFO [main] org.apache.coyote.AbstractProtocol.start Starting ProtocolHandler ["ajp-apr-8009"]
10-Apr-2019 12:44:46.739 INFO [main] org.apache.catalina.startup.Catalina.start Server startup in 7676 ms
10-Apr-2019 12:54:28.909 INFO [http-apr-8080-exec-3] org.apache.catalina.core.StandardContext.reload Reloading Context with name [/patelr] has started
10-Apr-2019 12:54:29.557 INFO [http-apr-8080-exec-3] org.apache.jasper.servlet.TldScanner.scanJars At least one JAR was scanned for TLDs yet contained no TLDs. Enable debug logging for this logger for a complete list of JARs that were scanned but no TLDs were found in them. Skipping unneeded JARs during scanning can improve startup time and JSP compilation time.
10-Apr-2019 12:54:29.717 INFO [http-apr-8080-exec-3] org.apache.catalina.core.StandardContext.reload Reloading Context with name [/patelr] is completed
10-Apr-2019 12:58:48.345 INFO [http-apr-8080-exec-12] org.apache.catalina.core.StandardContext.reload Reloading Context with name [/patelr] has started
10-Apr-2019 12:58:48.726 INFO [http-apr-8080-exec-12] org.apache.jasper.servlet.TldScanner.scanJars At least one JAR was scanned for TLDs yet contained no TLDs. Enable debug logging for this logger for a complete list of JARs that were scanned but no TLDs were found in them. Skipping unneeded JARs during scanning can improve startup time and JSP compilation time.
10-Apr-2019 12:58:48.734 INFO [http-apr-8080-exec-12] org.apache.catalina.core.StandardContext.reload Reloading Context with name [/patelr] is completed
