29-Mar-2019 08:48:12.071 INFO [main] org.apache.catalina.startup.VersionLoggerListener.log Server version:        Apache Tomcat/8.0.18
29-Mar-2019 08:48:12.149 INFO [main] org.apache.catalina.startup.VersionLoggerListener.log Server built:          Jan 23 2015 11:56:07 UTC
29-Mar-2019 08:48:12.149 INFO [main] org.apache.catalina.startup.VersionLoggerListener.log Server number:         8.0.18.0
29-Mar-2019 08:48:12.149 INFO [main] org.apache.catalina.startup.VersionLoggerListener.log OS Name:               Windows 10
29-Mar-2019 08:48:12.149 INFO [main] org.apache.catalina.startup.VersionLoggerListener.log OS Version:            10.0
29-Mar-2019 08:48:12.149 INFO [main] org.apache.catalina.startup.VersionLoggerListener.log Architecture:          amd64
29-Mar-2019 08:48:12.149 INFO [main] org.apache.catalina.startup.VersionLoggerListener.log Java Home:             C:\Program Files\Java\jre1.8.0_192
29-Mar-2019 08:48:12.149 INFO [main] org.apache.catalina.startup.VersionLoggerListener.log JVM Version:           1.8.0_192-b12
29-Mar-2019 08:48:12.149 INFO [main] org.apache.catalina.startup.VersionLoggerListener.log JVM Vendor:            Oracle Corporation
29-Mar-2019 08:48:12.149 INFO [main] org.apache.catalina.startup.VersionLoggerListener.log CATALINA_BASE:         F:\DC\04\WEBD-Enterprise\d2\Tomcat8.0
29-Mar-2019 08:48:12.149 INFO [main] org.apache.catalina.startup.VersionLoggerListener.log CATALINA_HOME:         F:\DC\04\WEBD-Enterprise\d2\Tomcat8.0
29-Mar-2019 08:48:12.149 INFO [main] org.apache.catalina.startup.VersionLoggerListener.log Command line argument: -Djava.util.logging.config.file=F:/DC/04/WEBD-Enterprise/d2/Tomcat8.0/conf/logging.properties
29-Mar-2019 08:48:12.149 INFO [main] org.apache.catalina.startup.VersionLoggerListener.log Command line argument: -Djava.util.logging.manager=org.apache.juli.ClassLoaderLogManager
29-Mar-2019 08:48:12.149 INFO [main] org.apache.catalina.startup.VersionLoggerListener.log Command line argument: -Djava.endorsed.dirs=F:/DC/04/WEBD-Enterprise/d2/Tomcat8.0/endorsed
29-Mar-2019 08:48:12.149 INFO [main] org.apache.catalina.startup.VersionLoggerListener.log Command line argument: -Dcatalina.base=F:/DC/04/WEBD-Enterprise/d2/Tomcat8.0
29-Mar-2019 08:48:12.149 INFO [main] org.apache.catalina.startup.VersionLoggerListener.log Command line argument: -Dcatalina.home=F:/DC/04/WEBD-Enterprise/d2/Tomcat8.0
29-Mar-2019 08:48:12.165 INFO [main] org.apache.catalina.startup.VersionLoggerListener.log Command line argument: -Djava.io.tmpdir=F:/DC/04/WEBD-Enterprise/d2/Tomcat8.0/temp
29-Mar-2019 08:48:12.165 INFO [main] org.apache.catalina.core.AprLifecycleListener.lifecycleEvent Loaded APR based Apache Tomcat Native library 1.1.32 using APR version 1.5.1.
29-Mar-2019 08:48:12.165 INFO [main] org.apache.catalina.core.AprLifecycleListener.lifecycleEvent APR capabilities: IPv6 [true], sendfile [true], accept filters [false], random [true].
29-Mar-2019 08:48:13.337 INFO [main] org.apache.catalina.core.AprLifecycleListener.initializeSSL OpenSSL successfully initialized (OpenSSL 1.0.1j 15 Oct 2014)
29-Mar-2019 08:48:17.023 INFO [main] org.apache.coyote.AbstractProtocol.init Initializing ProtocolHandler ["http-apr-8080"]
29-Mar-2019 08:48:17.039 INFO [main] org.apache.coyote.AbstractProtocol.init Initializing ProtocolHandler ["ajp-apr-8009"]
29-Mar-2019 08:48:17.039 INFO [main] org.apache.catalina.startup.Catalina.load Initialization processed in 5773 ms
29-Mar-2019 08:48:17.086 INFO [main] org.apache.catalina.core.StandardService.startInternal Starting service Catalina
29-Mar-2019 08:48:17.086 INFO [main] org.apache.catalina.core.StandardEngine.startInternal Starting Servlet Engine: Apache Tomcat/8.0.18
29-Mar-2019 08:48:17.101 INFO [localhost-startStop-1] org.apache.catalina.startup.HostConfig.deployDirectory Deploying web application directory F:\DC\04\WEBD-Enterprise\d2\Tomcat8.0\webapps\demo
29-Mar-2019 08:48:19.117 INFO [localhost-startStop-1] org.apache.jasper.servlet.TldScanner.scanJars At least one JAR was scanned for TLDs yet contained no TLDs. Enable debug logging for this logger for a complete list of JARs that were scanned but no TLDs were found in them. Skipping unneeded JARs during scanning can improve startup time and JSP compilation time.
29-Mar-2019 08:48:19.351 INFO [localhost-startStop-1] org.apache.catalina.util.SessionIdGeneratorBase.createSecureRandom Creation of SecureRandom instance for session ID generation using [SHA1PRNG] took [156] milliseconds.
29-Mar-2019 08:48:19.383 INFO [localhost-startStop-1] org.apache.catalina.startup.HostConfig.deployDirectory Deployment of web application directory F:\DC\04\WEBD-Enterprise\d2\Tomcat8.0\webapps\demo has finished in 2,282 ms
29-Mar-2019 08:48:19.383 INFO [localhost-startStop-1] org.apache.catalina.startup.HostConfig.deployDirectory Deploying web application directory F:\DC\04\WEBD-Enterprise\d2\Tomcat8.0\webapps\demo - Copy
29-Mar-2019 08:48:19.929 INFO [localhost-startStop-1] org.apache.jasper.servlet.TldScanner.scanJars At least one JAR was scanned for TLDs yet contained no TLDs. Enable debug logging for this logger for a complete list of JARs that were scanned but no TLDs were found in them. Skipping unneeded JARs during scanning can improve startup time and JSP compilation time.
29-Mar-2019 08:48:19.929 INFO [localhost-startStop-1] org.apache.catalina.startup.HostConfig.deployDirectory Deployment of web application directory F:\DC\04\WEBD-Enterprise\d2\Tomcat8.0\webapps\demo - Copy has finished in 546 ms
29-Mar-2019 08:48:19.929 INFO [localhost-startStop-1] org.apache.catalina.startup.HostConfig.deployDirectory Deploying web application directory F:\DC\04\WEBD-Enterprise\d2\Tomcat8.0\webapps\docs
29-Mar-2019 08:48:20.242 INFO [localhost-startStop-1] org.apache.jasper.servlet.TldScanner.scanJars At least one JAR was scanned for TLDs yet contained no TLDs. Enable debug logging for this logger for a complete list of JARs that were scanned but no TLDs were found in them. Skipping unneeded JARs during scanning can improve startup time and JSP compilation time.
29-Mar-2019 08:48:20.242 INFO [localhost-startStop-1] org.apache.catalina.startup.HostConfig.deployDirectory Deployment of web application directory F:\DC\04\WEBD-Enterprise\d2\Tomcat8.0\webapps\docs has finished in 313 ms
29-Mar-2019 08:48:20.242 INFO [localhost-startStop-1] org.apache.catalina.startup.HostConfig.deployDirectory Deploying web application directory F:\DC\04\WEBD-Enterprise\d2\Tomcat8.0\webapps\examples
29-Mar-2019 08:48:22.164 INFO [localhost-startStop-1] org.apache.catalina.startup.HostConfig.deployDirectory Deployment of web application directory F:\DC\04\WEBD-Enterprise\d2\Tomcat8.0\webapps\examples has finished in 1,922 ms
29-Mar-2019 08:48:22.164 INFO [localhost-startStop-1] org.apache.catalina.startup.HostConfig.deployDirectory Deploying web application directory F:\DC\04\WEBD-Enterprise\d2\Tomcat8.0\webapps\gg
29-Mar-2019 08:48:22.757 INFO [localhost-startStop-1] org.apache.jasper.servlet.TldScanner.scanJars At least one JAR was scanned for TLDs yet contained no TLDs. Enable debug logging for this logger for a complete list of JARs that were scanned but no TLDs were found in them. Skipping unneeded JARs during scanning can improve startup time and JSP compilation time.
29-Mar-2019 08:48:22.757 INFO [localhost-startStop-1] org.apache.catalina.startup.HostConfig.deployDirectory Deployment of web application directory F:\DC\04\WEBD-Enterprise\d2\Tomcat8.0\webapps\gg has finished in 593 ms
29-Mar-2019 08:48:22.757 INFO [localhost-startStop-1] org.apache.catalina.startup.HostConfig.deployDirectory Deploying web application directory F:\DC\04\WEBD-Enterprise\d2\Tomcat8.0\webapps\host-manager
29-Mar-2019 08:48:23.085 INFO [localhost-startStop-1] org.apache.jasper.servlet.TldScanner.scanJars At least one JAR was scanned for TLDs yet contained no TLDs. Enable debug logging for this logger for a complete list of JARs that were scanned but no TLDs were found in them. Skipping unneeded JARs during scanning can improve startup time and JSP compilation time.
29-Mar-2019 08:48:23.101 INFO [localhost-startStop-1] org.apache.catalina.startup.HostConfig.deployDirectory Deployment of web application directory F:\DC\04\WEBD-Enterprise\d2\Tomcat8.0\webapps\host-manager has finished in 344 ms
29-Mar-2019 08:48:23.101 INFO [localhost-startStop-1] org.apache.catalina.startup.HostConfig.deployDirectory Deploying web application directory F:\DC\04\WEBD-Enterprise\d2\Tomcat8.0\webapps\manager
29-Mar-2019 08:48:23.617 INFO [localhost-startStop-1] org.apache.jasper.servlet.TldScanner.scanJars At least one JAR was scanned for TLDs yet contained no TLDs. Enable debug logging for this logger for a complete list of JARs that were scanned but no TLDs were found in them. Skipping unneeded JARs during scanning can improve startup time and JSP compilation time.
29-Mar-2019 08:48:23.617 INFO [localhost-startStop-1] org.apache.catalina.startup.HostConfig.deployDirectory Deployment of web application directory F:\DC\04\WEBD-Enterprise\d2\Tomcat8.0\webapps\manager has finished in 516 ms
29-Mar-2019 08:48:23.632 INFO [localhost-startStop-1] org.apache.catalina.startup.HostConfig.deployDirectory Deploying web application directory F:\DC\04\WEBD-Enterprise\d2\Tomcat8.0\webapps\new
29-Mar-2019 08:48:24.117 INFO [localhost-startStop-1] org.apache.jasper.servlet.TldScanner.scanJars At least one JAR was scanned for TLDs yet contained no TLDs. Enable debug logging for this logger for a complete list of JARs that were scanned but no TLDs were found in them. Skipping unneeded JARs during scanning can improve startup time and JSP compilation time.
29-Mar-2019 08:48:24.132 INFO [localhost-startStop-1] org.apache.catalina.startup.HostConfig.deployDirectory Deployment of web application directory F:\DC\04\WEBD-Enterprise\d2\Tomcat8.0\webapps\new has finished in 500 ms
29-Mar-2019 08:48:24.132 INFO [localhost-startStop-1] org.apache.catalina.startup.HostConfig.deployDirectory Deploying web application directory F:\DC\04\WEBD-Enterprise\d2\Tomcat8.0\webapps\patelr
29-Mar-2019 08:48:24.726 INFO [localhost-startStop-1] org.apache.jasper.servlet.TldScanner.scanJars At least one JAR was scanned for TLDs yet contained no TLDs. Enable debug logging for this logger for a complete list of JARs that were scanned but no TLDs were found in them. Skipping unneeded JARs during scanning can improve startup time and JSP compilation time.
29-Mar-2019 08:48:24.726 INFO [localhost-startStop-1] org.apache.catalina.startup.HostConfig.deployDirectory Deployment of web application directory F:\DC\04\WEBD-Enterprise\d2\Tomcat8.0\webapps\patelr has finished in 594 ms
29-Mar-2019 08:48:24.726 INFO [localhost-startStop-1] org.apache.catalina.startup.HostConfig.deployDirectory Deploying web application directory F:\DC\04\WEBD-Enterprise\d2\Tomcat8.0\webapps\ROOT
29-Mar-2019 08:48:25.085 INFO [localhost-startStop-1] org.apache.jasper.servlet.TldScanner.scanJars At least one JAR was scanned for TLDs yet contained no TLDs. Enable debug logging for this logger for a complete list of JARs that were scanned but no TLDs were found in them. Skipping unneeded JARs during scanning can improve startup time and JSP compilation time.
29-Mar-2019 08:48:25.085 INFO [localhost-startStop-1] org.apache.catalina.startup.HostConfig.deployDirectory Deployment of web application directory F:\DC\04\WEBD-Enterprise\d2\Tomcat8.0\webapps\ROOT has finished in 359 ms
29-Mar-2019 08:48:25.101 INFO [main] org.apache.coyote.AbstractProtocol.start Starting ProtocolHandler ["http-apr-8080"]
29-Mar-2019 08:48:25.101 INFO [main] org.apache.coyote.AbstractProtocol.start Starting ProtocolHandler ["ajp-apr-8009"]
29-Mar-2019 08:48:25.101 INFO [main] org.apache.catalina.startup.Catalina.start Server startup in 8063 ms
29-Mar-2019 08:57:00.613 INFO [http-apr-8080-exec-6] org.apache.catalina.core.StandardContext.reload Reloading Context with name [/patelr] has started
29-Mar-2019 08:57:01.096 INFO [http-apr-8080-exec-6] org.apache.jasper.servlet.TldScanner.scanJars At least one JAR was scanned for TLDs yet contained no TLDs. Enable debug logging for this logger for a complete list of JARs that were scanned but no TLDs were found in them. Skipping unneeded JARs during scanning can improve startup time and JSP compilation time.
29-Mar-2019 08:57:01.107 INFO [http-apr-8080-exec-6] org.apache.catalina.core.StandardContext.reload Reloading Context with name [/patelr] is completed
29-Mar-2019 08:57:24.430 INFO [http-apr-8080-exec-3] org.apache.catalina.core.StandardContext.reload Reloading Context with name [/gg] has started
29-Mar-2019 08:57:24.807 INFO [http-apr-8080-exec-3] org.apache.jasper.servlet.TldScanner.scanJars At least one JAR was scanned for TLDs yet contained no TLDs. Enable debug logging for this logger for a complete list of JARs that were scanned but no TLDs were found in them. Skipping unneeded JARs during scanning can improve startup time and JSP compilation time.
29-Mar-2019 08:57:24.811 INFO [http-apr-8080-exec-3] org.apache.catalina.core.StandardContext.reload Reloading Context with name [/gg] is completed
29-Mar-2019 08:59:06.046 INFO [http-apr-8080-exec-15] org.apache.catalina.core.StandardContext.reload Reloading Context with name [/gg] has started
29-Mar-2019 08:59:06.499 INFO [http-apr-8080-exec-15] org.apache.jasper.servlet.TldScanner.scanJars At least one JAR was scanned for TLDs yet contained no TLDs. Enable debug logging for this logger for a complete list of JARs that were scanned but no TLDs were found in them. Skipping unneeded JARs during scanning can improve startup time and JSP compilation time.
29-Mar-2019 08:59:06.651 INFO [http-apr-8080-exec-15] org.apache.catalina.core.StandardContext.reload Reloading Context with name [/gg] is completed
29-Mar-2019 08:59:46.334 INFO [http-apr-8080-exec-1] org.apache.catalina.core.StandardContext.reload Reloading Context with name [/gg] has started
29-Mar-2019 08:59:46.649 INFO [http-apr-8080-exec-1] org.apache.jasper.servlet.TldScanner.scanJars At least one JAR was scanned for TLDs yet contained no TLDs. Enable debug logging for this logger for a complete list of JARs that were scanned but no TLDs were found in them. Skipping unneeded JARs during scanning can improve startup time and JSP compilation time.
29-Mar-2019 08:59:46.654 INFO [http-apr-8080-exec-1] org.apache.catalina.core.StandardContext.reload Reloading Context with name [/gg] is completed
29-Mar-2019 09:03:36.905 INFO [http-apr-8080-exec-30] org.apache.catalina.core.StandardContext.reload Reloading Context with name [/gg] has started
29-Mar-2019 09:03:37.151 INFO [http-apr-8080-exec-30] org.apache.jasper.servlet.TldScanner.scanJars At least one JAR was scanned for TLDs yet contained no TLDs. Enable debug logging for this logger for a complete list of JARs that were scanned but no TLDs were found in them. Skipping unneeded JARs during scanning can improve startup time and JSP compilation time.
29-Mar-2019 09:03:37.154 INFO [http-apr-8080-exec-30] org.apache.catalina.core.StandardContext.reload Reloading Context with name [/gg] is completed
29-Mar-2019 09:04:54.802 INFO [http-apr-8080-exec-37] org.apache.catalina.core.StandardContext.reload Reloading Context with name [/gg] has started
29-Mar-2019 09:04:55.067 INFO [http-apr-8080-exec-37] org.apache.jasper.servlet.TldScanner.scanJars At least one JAR was scanned for TLDs yet contained no TLDs. Enable debug logging for this logger for a complete list of JARs that were scanned but no TLDs were found in them. Skipping unneeded JARs during scanning can improve startup time and JSP compilation time.
29-Mar-2019 09:04:55.072 INFO [http-apr-8080-exec-37] org.apache.catalina.core.StandardContext.reload Reloading Context with name [/gg] is completed
29-Mar-2019 09:06:34.301 INFO [http-apr-8080-exec-41] org.apache.catalina.core.StandardContext.reload Reloading Context with name [/gg] has started
29-Mar-2019 09:06:34.571 INFO [http-apr-8080-exec-41] org.apache.jasper.servlet.TldScanner.scanJars At least one JAR was scanned for TLDs yet contained no TLDs. Enable debug logging for this logger for a complete list of JARs that were scanned but no TLDs were found in them. Skipping unneeded JARs during scanning can improve startup time and JSP compilation time.
29-Mar-2019 09:06:34.574 INFO [http-apr-8080-exec-41] org.apache.catalina.core.StandardContext.reload Reloading Context with name [/gg] is completed
29-Mar-2019 09:08:24.791 INFO [http-apr-8080-exec-55] org.apache.catalina.core.StandardContext.reload Reloading Context with name [/gg] has started
29-Mar-2019 09:08:25.081 INFO [http-apr-8080-exec-55] org.apache.jasper.servlet.TldScanner.scanJars At least one JAR was scanned for TLDs yet contained no TLDs. Enable debug logging for this logger for a complete list of JARs that were scanned but no TLDs were found in them. Skipping unneeded JARs during scanning can improve startup time and JSP compilation time.
29-Mar-2019 09:08:25.085 INFO [http-apr-8080-exec-55] org.apache.catalina.core.StandardContext.reload Reloading Context with name [/gg] is completed
29-Mar-2019 09:10:25.549 INFO [http-apr-8080-exec-68] org.apache.catalina.core.StandardContext.reload Reloading Context with name [/gg] has started
29-Mar-2019 09:10:25.889 INFO [http-apr-8080-exec-68] org.apache.jasper.servlet.TldScanner.scanJars At least one JAR was scanned for TLDs yet contained no TLDs. Enable debug logging for this logger for a complete list of JARs that were scanned but no TLDs were found in them. Skipping unneeded JARs during scanning can improve startup time and JSP compilation time.
29-Mar-2019 09:10:25.891 INFO [http-apr-8080-exec-68] org.apache.catalina.core.StandardContext.reload Reloading Context with name [/gg] is completed
29-Mar-2019 09:11:21.369 INFO [http-apr-8080-exec-64] org.apache.catalina.core.StandardContext.reload Reloading Context with name [/gg] has started
29-Mar-2019 09:11:21.607 INFO [http-apr-8080-exec-64] org.apache.jasper.servlet.TldScanner.scanJars At least one JAR was scanned for TLDs yet contained no TLDs. Enable debug logging for this logger for a complete list of JARs that were scanned but no TLDs were found in them. Skipping unneeded JARs during scanning can improve startup time and JSP compilation time.
29-Mar-2019 09:11:21.612 INFO [http-apr-8080-exec-64] org.apache.catalina.core.StandardContext.reload Reloading Context with name [/gg] is completed
29-Mar-2019 09:12:15.208 INFO [http-apr-8080-exec-64] org.apache.catalina.core.StandardContext.reload Reloading Context with name [/gg] has started
29-Mar-2019 09:12:15.441 INFO [http-apr-8080-exec-64] org.apache.jasper.servlet.TldScanner.scanJars At least one JAR was scanned for TLDs yet contained no TLDs. Enable debug logging for this logger for a complete list of JARs that were scanned but no TLDs were found in them. Skipping unneeded JARs during scanning can improve startup time and JSP compilation time.
29-Mar-2019 09:12:15.445 INFO [http-apr-8080-exec-64] org.apache.catalina.core.StandardContext.reload Reloading Context with name [/gg] is completed
29-Mar-2019 09:13:01.331 INFO [http-apr-8080-exec-64] org.apache.catalina.core.StandardContext.reload Reloading Context with name [/gg] has started
29-Mar-2019 09:13:01.668 INFO [http-apr-8080-exec-64] org.apache.jasper.servlet.TldScanner.scanJars At least one JAR was scanned for TLDs yet contained no TLDs. Enable debug logging for this logger for a complete list of JARs that were scanned but no TLDs were found in them. Skipping unneeded JARs during scanning can improve startup time and JSP compilation time.
29-Mar-2019 09:13:01.670 INFO [http-apr-8080-exec-64] org.apache.catalina.core.StandardContext.reload Reloading Context with name [/gg] is completed
29-Mar-2019 09:16:27.166 INFO [http-apr-8080-exec-86] org.apache.catalina.core.StandardContext.reload Reloading Context with name [/patelr] has started
29-Mar-2019 09:16:27.400 INFO [http-apr-8080-exec-86] org.apache.jasper.servlet.TldScanner.scanJars At least one JAR was scanned for TLDs yet contained no TLDs. Enable debug logging for this logger for a complete list of JARs that were scanned but no TLDs were found in them. Skipping unneeded JARs during scanning can improve startup time and JSP compilation time.
29-Mar-2019 09:16:27.406 INFO [http-apr-8080-exec-86] org.apache.catalina.core.StandardContext.reload Reloading Context with name [/patelr] is completed
29-Mar-2019 09:16:57.422 INFO [http-apr-8080-exec-87] org.apache.catalina.core.StandardContext.reload Reloading Context with name [/patelr] has started
29-Mar-2019 09:16:57.675 INFO [http-apr-8080-exec-87] org.apache.jasper.servlet.TldScanner.scanJars At least one JAR was scanned for TLDs yet contained no TLDs. Enable debug logging for this logger for a complete list of JARs that were scanned but no TLDs were found in them. Skipping unneeded JARs during scanning can improve startup time and JSP compilation time.
29-Mar-2019 09:16:57.679 INFO [http-apr-8080-exec-87] org.apache.catalina.core.StandardContext.reload Reloading Context with name [/patelr] is completed
29-Mar-2019 09:19:36.367 INFO [http-apr-8080-exec-105] org.apache.catalina.core.StandardContext.reload Reloading Context with name [/patelr] has started
29-Mar-2019 09:19:36.609 INFO [http-apr-8080-exec-105] org.apache.jasper.servlet.TldScanner.scanJars At least one JAR was scanned for TLDs yet contained no TLDs. Enable debug logging for this logger for a complete list of JARs that were scanned but no TLDs were found in them. Skipping unneeded JARs during scanning can improve startup time and JSP compilation time.
29-Mar-2019 09:19:36.611 INFO [http-apr-8080-exec-105] org.apache.catalina.core.StandardContext.reload Reloading Context with name [/patelr] is completed
29-Mar-2019 09:20:29.921 INFO [http-apr-8080-exec-103] org.apache.catalina.core.StandardContext.reload Reloading Context with name [/patelr] has started
29-Mar-2019 09:20:30.130 INFO [http-apr-8080-exec-103] org.apache.jasper.servlet.TldScanner.scanJars At least one JAR was scanned for TLDs yet contained no TLDs. Enable debug logging for this logger for a complete list of JARs that were scanned but no TLDs were found in them. Skipping unneeded JARs during scanning can improve startup time and JSP compilation time.
29-Mar-2019 09:20:30.133 INFO [http-apr-8080-exec-103] org.apache.catalina.core.StandardContext.reload Reloading Context with name [/patelr] is completed
29-Mar-2019 09:20:33.569 INFO [http-apr-8080-exec-109] org.apache.catalina.core.StandardContext.reload Reloading Context with name [/patelr] has started
29-Mar-2019 09:20:33.800 INFO [http-apr-8080-exec-109] org.apache.jasper.servlet.TldScanner.scanJars At least one JAR was scanned for TLDs yet contained no TLDs. Enable debug logging for this logger for a complete list of JARs that were scanned but no TLDs were found in them. Skipping unneeded JARs during scanning can improve startup time and JSP compilation time.
29-Mar-2019 09:20:33.801 INFO [http-apr-8080-exec-109] org.apache.catalina.core.StandardContext.reload Reloading Context with name [/patelr] is completed
29-Mar-2019 09:21:33.598 INFO [http-apr-8080-exec-117] org.apache.catalina.core.StandardContext.reload Reloading Context with name [/patelr] has started
29-Mar-2019 09:21:33.853 INFO [http-apr-8080-exec-117] org.apache.jasper.servlet.TldScanner.scanJars At least one JAR was scanned for TLDs yet contained no TLDs. Enable debug logging for this logger for a complete list of JARs that were scanned but no TLDs were found in them. Skipping unneeded JARs during scanning can improve startup time and JSP compilation time.
29-Mar-2019 09:21:33.857 INFO [http-apr-8080-exec-117] org.apache.catalina.core.StandardContext.reload Reloading Context with name [/patelr] is completed
29-Mar-2019 09:21:36.141 INFO [http-apr-8080-exec-111] org.apache.catalina.core.StandardContext.reload Reloading Context with name [/patelr] has started
29-Mar-2019 09:21:36.338 INFO [http-apr-8080-exec-111] org.apache.jasper.servlet.TldScanner.scanJars At least one JAR was scanned for TLDs yet contained no TLDs. Enable debug logging for this logger for a complete list of JARs that were scanned but no TLDs were found in them. Skipping unneeded JARs during scanning can improve startup time and JSP compilation time.
29-Mar-2019 09:21:36.340 INFO [http-apr-8080-exec-111] org.apache.catalina.core.StandardContext.reload Reloading Context with name [/patelr] is completed
29-Mar-2019 09:22:40.194 INFO [http-apr-8080-exec-116] org.apache.catalina.core.StandardContext.reload Reloading Context with name [/patelr] has started
29-Mar-2019 09:22:40.434 INFO [http-apr-8080-exec-116] org.apache.jasper.servlet.TldScanner.scanJars At least one JAR was scanned for TLDs yet contained no TLDs. Enable debug logging for this logger for a complete list of JARs that were scanned but no TLDs were found in them. Skipping unneeded JARs during scanning can improve startup time and JSP compilation time.
29-Mar-2019 09:22:40.437 INFO [http-apr-8080-exec-116] org.apache.catalina.core.StandardContext.reload Reloading Context with name [/patelr] is completed
29-Mar-2019 09:24:38.319 INFO [http-apr-8080-exec-125] org.apache.catalina.core.StandardContext.reload Reloading Context with name [/patelr] has started
29-Mar-2019 09:24:38.551 INFO [http-apr-8080-exec-125] org.apache.jasper.servlet.TldScanner.scanJars At least one JAR was scanned for TLDs yet contained no TLDs. Enable debug logging for this logger for a complete list of JARs that were scanned but no TLDs were found in them. Skipping unneeded JARs during scanning can improve startup time and JSP compilation time.
29-Mar-2019 09:24:38.554 INFO [http-apr-8080-exec-125] org.apache.catalina.core.StandardContext.reload Reloading Context with name [/patelr] is completed
29-Mar-2019 09:26:53.454 INFO [http-apr-8080-exec-134] org.apache.catalina.core.StandardContext.reload Reloading Context with name [/patelr] has started
29-Mar-2019 09:26:53.647 INFO [http-apr-8080-exec-134] org.apache.jasper.servlet.TldScanner.scanJars At least one JAR was scanned for TLDs yet contained no TLDs. Enable debug logging for this logger for a complete list of JARs that were scanned but no TLDs were found in them. Skipping unneeded JARs during scanning can improve startup time and JSP compilation time.
29-Mar-2019 09:26:53.649 INFO [http-apr-8080-exec-134] org.apache.catalina.core.StandardContext.reload Reloading Context with name [/patelr] is completed
29-Mar-2019 09:31:59.456 INFO [http-apr-8080-exec-143] org.apache.catalina.core.StandardContext.reload Reloading Context with name [/patelr] has started
29-Mar-2019 09:31:59.710 INFO [http-apr-8080-exec-143] org.apache.jasper.servlet.TldScanner.scanJars At least one JAR was scanned for TLDs yet contained no TLDs. Enable debug logging for this logger for a complete list of JARs that were scanned but no TLDs were found in them. Skipping unneeded JARs during scanning can improve startup time and JSP compilation time.
29-Mar-2019 09:31:59.713 INFO [http-apr-8080-exec-143] org.apache.catalina.core.StandardContext.reload Reloading Context with name [/patelr] is completed
29-Mar-2019 09:38:55.244 INFO [http-apr-8080-exec-150] org.apache.catalina.core.StandardContext.reload Reloading Context with name [/patelr] has started
29-Mar-2019 09:38:55.479 INFO [http-apr-8080-exec-150] org.apache.jasper.servlet.TldScanner.scanJars At least one JAR was scanned for TLDs yet contained no TLDs. Enable debug logging for this logger for a complete list of JARs that were scanned but no TLDs were found in them. Skipping unneeded JARs during scanning can improve startup time and JSP compilation time.
29-Mar-2019 09:38:55.482 INFO [http-apr-8080-exec-150] org.apache.catalina.core.StandardContext.reload Reloading Context with name [/patelr] is completed
29-Mar-2019 09:43:24.115 INFO [http-apr-8080-exec-162] org.apache.catalina.core.StandardContext.reload Reloading Context with name [/patelr] has started
29-Mar-2019 09:43:24.328 INFO [http-apr-8080-exec-162] org.apache.jasper.servlet.TldScanner.scanJars At least one JAR was scanned for TLDs yet contained no TLDs. Enable debug logging for this logger for a complete list of JARs that were scanned but no TLDs were found in them. Skipping unneeded JARs during scanning can improve startup time and JSP compilation time.
29-Mar-2019 09:43:24.330 INFO [http-apr-8080-exec-162] org.apache.catalina.core.StandardContext.reload Reloading Context with name [/patelr] is completed
29-Mar-2019 09:46:11.878 INFO [http-apr-8080-exec-173] org.apache.catalina.core.StandardContext.reload Reloading Context with name [/gg] has started
29-Mar-2019 09:46:12.129 INFO [http-apr-8080-exec-173] org.apache.jasper.servlet.TldScanner.scanJars At least one JAR was scanned for TLDs yet contained no TLDs. Enable debug logging for this logger for a complete list of JARs that were scanned but no TLDs were found in them. Skipping unneeded JARs during scanning can improve startup time and JSP compilation time.
29-Mar-2019 09:46:12.132 INFO [http-apr-8080-exec-173] org.apache.catalina.core.StandardContext.reload Reloading Context with name [/gg] is completed
29-Mar-2019 09:57:04.346 INFO [http-apr-8080-exec-186] org.apache.catalina.core.StandardContext.reload Reloading Context with name [/patelr] has started
29-Mar-2019 09:57:04.598 INFO [http-apr-8080-exec-186] org.apache.jasper.servlet.TldScanner.scanJars At least one JAR was scanned for TLDs yet contained no TLDs. Enable debug logging for this logger for a complete list of JARs that were scanned but no TLDs were found in them. Skipping unneeded JARs during scanning can improve startup time and JSP compilation time.
29-Mar-2019 09:57:04.602 INFO [http-apr-8080-exec-186] org.apache.catalina.core.StandardContext.reload Reloading Context with name [/patelr] is completed
