23-Feb-2019 13:32:50.700 INFO [http-apr-8080-exec-6] org.apache.catalina.core.ApplicationContext.log HTMLManager: init: Associated with Deployer 'Catalina:type=Deployer,host=localhost'
23-Feb-2019 13:32:50.701 INFO [http-apr-8080-exec-6] org.apache.catalina.core.ApplicationContext.log HTMLManager: init: Global resources are available
23-Feb-2019 13:32:50.803 INFO [http-apr-8080-exec-6] org.apache.catalina.core.ApplicationContext.log HTMLManager: list: Listing contexts for virtual host 'localhost'
23-Feb-2019 13:56:05.305 INFO [http-apr-8080-exec-7] org.apache.catalina.core.ApplicationContext.log HTMLManager: list: Listing contexts for virtual host 'localhost'
23-Feb-2019 14:11:37.263 INFO [http-apr-8080-exec-4] org.apache.catalina.core.ApplicationContext.log HTMLManager: list: Listing contexts for virtual host 'localhost'
23-Feb-2019 14:11:43.126 INFO [http-apr-8080-exec-8] org.apache.catalina.core.ApplicationContext.log HTMLManager: restart: Reloading web application '/demo - Copy'
23-Feb-2019 14:11:43.543 INFO [http-apr-8080-exec-8] org.apache.catalina.core.ApplicationContext.log HTMLManager: list: Listing contexts for virtual host 'localhost'
23-Feb-2019 14:24:59.367 INFO [http-apr-8080-exec-16] org.apache.catalina.core.ApplicationContext.log HTMLManager: list: Listing contexts for virtual host 'localhost'
23-Feb-2019 14:25:02.539 INFO [http-apr-8080-exec-17] org.apache.catalina.core.ApplicationContext.log HTMLManager: restart: Reloading web application '/demo - Copy'
23-Feb-2019 14:25:02.749 INFO [http-apr-8080-exec-17] org.apache.catalina.core.ApplicationContext.log HTMLManager: list: Listing contexts for virtual host 'localhost'
23-Feb-2019 14:27:23.021 INFO [http-apr-8080-exec-23] org.apache.catalina.core.ApplicationContext.log HTMLManager: restart: Reloading web application '/demo'
23-Feb-2019 14:27:23.284 INFO [http-apr-8080-exec-23] org.apache.catalina.core.ApplicationContext.log HTMLManager: list: Listing contexts for virtual host 'localhost'
23-Feb-2019 14:27:24.487 INFO [http-apr-8080-exec-24] org.apache.catalina.core.ApplicationContext.log HTMLManager: restart: Reloading web application '/demo - Copy'
23-Feb-2019 14:27:24.746 INFO [http-apr-8080-exec-24] org.apache.catalina.core.ApplicationContext.log HTMLManager: list: Listing contexts for virtual host 'localhost'
23-Feb-2019 14:27:25.930 INFO [http-apr-8080-exec-28] org.apache.catalina.core.ApplicationContext.log HTMLManager: restart: Reloading web application '/demo - Copy'
23-Feb-2019 14:27:26.183 INFO [http-apr-8080-exec-28] org.apache.catalina.core.ApplicationContext.log HTMLManager: list: Listing contexts for virtual host 'localhost'
23-Feb-2019 14:27:39.747 INFO [http-apr-8080-exec-29] org.apache.catalina.core.ApplicationContext.log HTMLManager: restart: Reloading web application '/demo - Copy'
23-Feb-2019 14:27:39.936 INFO [http-apr-8080-exec-29] org.apache.catalina.core.ApplicationContext.log HTMLManager: list: Listing contexts for virtual host 'localhost'
23-Feb-2019 14:48:17.989 INFO [http-apr-8080-exec-41] org.apache.catalina.core.ApplicationContext.log HTMLManager: restart: Reloading web application '/demo - Copy'
23-Feb-2019 14:48:18.191 INFO [http-apr-8080-exec-41] org.apache.catalina.core.ApplicationContext.log HTMLManager: list: Listing contexts for virtual host 'localhost'
23-Feb-2019 14:48:20.083 INFO [http-apr-8080-exec-35] org.apache.catalina.core.ApplicationContext.log HTMLManager: restart: Reloading web application '/demo'
23-Feb-2019 14:48:20.270 INFO [http-apr-8080-exec-35] org.apache.catalina.core.ApplicationContext.log HTMLManager: list: Listing contexts for virtual host 'localhost'
