24-Feb-2019 09:03:24.461 INFO [http-apr-8080-exec-6] org.apache.catalina.core.ApplicationContext.log HTMLManager: init: Associated with Deployer 'Catalina:type=Deployer,host=localhost'
24-Feb-2019 09:03:24.462 INFO [http-apr-8080-exec-6] org.apache.catalina.core.ApplicationContext.log HTMLManager: init: Global resources are available
24-Feb-2019 09:03:24.613 INFO [http-apr-8080-exec-6] org.apache.catalina.core.ApplicationContext.log HTMLManager: list: Listing contexts for virtual host 'localhost'
24-Feb-2019 09:05:36.351 INFO [http-apr-8080-exec-1] org.apache.catalina.core.ApplicationContext.log HTMLManager: restart: Reloading web application '/demo - Copy'
24-Feb-2019 09:05:36.610 INFO [http-apr-8080-exec-1] org.apache.catalina.core.ApplicationContext.log HTMLManager: list: Listing contexts for virtual host 'localhost'
24-Feb-2019 09:08:14.216 INFO [http-apr-8080-exec-13] org.apache.catalina.core.ApplicationContext.log HTMLManager: restart: Reloading web application '/demo - Copy'
24-Feb-2019 09:08:14.493 INFO [http-apr-8080-exec-13] org.apache.catalina.core.ApplicationContext.log HTMLManager: list: Listing contexts for virtual host 'localhost'
24-Feb-2019 09:12:05.641 INFO [http-apr-8080-exec-24] org.apache.catalina.core.ApplicationContext.log HTMLManager: restart: Reloading web application '/patelr'
24-Feb-2019 09:12:05.819 INFO [http-apr-8080-exec-24] org.apache.catalina.core.ApplicationContext.log HTMLManager: list: Listing contexts for virtual host 'localhost'
24-Feb-2019 09:13:18.494 INFO [http-apr-8080-exec-27] org.apache.catalina.core.ApplicationContext.log HTMLManager: restart: Reloading web application '/patelr'
24-Feb-2019 09:13:18.710 INFO [http-apr-8080-exec-27] org.apache.catalina.core.ApplicationContext.log HTMLManager: list: Listing contexts for virtual host 'localhost'
24-Feb-2019 09:13:41.657 INFO [http-apr-8080-exec-23] org.apache.catalina.core.ApplicationContext.log HTMLManager: restart: Reloading web application '/demo - Copy'
24-Feb-2019 09:13:41.891 INFO [http-apr-8080-exec-23] org.apache.catalina.core.ApplicationContext.log HTMLManager: list: Listing contexts for virtual host 'localhost'
24-Feb-2019 09:18:09.242 INFO [http-apr-8080-exec-34] org.apache.catalina.core.ApplicationContext.log HTMLManager: restart: Reloading web application '/demo - Copy'
24-Feb-2019 09:18:09.411 INFO [http-apr-8080-exec-34] org.apache.catalina.core.ApplicationContext.log HTMLManager: list: Listing contexts for virtual host 'localhost'
24-Feb-2019 09:19:38.489 INFO [http-apr-8080-exec-19] org.apache.catalina.core.ApplicationContext.log HTMLManager: restart: Reloading web application '/demo - Copy'
24-Feb-2019 09:19:38.695 INFO [http-apr-8080-exec-19] org.apache.catalina.core.ApplicationContext.log HTMLManager: list: Listing contexts for virtual host 'localhost'
24-Feb-2019 09:22:22.154 INFO [http-apr-8080-exec-45] org.apache.catalina.core.ApplicationContext.log HTMLManager: restart: Reloading web application '/demo - Copy'
24-Feb-2019 09:22:22.335 INFO [http-apr-8080-exec-45] org.apache.catalina.core.ApplicationContext.log HTMLManager: list: Listing contexts for virtual host 'localhost'
24-Feb-2019 09:25:25.783 INFO [http-apr-8080-exec-5] org.apache.catalina.core.ApplicationContext.log HTMLManager: init: Associated with Deployer 'Catalina:type=Deployer,host=localhost'
24-Feb-2019 09:25:25.783 INFO [http-apr-8080-exec-5] org.apache.catalina.core.ApplicationContext.log HTMLManager: init: Global resources are available
24-Feb-2019 09:25:25.801 INFO [http-apr-8080-exec-5] org.apache.catalina.core.ApplicationContext.log HTMLManager: list: Listing contexts for virtual host 'localhost'
24-Feb-2019 09:30:43.120 INFO [http-apr-8080-exec-6] org.apache.catalina.core.ApplicationContext.log HTMLManager: init: Associated with Deployer 'Catalina:type=Deployer,host=localhost'
24-Feb-2019 09:30:43.121 INFO [http-apr-8080-exec-6] org.apache.catalina.core.ApplicationContext.log HTMLManager: init: Global resources are available
24-Feb-2019 09:30:43.137 INFO [http-apr-8080-exec-6] org.apache.catalina.core.ApplicationContext.log HTMLManager: list: Listing contexts for virtual host 'localhost'
24-Feb-2019 09:34:23.378 INFO [http-apr-8080-exec-10] org.apache.catalina.core.ApplicationContext.log HTMLManager: restart: Reloading web application '/demo'
24-Feb-2019 09:34:23.641 INFO [http-apr-8080-exec-10] org.apache.catalina.core.ApplicationContext.log HTMLManager: list: Listing contexts for virtual host 'localhost'
24-Feb-2019 09:34:26.268 INFO [http-apr-8080-exec-8] org.apache.catalina.core.ApplicationContext.log HTMLManager: restart: Reloading web application '/demo - Copy'
24-Feb-2019 09:34:26.482 INFO [http-apr-8080-exec-8] org.apache.catalina.core.ApplicationContext.log HTMLManager: list: Listing contexts for virtual host 'localhost'
24-Feb-2019 09:37:01.118 INFO [http-apr-8080-exec-3] org.apache.catalina.core.ApplicationContext.log HTMLManager: init: Associated with Deployer 'Catalina:type=Deployer,host=localhost'
24-Feb-2019 09:37:01.118 INFO [http-apr-8080-exec-3] org.apache.catalina.core.ApplicationContext.log HTMLManager: init: Global resources are available
24-Feb-2019 09:43:38.419 INFO [http-apr-8080-exec-5] org.apache.catalina.core.ApplicationContext.log HTMLManager: init: Associated with Deployer 'Catalina:type=Deployer,host=localhost'
24-Feb-2019 09:43:38.419 INFO [http-apr-8080-exec-5] org.apache.catalina.core.ApplicationContext.log HTMLManager: init: Global resources are available
24-Feb-2019 09:43:38.434 INFO [http-apr-8080-exec-5] org.apache.catalina.core.ApplicationContext.log HTMLManager: list: Listing contexts for virtual host 'localhost'
24-Feb-2019 09:44:31.971 INFO [http-apr-8080-exec-9] org.apache.catalina.core.ApplicationContext.log HTMLManager: restart: Reloading web application '/patelr'
24-Feb-2019 09:44:32.187 INFO [http-apr-8080-exec-9] org.apache.catalina.core.ApplicationContext.log HTMLManager: list: Listing contexts for virtual host 'localhost'
24-Feb-2019 15:15:10.960 INFO [http-apr-8080-exec-5] org.apache.catalina.core.ApplicationContext.log HTMLManager: init: Associated with Deployer 'Catalina:type=Deployer,host=localhost'
24-Feb-2019 15:15:10.964 INFO [http-apr-8080-exec-5] org.apache.catalina.core.ApplicationContext.log HTMLManager: init: Global resources are available
24-Feb-2019 15:15:11.064 INFO [http-apr-8080-exec-5] org.apache.catalina.core.ApplicationContext.log HTMLManager: list: Listing contexts for virtual host 'localhost'
24-Feb-2019 15:18:36.268 INFO [http-apr-8080-exec-1] org.apache.catalina.core.ApplicationContext.log HTMLManager: restart: Reloading web application '/demo - Copy'
24-Feb-2019 15:18:36.512 INFO [http-apr-8080-exec-1] org.apache.catalina.core.ApplicationContext.log HTMLManager: list: Listing contexts for virtual host 'localhost'
24-Feb-2019 15:19:59.736 INFO [http-apr-8080-exec-3] org.apache.catalina.core.ApplicationContext.log HTMLManager: restart: Reloading web application '/demo - Copy'
24-Feb-2019 15:20:00.032 INFO [http-apr-8080-exec-3] org.apache.catalina.core.ApplicationContext.log HTMLManager: list: Listing contexts for virtual host 'localhost'
24-Feb-2019 15:20:40.362 INFO [http-apr-8080-exec-12] org.apache.catalina.core.ApplicationContext.log HTMLManager: restart: Reloading web application '/demo - Copy'
24-Feb-2019 15:20:40.554 INFO [http-apr-8080-exec-12] org.apache.catalina.core.ApplicationContext.log HTMLManager: list: Listing contexts for virtual host 'localhost'
24-Feb-2019 15:24:00.188 INFO [http-apr-8080-exec-5] org.apache.catalina.core.ApplicationContext.log HTMLManager: init: Associated with Deployer 'Catalina:type=Deployer,host=localhost'
24-Feb-2019 15:24:00.188 INFO [http-apr-8080-exec-5] org.apache.catalina.core.ApplicationContext.log HTMLManager: init: Global resources are available
24-Feb-2019 15:24:00.192 INFO [http-apr-8080-exec-5] org.apache.catalina.core.ApplicationContext.log HTMLManager: list: Listing contexts for virtual host 'localhost'
24-Feb-2019 15:27:47.344 INFO [http-apr-8080-exec-8] org.apache.catalina.core.ApplicationContext.log HTMLManager: restart: Reloading web application '/demo - Copy'
24-Feb-2019 15:27:47.568 INFO [http-apr-8080-exec-8] org.apache.catalina.core.ApplicationContext.log HTMLManager: list: Listing contexts for virtual host 'localhost'
24-Feb-2019 15:36:58.342 INFO [http-apr-8080-exec-5] org.apache.catalina.core.ApplicationContext.log HTMLManager: init: Associated with Deployer 'Catalina:type=Deployer,host=localhost'
24-Feb-2019 15:36:58.342 INFO [http-apr-8080-exec-5] org.apache.catalina.core.ApplicationContext.log HTMLManager: init: Global resources are available
24-Feb-2019 15:36:58.350 INFO [http-apr-8080-exec-5] org.apache.catalina.core.ApplicationContext.log HTMLManager: list: Listing contexts for virtual host 'localhost'
24-Feb-2019 15:40:06.710 INFO [http-apr-8080-exec-5] org.apache.catalina.core.ApplicationContext.log HTMLManager: init: Associated with Deployer 'Catalina:type=Deployer,host=localhost'
24-Feb-2019 15:40:06.710 INFO [http-apr-8080-exec-5] org.apache.catalina.core.ApplicationContext.log HTMLManager: init: Global resources are available
24-Feb-2019 15:40:06.714 INFO [http-apr-8080-exec-5] org.apache.catalina.core.ApplicationContext.log HTMLManager: list: Listing contexts for virtual host 'localhost'
24-Feb-2019 15:45:29.200 INFO [http-apr-8080-exec-12] org.apache.catalina.core.ApplicationContext.log HTMLManager: init: Associated with Deployer 'Catalina:type=Deployer,host=localhost'
24-Feb-2019 15:45:29.200 INFO [http-apr-8080-exec-12] org.apache.catalina.core.ApplicationContext.log HTMLManager: init: Global resources are available
24-Feb-2019 15:46:32.340 INFO [http-apr-8080-exec-5] org.apache.catalina.core.ApplicationContext.log HTMLManager: init: Associated with Deployer 'Catalina:type=Deployer,host=localhost'
24-Feb-2019 15:46:32.340 INFO [http-apr-8080-exec-5] org.apache.catalina.core.ApplicationContext.log HTMLManager: init: Global resources are available
24-Feb-2019 15:46:32.352 INFO [http-apr-8080-exec-5] org.apache.catalina.core.ApplicationContext.log HTMLManager: list: Listing contexts for virtual host 'localhost'
24-Feb-2019 15:48:03.820 INFO [http-apr-8080-exec-9] org.apache.catalina.core.ApplicationContext.log HTMLManager: list: Listing contexts for virtual host 'localhost'
24-Feb-2019 15:48:08.090 INFO [http-apr-8080-exec-2] org.apache.catalina.core.ApplicationContext.log HTMLManager: list: Listing contexts for virtual host 'localhost'
24-Feb-2019 15:54:42.764 INFO [http-apr-8080-exec-20] org.apache.catalina.core.ApplicationContext.log HTMLManager: list: Listing contexts for virtual host 'localhost'
24-Feb-2019 15:54:43.762 INFO [http-apr-8080-exec-12] org.apache.catalina.core.ApplicationContext.log HTMLManager: list: Listing contexts for virtual host 'localhost'
24-Feb-2019 15:54:51.368 INFO [http-apr-8080-exec-15] org.apache.catalina.core.ApplicationContext.log HTMLManager: list: Listing contexts for virtual host 'localhost'
24-Feb-2019 15:55:09.088 INFO [http-apr-8080-exec-12] org.apache.catalina.core.ApplicationContext.log HTMLManager: list: Listing contexts for virtual host 'localhost'
24-Feb-2019 15:56:03.376 INFO [http-apr-8080-exec-5] org.apache.catalina.core.ApplicationContext.log HTMLManager: init: Associated with Deployer 'Catalina:type=Deployer,host=localhost'
24-Feb-2019 15:56:03.376 INFO [http-apr-8080-exec-5] org.apache.catalina.core.ApplicationContext.log HTMLManager: init: Global resources are available
24-Feb-2019 15:56:03.380 INFO [http-apr-8080-exec-5] org.apache.catalina.core.ApplicationContext.log HTMLManager: list: Listing contexts for virtual host 'localhost'
24-Feb-2019 15:57:51.886 INFO [http-apr-8080-exec-9] org.apache.catalina.core.ApplicationContext.log HTMLManager: restart: Reloading web application '/demo - Copy'
24-Feb-2019 15:57:52.050 INFO [http-apr-8080-exec-9] org.apache.catalina.core.ApplicationContext.log HTMLManager: list: Listing contexts for virtual host 'localhost'
24-Feb-2019 15:58:36.070 INFO [http-apr-8080-exec-5] org.apache.catalina.core.ApplicationContext.log HTMLManager: restart: Reloading web application '/demo - Copy'
24-Feb-2019 15:58:36.266 INFO [http-apr-8080-exec-5] org.apache.catalina.core.ApplicationContext.log HTMLManager: list: Listing contexts for virtual host 'localhost'
24-Feb-2019 15:58:40.404 INFO [http-apr-8080-exec-1] org.apache.catalina.core.ApplicationContext.log HTMLManager: restart: Reloading web application '/demo - Copy'
24-Feb-2019 15:58:40.576 INFO [http-apr-8080-exec-1] org.apache.catalina.core.ApplicationContext.log HTMLManager: list: Listing contexts for virtual host 'localhost'
24-Feb-2019 16:05:22.199 INFO [http-apr-8080-exec-18] org.apache.catalina.core.ApplicationContext.log HTMLManager: restart: Reloading web application '/demo - Copy'
24-Feb-2019 16:05:22.365 INFO [http-apr-8080-exec-18] org.apache.catalina.core.ApplicationContext.log HTMLManager: list: Listing contexts for virtual host 'localhost'
24-Feb-2019 16:06:11.991 INFO [http-apr-8080-exec-19] org.apache.catalina.core.ApplicationContext.log HTMLManager: restart: Reloading web application '/patelr'
24-Feb-2019 16:06:12.170 INFO [http-apr-8080-exec-19] org.apache.catalina.core.ApplicationContext.log HTMLManager: list: Listing contexts for virtual host 'localhost'
24-Feb-2019 16:07:10.405 INFO [http-apr-8080-exec-17] org.apache.catalina.core.ApplicationContext.log HTMLManager: restart: Reloading web application '/patelr'
24-Feb-2019 16:07:10.662 INFO [http-apr-8080-exec-17] org.apache.catalina.core.ApplicationContext.log HTMLManager: list: Listing contexts for virtual host 'localhost'
24-Feb-2019 16:09:37.185 INFO [http-apr-8080-exec-28] org.apache.catalina.core.ApplicationContext.log HTMLManager: restart: Reloading web application '/patelr'
24-Feb-2019 16:09:37.420 INFO [http-apr-8080-exec-28] org.apache.catalina.core.ApplicationContext.log HTMLManager: list: Listing contexts for virtual host 'localhost'
24-Feb-2019 16:10:44.220 INFO [http-apr-8080-exec-30] org.apache.catalina.core.ApplicationContext.log HTMLManager: restart: Reloading web application '/patelr'
24-Feb-2019 16:10:44.465 INFO [http-apr-8080-exec-30] org.apache.catalina.core.ApplicationContext.log HTMLManager: list: Listing contexts for virtual host 'localhost'
24-Feb-2019 16:14:18.969 INFO [http-apr-8080-exec-39] org.apache.catalina.core.ApplicationContext.log HTMLManager: restart: Reloading web application '/patelr'
24-Feb-2019 16:14:19.148 INFO [http-apr-8080-exec-39] org.apache.catalina.core.ApplicationContext.log HTMLManager: list: Listing contexts for virtual host 'localhost'
24-Feb-2019 16:16:16.006 INFO [http-apr-8080-exec-45] org.apache.catalina.core.ApplicationContext.log HTMLManager: restart: Reloading web application '/patelr'
24-Feb-2019 16:16:16.197 INFO [http-apr-8080-exec-45] org.apache.catalina.core.ApplicationContext.log HTMLManager: list: Listing contexts for virtual host 'localhost'
24-Feb-2019 16:17:15.101 INFO [http-apr-8080-exec-37] org.apache.catalina.core.ApplicationContext.log HTMLManager: restart: Reloading web application '/patelr'
24-Feb-2019 16:17:15.346 INFO [http-apr-8080-exec-37] org.apache.catalina.core.ApplicationContext.log HTMLManager: list: Listing contexts for virtual host 'localhost'
24-Feb-2019 16:18:02.938 INFO [http-apr-8080-exec-42] org.apache.catalina.core.ApplicationContext.log HTMLManager: list: Listing contexts for virtual host 'localhost'
24-Feb-2019 16:18:05.186 INFO [http-apr-8080-exec-48] org.apache.catalina.core.ApplicationContext.log HTMLManager: restart: Reloading web application '/patelr'
24-Feb-2019 16:18:05.407 INFO [http-apr-8080-exec-48] org.apache.catalina.core.ApplicationContext.log HTMLManager: list: Listing contexts for virtual host 'localhost'
24-Feb-2019 16:18:38.835 INFO [http-apr-8080-exec-55] org.apache.catalina.core.ApplicationContext.log HTMLManager: restart: Reloading web application '/patelr'
24-Feb-2019 16:18:39.019 INFO [http-apr-8080-exec-55] org.apache.catalina.core.ApplicationContext.log HTMLManager: list: Listing contexts for virtual host 'localhost'
24-Feb-2019 16:19:29.383 INFO [http-apr-8080-exec-58] org.apache.catalina.core.ApplicationContext.log HTMLManager: restart: Reloading web application '/patelr'
24-Feb-2019 16:19:29.569 INFO [http-apr-8080-exec-58] org.apache.catalina.core.ApplicationContext.log HTMLManager: list: Listing contexts for virtual host 'localhost'
24-Feb-2019 16:20:54.129 INFO [http-apr-8080-exec-54] org.apache.catalina.core.ApplicationContext.log HTMLManager: restart: Reloading web application '/patelr'
24-Feb-2019 16:20:54.293 INFO [http-apr-8080-exec-54] org.apache.catalina.core.ApplicationContext.log HTMLManager: list: Listing contexts for virtual host 'localhost'
24-Feb-2019 16:22:39.449 INFO [http-apr-8080-exec-64] org.apache.catalina.core.ApplicationContext.log HTMLManager: restart: Reloading web application '/patelr'
24-Feb-2019 16:22:39.640 INFO [http-apr-8080-exec-64] org.apache.catalina.core.ApplicationContext.log HTMLManager: list: Listing contexts for virtual host 'localhost'
24-Feb-2019 16:24:00.149 INFO [http-apr-8080-exec-81] org.apache.catalina.core.ApplicationContext.log HTMLManager: restart: Reloading web application '/patelr'
24-Feb-2019 16:24:00.344 INFO [http-apr-8080-exec-81] org.apache.catalina.core.ApplicationContext.log HTMLManager: list: Listing contexts for virtual host 'localhost'
24-Feb-2019 16:24:40.842 INFO [http-apr-8080-exec-78] org.apache.catalina.core.ApplicationContext.log HTMLManager: restart: Reloading web application '/patelr'
24-Feb-2019 16:24:41.064 INFO [http-apr-8080-exec-78] org.apache.catalina.core.ApplicationContext.log HTMLManager: list: Listing contexts for virtual host 'localhost'
24-Feb-2019 16:25:00.552 INFO [http-apr-8080-exec-87] org.apache.catalina.core.ApplicationContext.log HTMLManager: restart: Reloading web application '/patelr'
24-Feb-2019 16:25:00.771 INFO [http-apr-8080-exec-87] org.apache.catalina.core.ApplicationContext.log HTMLManager: list: Listing contexts for virtual host 'localhost'
24-Feb-2019 16:29:27.242 INFO [http-apr-8080-exec-97] org.apache.catalina.core.ApplicationContext.log HTMLManager: restart: Reloading web application '/patelr'
24-Feb-2019 16:29:27.406 INFO [http-apr-8080-exec-97] org.apache.catalina.core.ApplicationContext.log HTMLManager: list: Listing contexts for virtual host 'localhost'
24-Feb-2019 16:29:56.194 INFO [http-apr-8080-exec-106] org.apache.catalina.core.ApplicationContext.log HTMLManager: restart: Reloading web application '/patelr'
24-Feb-2019 16:29:56.382 INFO [http-apr-8080-exec-106] org.apache.catalina.core.ApplicationContext.log HTMLManager: list: Listing contexts for virtual host 'localhost'
24-Feb-2019 16:38:24.869 INFO [http-apr-8080-exec-108] org.apache.catalina.core.ApplicationContext.log HTMLManager: restart: Reloading web application '/patelr'
24-Feb-2019 16:38:25.082 INFO [http-apr-8080-exec-108] org.apache.catalina.core.ApplicationContext.log HTMLManager: list: Listing contexts for virtual host 'localhost'
24-Feb-2019 16:39:26.786 INFO [http-apr-8080-exec-118] org.apache.catalina.core.ApplicationContext.log HTMLManager: restart: Reloading web application '/patelr'
24-Feb-2019 16:39:27.001 INFO [http-apr-8080-exec-118] org.apache.catalina.core.ApplicationContext.log HTMLManager: list: Listing contexts for virtual host 'localhost'
24-Feb-2019 16:39:50.641 INFO [http-apr-8080-exec-116] org.apache.catalina.core.ApplicationContext.log HTMLManager: restart: Reloading web application '/patelr'
24-Feb-2019 16:39:50.838 INFO [http-apr-8080-exec-116] org.apache.catalina.core.ApplicationContext.log HTMLManager: list: Listing contexts for virtual host 'localhost'
24-Feb-2019 16:40:47.066 INFO [http-apr-8080-exec-109] org.apache.catalina.core.ApplicationContext.log HTMLManager: restart: Reloading web application '/patelr'
24-Feb-2019 16:40:47.301 INFO [http-apr-8080-exec-109] org.apache.catalina.core.ApplicationContext.log HTMLManager: list: Listing contexts for virtual host 'localhost'
24-Feb-2019 16:42:20.717 INFO [http-apr-8080-exec-127] org.apache.catalina.core.ApplicationContext.log HTMLManager: restart: Reloading web application '/patelr'
24-Feb-2019 16:42:20.940 INFO [http-apr-8080-exec-127] org.apache.catalina.core.ApplicationContext.log HTMLManager: list: Listing contexts for virtual host 'localhost'
24-Feb-2019 16:42:43.518 INFO [http-apr-8080-exec-123] org.apache.catalina.core.ApplicationContext.log HTMLManager: restart: Reloading web application '/patelr'
24-Feb-2019 16:42:43.683 INFO [http-apr-8080-exec-123] org.apache.catalina.core.ApplicationContext.log HTMLManager: list: Listing contexts for virtual host 'localhost'
24-Feb-2019 16:44:48.064 INFO [http-apr-8080-exec-136] org.apache.catalina.core.ApplicationContext.log HTMLManager: restart: Reloading web application '/patelr'
24-Feb-2019 16:44:48.271 INFO [http-apr-8080-exec-136] org.apache.catalina.core.ApplicationContext.log HTMLManager: list: Listing contexts for virtual host 'localhost'
24-Feb-2019 16:46:10.008 INFO [http-apr-8080-exec-126] org.apache.catalina.core.ApplicationContext.log HTMLManager: restart: Reloading web application '/examples'
24-Feb-2019 16:46:10.500 INFO [http-apr-8080-exec-126] org.apache.catalina.core.ApplicationContext.log HTMLManager: list: Listing contexts for virtual host 'localhost'
24-Feb-2019 16:48:09.695 INFO [http-apr-8080-exec-145] org.apache.catalina.core.ApplicationContext.log HTMLManager: restart: Reloading web application '/patelr'
24-Feb-2019 16:48:09.877 INFO [http-apr-8080-exec-145] org.apache.catalina.core.ApplicationContext.log HTMLManager: list: Listing contexts for virtual host 'localhost'
24-Feb-2019 16:48:47.508 INFO [http-apr-8080-exec-148] org.apache.catalina.core.ApplicationContext.log HTMLManager: restart: Reloading web application '/patelr'
24-Feb-2019 16:48:47.713 INFO [http-apr-8080-exec-148] org.apache.catalina.core.ApplicationContext.log HTMLManager: list: Listing contexts for virtual host 'localhost'
24-Feb-2019 16:49:38.870 INFO [http-apr-8080-exec-155] org.apache.catalina.core.ApplicationContext.log HTMLManager: restart: Reloading web application '/patelr'
24-Feb-2019 16:49:39.063 INFO [http-apr-8080-exec-155] org.apache.catalina.core.ApplicationContext.log HTMLManager: list: Listing contexts for virtual host 'localhost'
24-Feb-2019 16:50:03.905 INFO [http-apr-8080-exec-134] org.apache.catalina.core.ApplicationContext.log HTMLManager: restart: Reloading web application '/patelr'
24-Feb-2019 16:50:04.100 INFO [http-apr-8080-exec-134] org.apache.catalina.core.ApplicationContext.log HTMLManager: list: Listing contexts for virtual host 'localhost'
24-Feb-2019 16:51:16.849 INFO [http-apr-8080-exec-141] org.apache.catalina.core.ApplicationContext.log HTMLManager: restart: Reloading web application '/patelr'
24-Feb-2019 16:51:17.074 INFO [http-apr-8080-exec-141] org.apache.catalina.core.ApplicationContext.log HTMLManager: list: Listing contexts for virtual host 'localhost'
24-Feb-2019 16:52:01.517 INFO [http-apr-8080-exec-134] org.apache.catalina.core.ApplicationContext.log HTMLManager: restart: Reloading web application '/patelr'
24-Feb-2019 16:52:01.734 INFO [http-apr-8080-exec-134] org.apache.catalina.core.ApplicationContext.log HTMLManager: list: Listing contexts for virtual host 'localhost'
24-Feb-2019 16:53:04.092 INFO [http-apr-8080-exec-162] org.apache.catalina.core.ApplicationContext.log HTMLManager: restart: Reloading web application '/patelr'
24-Feb-2019 16:53:04.296 INFO [http-apr-8080-exec-162] org.apache.catalina.core.ApplicationContext.log HTMLManager: list: Listing contexts for virtual host 'localhost'
24-Feb-2019 16:53:57.677 INFO [http-apr-8080-exec-143] org.apache.catalina.core.ApplicationContext.log HTMLManager: restart: Reloading web application '/examples'
24-Feb-2019 16:53:58.157 INFO [http-apr-8080-exec-143] org.apache.catalina.core.ApplicationContext.log HTMLManager: list: Listing contexts for virtual host 'localhost'
24-Feb-2019 16:54:05.157 INFO [http-apr-8080-exec-168] org.apache.catalina.core.ApplicationContext.log HTMLManager: restart: Reloading web application '/patelr'
24-Feb-2019 16:54:05.326 INFO [http-apr-8080-exec-168] org.apache.catalina.core.ApplicationContext.log HTMLManager: list: Listing contexts for virtual host 'localhost'
24-Feb-2019 16:54:44.899 INFO [http-apr-8080-exec-160] org.apache.catalina.core.ApplicationContext.log HTMLManager: restart: Reloading web application '/patelr'
24-Feb-2019 16:54:45.139 INFO [http-apr-8080-exec-160] org.apache.catalina.core.ApplicationContext.log HTMLManager: list: Listing contexts for virtual host 'localhost'
24-Feb-2019 19:04:05.616 INFO [http-apr-8080-exec-5] org.apache.catalina.core.ApplicationContext.log HTMLManager: init: Associated with Deployer 'Catalina:type=Deployer,host=localhost'
24-Feb-2019 19:04:05.616 INFO [http-apr-8080-exec-5] org.apache.catalina.core.ApplicationContext.log HTMLManager: init: Global resources are available
24-Feb-2019 19:04:05.628 INFO [http-apr-8080-exec-5] org.apache.catalina.core.ApplicationContext.log HTMLManager: list: Listing contexts for virtual host 'localhost'
24-Feb-2019 19:05:57.287 INFO [http-apr-8080-exec-9] org.apache.catalina.core.ApplicationContext.log HTMLManager: restart: Reloading web application '/patelr'
24-Feb-2019 19:05:57.583 INFO [http-apr-8080-exec-9] org.apache.catalina.core.ApplicationContext.log HTMLManager: list: Listing contexts for virtual host 'localhost'
24-Feb-2019 19:06:02.418 INFO [http-apr-8080-exec-2] org.apache.catalina.core.ApplicationContext.log HTMLManager: restart: Reloading web application '/demo - Copy'
24-Feb-2019 19:06:02.634 INFO [http-apr-8080-exec-2] org.apache.catalina.core.ApplicationContext.log HTMLManager: list: Listing contexts for virtual host 'localhost'
24-Feb-2019 19:12:07.753 INFO [http-apr-8080-exec-14] org.apache.catalina.core.ApplicationContext.log HTMLManager: restart: Reloading web application '/patelr'
24-Feb-2019 19:12:07.993 INFO [http-apr-8080-exec-14] org.apache.catalina.core.ApplicationContext.log HTMLManager: list: Listing contexts for virtual host 'localhost'
24-Feb-2019 19:13:21.897 INFO [http-apr-8080-exec-24] org.apache.catalina.core.ApplicationContext.log HTMLManager: restart: Reloading web application '/patelr'
24-Feb-2019 19:13:22.105 INFO [http-apr-8080-exec-24] org.apache.catalina.core.ApplicationContext.log HTMLManager: list: Listing contexts for virtual host 'localhost'
24-Feb-2019 19:13:57.765 INFO [http-apr-8080-exec-27] org.apache.catalina.core.ApplicationContext.log HTMLManager: restart: Reloading web application '/patelr'
24-Feb-2019 19:13:58.009 INFO [http-apr-8080-exec-27] org.apache.catalina.core.ApplicationContext.log HTMLManager: list: Listing contexts for virtual host 'localhost'
24-Feb-2019 19:14:16.625 INFO [http-apr-8080-exec-22] org.apache.catalina.core.ApplicationContext.log HTMLManager: restart: Reloading web application '/patelr'
24-Feb-2019 19:14:16.849 INFO [http-apr-8080-exec-22] org.apache.catalina.core.ApplicationContext.log HTMLManager: list: Listing contexts for virtual host 'localhost'
24-Feb-2019 19:14:42.216 INFO [http-apr-8080-exec-20] org.apache.catalina.core.ApplicationContext.log HTMLManager: restart: Reloading web application '/patelr'
24-Feb-2019 19:14:42.404 INFO [http-apr-8080-exec-20] org.apache.catalina.core.ApplicationContext.log HTMLManager: list: Listing contexts for virtual host 'localhost'
24-Feb-2019 19:15:34.684 INFO [http-apr-8080-exec-13] org.apache.catalina.core.ApplicationContext.log HTMLManager: restart: Reloading web application '/patelr'
24-Feb-2019 19:15:34.900 INFO [http-apr-8080-exec-13] org.apache.catalina.core.ApplicationContext.log HTMLManager: list: Listing contexts for virtual host 'localhost'
24-Feb-2019 19:16:00.559 INFO [http-apr-8080-exec-36] org.apache.catalina.core.ApplicationContext.log HTMLManager: restart: Reloading web application '/patelr'
24-Feb-2019 19:16:00.799 INFO [http-apr-8080-exec-36] org.apache.catalina.core.ApplicationContext.log HTMLManager: list: Listing contexts for virtual host 'localhost'
24-Feb-2019 19:18:32.064 INFO [http-apr-8080-exec-46] org.apache.catalina.core.ApplicationContext.log HTMLManager: restart: Reloading web application '/patelr'
24-Feb-2019 19:18:32.251 INFO [http-apr-8080-exec-46] org.apache.catalina.core.ApplicationContext.log HTMLManager: list: Listing contexts for virtual host 'localhost'
24-Feb-2019 19:19:08.525 INFO [http-apr-8080-exec-43] org.apache.catalina.core.ApplicationContext.log HTMLManager: restart: Reloading web application '/patelr'
24-Feb-2019 19:19:08.729 INFO [http-apr-8080-exec-43] org.apache.catalina.core.ApplicationContext.log HTMLManager: list: Listing contexts for virtual host 'localhost'
24-Feb-2019 19:22:06.440 INFO [http-apr-8080-exec-59] org.apache.catalina.core.ApplicationContext.log HTMLManager: restart: Reloading web application '/patelr'
24-Feb-2019 19:22:06.667 INFO [http-apr-8080-exec-59] org.apache.catalina.core.ApplicationContext.log HTMLManager: list: Listing contexts for virtual host 'localhost'
24-Feb-2019 19:33:16.881 INFO [http-apr-8080-exec-67] org.apache.catalina.core.ApplicationContext.log HTMLManager: restart: Reloading web application '/patelr'
24-Feb-2019 19:33:17.073 INFO [http-apr-8080-exec-67] org.apache.catalina.core.ApplicationContext.log HTMLManager: list: Listing contexts for virtual host 'localhost'
24-Feb-2019 19:35:00.937 INFO [http-apr-8080-exec-79] org.apache.catalina.core.ApplicationContext.log HTMLManager: restart: Reloading web application '/patelr'
24-Feb-2019 19:35:01.173 INFO [http-apr-8080-exec-79] org.apache.catalina.core.ApplicationContext.log HTMLManager: list: Listing contexts for virtual host 'localhost'
24-Feb-2019 19:41:53.295 INFO [http-apr-8080-exec-91] org.apache.catalina.core.ApplicationContext.log HTMLManager: restart: Reloading web application '/patelr'
24-Feb-2019 19:41:53.575 INFO [http-apr-8080-exec-91] org.apache.catalina.core.ApplicationContext.log HTMLManager: list: Listing contexts for virtual host 'localhost'
24-Feb-2019 19:43:28.461 INFO [http-apr-8080-exec-94] org.apache.catalina.core.ApplicationContext.log HTMLManager: restart: Reloading web application '/patelr'
24-Feb-2019 19:43:28.661 INFO [http-apr-8080-exec-94] org.apache.catalina.core.ApplicationContext.log HTMLManager: list: Listing contexts for virtual host 'localhost'
24-Feb-2019 19:45:49.117 INFO [http-apr-8080-exec-99] org.apache.catalina.core.ApplicationContext.log HTMLManager: restart: Reloading web application '/patelr'
24-Feb-2019 19:45:49.309 INFO [http-apr-8080-exec-99] org.apache.catalina.core.ApplicationContext.log HTMLManager: list: Listing contexts for virtual host 'localhost'
24-Feb-2019 19:47:45.689 INFO [http-apr-8080-exec-108] org.apache.catalina.core.ApplicationContext.log HTMLManager: restart: Reloading web application '/patelr'
24-Feb-2019 19:47:45.909 INFO [http-apr-8080-exec-108] org.apache.catalina.core.ApplicationContext.log HTMLManager: list: Listing contexts for virtual host 'localhost'
24-Feb-2019 19:49:35.075 INFO [http-apr-8080-exec-112] org.apache.catalina.core.ApplicationContext.log HTMLManager: list: Listing contexts for virtual host 'localhost'
24-Feb-2019 19:49:37.209 INFO [http-apr-8080-exec-117] org.apache.catalina.core.ApplicationContext.log HTMLManager: restart: Reloading web application '/patelr'
24-Feb-2019 19:49:37.401 INFO [http-apr-8080-exec-117] org.apache.catalina.core.ApplicationContext.log HTMLManager: list: Listing contexts for virtual host 'localhost'
24-Feb-2019 19:50:41.549 INFO [http-apr-8080-exec-123] org.apache.catalina.core.ApplicationContext.log HTMLManager: restart: Reloading web application '/patelr'
24-Feb-2019 19:50:41.725 INFO [http-apr-8080-exec-123] org.apache.catalina.core.ApplicationContext.log HTMLManager: list: Listing contexts for virtual host 'localhost'
24-Feb-2019 19:51:52.185 INFO [http-apr-8080-exec-128] org.apache.catalina.core.ApplicationContext.log HTMLManager: restart: Reloading web application '/patelr'
24-Feb-2019 19:51:52.425 INFO [http-apr-8080-exec-128] org.apache.catalina.core.ApplicationContext.log HTMLManager: list: Listing contexts for virtual host 'localhost'
