29-Mar-2019 08:56:54.329 INFO [http-apr-8080-exec-5] org.apache.catalina.core.ApplicationContext.log HTMLManager: init: Associated with Deployer 'Catalina:type=Deployer,host=localhost'
29-Mar-2019 08:56:54.329 INFO [http-apr-8080-exec-5] org.apache.catalina.core.ApplicationContext.log HTMLManager: init: Global resources are available
29-Mar-2019 08:56:54.373 INFO [http-apr-8080-exec-5] org.apache.catalina.core.ApplicationContext.log HTMLManager: list: Listing contexts for virtual host 'localhost'
29-Mar-2019 08:57:00.612 INFO [http-apr-8080-exec-6] org.apache.catalina.core.ApplicationContext.log HTMLManager: restart: Reloading web application '/patelr'
29-Mar-2019 08:57:01.108 INFO [http-apr-8080-exec-6] org.apache.catalina.core.ApplicationContext.log HTMLManager: list: Listing contexts for virtual host 'localhost'
29-Mar-2019 08:57:24.430 INFO [http-apr-8080-exec-3] org.apache.catalina.core.ApplicationContext.log HTMLManager: restart: Reloading web application '/gg'
29-Mar-2019 08:57:24.812 INFO [http-apr-8080-exec-3] org.apache.catalina.core.ApplicationContext.log HTMLManager: list: Listing contexts for virtual host 'localhost'
29-Mar-2019 08:59:06.046 INFO [http-apr-8080-exec-15] org.apache.catalina.core.ApplicationContext.log HTMLManager: restart: Reloading web application '/gg'
29-Mar-2019 08:59:06.651 INFO [http-apr-8080-exec-15] org.apache.catalina.core.ApplicationContext.log HTMLManager: list: Listing contexts for virtual host 'localhost'
29-Mar-2019 08:59:46.334 INFO [http-apr-8080-exec-1] org.apache.catalina.core.ApplicationContext.log HTMLManager: restart: Reloading web application '/gg'
29-Mar-2019 08:59:46.654 INFO [http-apr-8080-exec-1] org.apache.catalina.core.ApplicationContext.log HTMLManager: list: Listing contexts for virtual host 'localhost'
29-Mar-2019 09:03:36.905 INFO [http-apr-8080-exec-30] org.apache.catalina.core.ApplicationContext.log HTMLManager: restart: Reloading web application '/gg'
29-Mar-2019 09:03:37.155 INFO [http-apr-8080-exec-30] org.apache.catalina.core.ApplicationContext.log HTMLManager: list: Listing contexts for virtual host 'localhost'
29-Mar-2019 09:04:54.801 INFO [http-apr-8080-exec-37] org.apache.catalina.core.ApplicationContext.log HTMLManager: restart: Reloading web application '/gg'
29-Mar-2019 09:04:55.072 INFO [http-apr-8080-exec-37] org.apache.catalina.core.ApplicationContext.log HTMLManager: list: Listing contexts for virtual host 'localhost'
29-Mar-2019 09:06:34.301 INFO [http-apr-8080-exec-41] org.apache.catalina.core.ApplicationContext.log HTMLManager: restart: Reloading web application '/gg'
29-Mar-2019 09:06:34.575 INFO [http-apr-8080-exec-41] org.apache.catalina.core.ApplicationContext.log HTMLManager: list: Listing contexts for virtual host 'localhost'
29-Mar-2019 09:08:24.791 INFO [http-apr-8080-exec-55] org.apache.catalina.core.ApplicationContext.log HTMLManager: restart: Reloading web application '/gg'
29-Mar-2019 09:08:25.086 INFO [http-apr-8080-exec-55] org.apache.catalina.core.ApplicationContext.log HTMLManager: list: Listing contexts for virtual host 'localhost'
29-Mar-2019 09:10:25.549 INFO [http-apr-8080-exec-68] org.apache.catalina.core.ApplicationContext.log HTMLManager: restart: Reloading web application '/gg'
29-Mar-2019 09:10:25.891 INFO [http-apr-8080-exec-68] org.apache.catalina.core.ApplicationContext.log HTMLManager: list: Listing contexts for virtual host 'localhost'
29-Mar-2019 09:11:21.368 INFO [http-apr-8080-exec-64] org.apache.catalina.core.ApplicationContext.log HTMLManager: restart: Reloading web application '/gg'
29-Mar-2019 09:11:21.612 INFO [http-apr-8080-exec-64] org.apache.catalina.core.ApplicationContext.log HTMLManager: list: Listing contexts for virtual host 'localhost'
29-Mar-2019 09:12:15.208 INFO [http-apr-8080-exec-64] org.apache.catalina.core.ApplicationContext.log HTMLManager: restart: Reloading web application '/gg'
29-Mar-2019 09:12:15.445 INFO [http-apr-8080-exec-64] org.apache.catalina.core.ApplicationContext.log HTMLManager: list: Listing contexts for virtual host 'localhost'
29-Mar-2019 09:13:01.331 INFO [http-apr-8080-exec-64] org.apache.catalina.core.ApplicationContext.log HTMLManager: restart: Reloading web application '/gg'
29-Mar-2019 09:13:01.670 INFO [http-apr-8080-exec-64] org.apache.catalina.core.ApplicationContext.log HTMLManager: list: Listing contexts for virtual host 'localhost'
29-Mar-2019 09:16:27.166 INFO [http-apr-8080-exec-86] org.apache.catalina.core.ApplicationContext.log HTMLManager: restart: Reloading web application '/patelr'
29-Mar-2019 09:16:27.406 INFO [http-apr-8080-exec-86] org.apache.catalina.core.ApplicationContext.log HTMLManager: list: Listing contexts for virtual host 'localhost'
29-Mar-2019 09:16:57.422 INFO [http-apr-8080-exec-87] org.apache.catalina.core.ApplicationContext.log HTMLManager: restart: Reloading web application '/patelr'
29-Mar-2019 09:16:57.679 INFO [http-apr-8080-exec-87] org.apache.catalina.core.ApplicationContext.log HTMLManager: list: Listing contexts for virtual host 'localhost'
29-Mar-2019 09:19:36.367 INFO [http-apr-8080-exec-105] org.apache.catalina.core.ApplicationContext.log HTMLManager: restart: Reloading web application '/patelr'
29-Mar-2019 09:19:36.611 INFO [http-apr-8080-exec-105] org.apache.catalina.core.ApplicationContext.log HTMLManager: list: Listing contexts for virtual host 'localhost'
29-Mar-2019 09:20:29.921 INFO [http-apr-8080-exec-103] org.apache.catalina.core.ApplicationContext.log HTMLManager: restart: Reloading web application '/patelr'
29-Mar-2019 09:20:30.133 INFO [http-apr-8080-exec-103] org.apache.catalina.core.ApplicationContext.log HTMLManager: list: Listing contexts for virtual host 'localhost'
29-Mar-2019 09:20:33.569 INFO [http-apr-8080-exec-109] org.apache.catalina.core.ApplicationContext.log HTMLManager: restart: Reloading web application '/patelr'
29-Mar-2019 09:20:33.801 INFO [http-apr-8080-exec-109] org.apache.catalina.core.ApplicationContext.log HTMLManager: list: Listing contexts for virtual host 'localhost'
29-Mar-2019 09:21:33.598 INFO [http-apr-8080-exec-117] org.apache.catalina.core.ApplicationContext.log HTMLManager: restart: Reloading web application '/patelr'
29-Mar-2019 09:21:33.857 INFO [http-apr-8080-exec-117] org.apache.catalina.core.ApplicationContext.log HTMLManager: list: Listing contexts for virtual host 'localhost'
29-Mar-2019 09:21:36.140 INFO [http-apr-8080-exec-111] org.apache.catalina.core.ApplicationContext.log HTMLManager: restart: Reloading web application '/patelr'
29-Mar-2019 09:21:36.340 INFO [http-apr-8080-exec-111] org.apache.catalina.core.ApplicationContext.log HTMLManager: list: Listing contexts for virtual host 'localhost'
29-Mar-2019 09:22:40.194 INFO [http-apr-8080-exec-116] org.apache.catalina.core.ApplicationContext.log HTMLManager: restart: Reloading web application '/patelr'
29-Mar-2019 09:22:40.437 INFO [http-apr-8080-exec-116] org.apache.catalina.core.ApplicationContext.log HTMLManager: list: Listing contexts for virtual host 'localhost'
29-Mar-2019 09:24:38.319 INFO [http-apr-8080-exec-125] org.apache.catalina.core.ApplicationContext.log HTMLManager: restart: Reloading web application '/patelr'
29-Mar-2019 09:24:38.554 INFO [http-apr-8080-exec-125] org.apache.catalina.core.ApplicationContext.log HTMLManager: list: Listing contexts for virtual host 'localhost'
29-Mar-2019 09:26:53.454 INFO [http-apr-8080-exec-134] org.apache.catalina.core.ApplicationContext.log HTMLManager: restart: Reloading web application '/patelr'
29-Mar-2019 09:26:53.649 INFO [http-apr-8080-exec-134] org.apache.catalina.core.ApplicationContext.log HTMLManager: list: Listing contexts for virtual host 'localhost'
29-Mar-2019 09:31:59.456 INFO [http-apr-8080-exec-143] org.apache.catalina.core.ApplicationContext.log HTMLManager: restart: Reloading web application '/patelr'
29-Mar-2019 09:31:59.713 INFO [http-apr-8080-exec-143] org.apache.catalina.core.ApplicationContext.log HTMLManager: list: Listing contexts for virtual host 'localhost'
29-Mar-2019 09:38:55.244 INFO [http-apr-8080-exec-150] org.apache.catalina.core.ApplicationContext.log HTMLManager: restart: Reloading web application '/patelr'
29-Mar-2019 09:38:55.482 INFO [http-apr-8080-exec-150] org.apache.catalina.core.ApplicationContext.log HTMLManager: list: Listing contexts for virtual host 'localhost'
29-Mar-2019 09:43:24.115 INFO [http-apr-8080-exec-162] org.apache.catalina.core.ApplicationContext.log HTMLManager: restart: Reloading web application '/patelr'
29-Mar-2019 09:43:24.330 INFO [http-apr-8080-exec-162] org.apache.catalina.core.ApplicationContext.log HTMLManager: list: Listing contexts for virtual host 'localhost'
29-Mar-2019 09:46:11.878 INFO [http-apr-8080-exec-173] org.apache.catalina.core.ApplicationContext.log HTMLManager: restart: Reloading web application '/gg'
29-Mar-2019 09:46:12.132 INFO [http-apr-8080-exec-173] org.apache.catalina.core.ApplicationContext.log HTMLManager: list: Listing contexts for virtual host 'localhost'
29-Mar-2019 09:57:04.346 INFO [http-apr-8080-exec-186] org.apache.catalina.core.ApplicationContext.log HTMLManager: restart: Reloading web application '/patelr'
29-Mar-2019 09:57:04.602 INFO [http-apr-8080-exec-186] org.apache.catalina.core.ApplicationContext.log HTMLManager: list: Listing contexts for virtual host 'localhost'
