11-Apr-2019 05:07:38.397 INFO [http-apr-8080-exec-7] org.apache.catalina.core.ApplicationContext.log HTMLManager: init: Associated with Deployer 'Catalina:type=Deployer,host=localhost'
11-Apr-2019 05:07:38.397 INFO [http-apr-8080-exec-7] org.apache.catalina.core.ApplicationContext.log HTMLManager: init: Global resources are available
11-Apr-2019 05:07:38.437 INFO [http-apr-8080-exec-7] org.apache.catalina.core.ApplicationContext.log HTMLManager: list: Listing contexts for virtual host 'localhost'
11-Apr-2019 06:29:22.169 INFO [http-apr-8080-exec-2] org.apache.catalina.core.ApplicationContext.log HTMLManager: list: Listing contexts for virtual host 'localhost'
11-Apr-2019 06:29:23.514 INFO [http-apr-8080-exec-3] org.apache.catalina.core.ApplicationContext.log HTMLManager: list: Listing contexts for virtual host 'localhost'
11-Apr-2019 06:29:24.523 INFO [http-apr-8080-exec-6] org.apache.catalina.core.ApplicationContext.log HTMLManager: list: Listing contexts for virtual host 'localhost'
11-Apr-2019 06:29:26.301 INFO [http-apr-8080-exec-10] org.apache.catalina.core.ApplicationContext.log HTMLManager: restart: Reloading web application '/gg'
11-Apr-2019 06:29:26.908 INFO [http-apr-8080-exec-10] org.apache.catalina.core.ApplicationContext.log HTMLManager: list: Listing contexts for virtual host 'localhost'
11-Apr-2019 06:31:48.235 INFO [http-apr-8080-exec-13] org.apache.catalina.core.ApplicationContext.log HTMLManager: restart: Reloading web application '/gg'
11-Apr-2019 06:31:49.003 INFO [http-apr-8080-exec-13] org.apache.catalina.core.ApplicationContext.log HTMLManager: list: Listing contexts for virtual host 'localhost'
11-Apr-2019 06:37:16.807 INFO [http-apr-8080-exec-19] org.apache.catalina.core.ApplicationContext.log HTMLManager: restart: Reloading web application '/gg'
11-Apr-2019 06:37:17.256 INFO [http-apr-8080-exec-19] org.apache.catalina.core.ApplicationContext.log HTMLManager: list: Listing contexts for virtual host 'localhost'
11-Apr-2019 06:41:53.304 INFO [http-apr-8080-exec-31] org.apache.catalina.core.ApplicationContext.log HTMLManager: restart: Reloading web application '/gg'
11-Apr-2019 06:41:53.593 INFO [http-apr-8080-exec-31] org.apache.catalina.core.ApplicationContext.log HTMLManager: list: Listing contexts for virtual host 'localhost'
11-Apr-2019 06:46:06.490 INFO [http-apr-8080-exec-40] org.apache.catalina.core.ApplicationContext.log HTMLManager: restart: Reloading web application '/host-manager'
11-Apr-2019 06:46:06.737 INFO [http-apr-8080-exec-40] org.apache.catalina.core.ApplicationContext.log HTMLManager: list: Listing contexts for virtual host 'localhost'
11-Apr-2019 06:51:09.502 INFO [http-apr-8080-exec-49] org.apache.catalina.core.ApplicationContext.log HTMLManager: restart: Reloading web application '/gg'
11-Apr-2019 06:51:09.906 INFO [http-apr-8080-exec-49] org.apache.catalina.core.ApplicationContext.log HTMLManager: list: Listing contexts for virtual host 'localhost'
11-Apr-2019 06:53:38.993 INFO [http-apr-8080-exec-61] org.apache.catalina.core.ApplicationContext.log HTMLManager: restart: Reloading web application '/gg'
11-Apr-2019 06:53:39.296 INFO [http-apr-8080-exec-61] org.apache.catalina.core.ApplicationContext.log HTMLManager: list: Listing contexts for virtual host 'localhost'
11-Apr-2019 07:06:01.936 INFO [http-apr-8080-exec-74] org.apache.catalina.core.ApplicationContext.log HTMLManager: restart: Reloading web application '/gg'
11-Apr-2019 07:06:02.265 INFO [http-apr-8080-exec-74] org.apache.catalina.core.ApplicationContext.log HTMLManager: list: Listing contexts for virtual host 'localhost'
11-Apr-2019 07:09:18.990 INFO [http-apr-8080-exec-79] org.apache.catalina.core.ApplicationContext.log HTMLManager: restart: Reloading web application '/host-manager'
11-Apr-2019 07:09:19.237 INFO [http-apr-8080-exec-79] org.apache.catalina.core.ApplicationContext.log HTMLManager: list: Listing contexts for virtual host 'localhost'
11-Apr-2019 07:09:36.393 INFO [http-apr-8080-exec-85] org.apache.catalina.core.ApplicationContext.log HTMLManager: restart: Reloading web application '/host-manager'
11-Apr-2019 07:09:36.561 INFO [http-apr-8080-exec-85] org.apache.catalina.core.ApplicationContext.log HTMLManager: list: Listing contexts for virtual host 'localhost'
11-Apr-2019 07:12:41.125 INFO [http-apr-8080-exec-89] org.apache.catalina.core.ApplicationContext.log HTMLManager: restart: Reloading web application '/gg'
11-Apr-2019 07:12:41.360 INFO [http-apr-8080-exec-89] org.apache.catalina.core.ApplicationContext.log HTMLManager: list: Listing contexts for virtual host 'localhost'
11-Apr-2019 07:15:05.771 INFO [http-apr-8080-exec-100] org.apache.catalina.core.ApplicationContext.log HTMLManager: restart: Reloading web application '/gg'
11-Apr-2019 07:15:06.125 INFO [http-apr-8080-exec-100] org.apache.catalina.core.ApplicationContext.log HTMLManager: list: Listing contexts for virtual host 'localhost'
11-Apr-2019 07:46:38.411 INFO [http-apr-8080-exec-5] org.apache.catalina.core.ApplicationContext.log HTMLManager: init: Associated with Deployer 'Catalina:type=Deployer,host=localhost'
11-Apr-2019 07:46:38.412 INFO [http-apr-8080-exec-5] org.apache.catalina.core.ApplicationContext.log HTMLManager: init: Global resources are available
11-Apr-2019 07:46:38.423 INFO [http-apr-8080-exec-5] org.apache.catalina.core.ApplicationContext.log HTMLManager: list: Listing contexts for virtual host 'localhost'
11-Apr-2019 07:47:23.153 INFO [http-apr-8080-exec-7] org.apache.catalina.core.ApplicationContext.log HTMLManager: restart: Reloading web application '/gg'
11-Apr-2019 07:47:23.480 INFO [http-apr-8080-exec-7] org.apache.catalina.core.ApplicationContext.log HTMLManager: list: Listing contexts for virtual host 'localhost'
11-Apr-2019 07:51:37.867 INFO [http-apr-8080-exec-11] org.apache.catalina.core.ApplicationContext.log HTMLManager: restart: Reloading web application '/host-manager'
11-Apr-2019 07:51:38.183 INFO [http-apr-8080-exec-11] org.apache.catalina.core.ApplicationContext.log HTMLManager: list: Listing contexts for virtual host 'localhost'
11-Apr-2019 07:51:44.899 INFO [http-apr-8080-exec-10] org.apache.catalina.core.ApplicationContext.log HTMLManager: restart: Reloading web application '/gg'
11-Apr-2019 07:51:45.279 INFO [http-apr-8080-exec-10] org.apache.catalina.core.ApplicationContext.log HTMLManager: list: Listing contexts for virtual host 'localhost'
11-Apr-2019 07:55:27.924 INFO [http-apr-8080-exec-22] org.apache.catalina.core.ApplicationContext.log HTMLManager: restart: Reloading web application '/gg'
11-Apr-2019 07:55:28.232 INFO [http-apr-8080-exec-22] org.apache.catalina.core.ApplicationContext.log HTMLManager: list: Listing contexts for virtual host 'localhost'
11-Apr-2019 07:56:04.670 INFO [http-apr-8080-exec-26] org.apache.catalina.core.ApplicationContext.log HTMLManager: restart: Reloading web application '/gg'
11-Apr-2019 07:56:04.961 INFO [http-apr-8080-exec-26] org.apache.catalina.core.ApplicationContext.log HTMLManager: list: Listing contexts for virtual host 'localhost'
11-Apr-2019 07:58:13.012 INFO [http-apr-8080-exec-32] org.apache.catalina.core.ApplicationContext.log HTMLManager: restart: Reloading web application '/gg'
11-Apr-2019 07:58:13.372 INFO [http-apr-8080-exec-32] org.apache.catalina.core.ApplicationContext.log HTMLManager: list: Listing contexts for virtual host 'localhost'
11-Apr-2019 07:59:48.723 INFO [http-apr-8080-exec-36] org.apache.catalina.core.ApplicationContext.log HTMLManager: restart: Reloading web application '/gg'
11-Apr-2019 07:59:49.037 INFO [http-apr-8080-exec-36] org.apache.catalina.core.ApplicationContext.log HTMLManager: list: Listing contexts for virtual host 'localhost'
11-Apr-2019 08:02:27.889 INFO [http-apr-8080-exec-41] org.apache.catalina.core.ApplicationContext.log HTMLManager: restart: Reloading web application '/gg'
11-Apr-2019 08:02:28.140 INFO [http-apr-8080-exec-41] org.apache.catalina.core.ApplicationContext.log HTMLManager: list: Listing contexts for virtual host 'localhost'
11-Apr-2019 08:03:29.859 INFO [http-apr-8080-exec-47] org.apache.catalina.core.ApplicationContext.log HTMLManager: restart: Reloading web application '/gg'
11-Apr-2019 08:03:30.139 INFO [http-apr-8080-exec-47] org.apache.catalina.core.ApplicationContext.log HTMLManager: list: Listing contexts for virtual host 'localhost'
11-Apr-2019 08:20:33.226 INFO [http-apr-8080-exec-52] org.apache.catalina.core.ApplicationContext.log HTMLManager: restart: Reloading web application '/host-manager'
11-Apr-2019 08:20:33.490 INFO [http-apr-8080-exec-52] org.apache.catalina.core.ApplicationContext.log HTMLManager: list: Listing contexts for virtual host 'localhost'
11-Apr-2019 08:20:47.046 INFO [http-apr-8080-exec-58] org.apache.catalina.core.ApplicationContext.log HTMLManager: restart: Reloading web application '/gg'
11-Apr-2019 08:20:47.452 INFO [http-apr-8080-exec-58] org.apache.catalina.core.ApplicationContext.log HTMLManager: list: Listing contexts for virtual host 'localhost'
11-Apr-2019 08:23:07.998 INFO [http-apr-8080-exec-64] org.apache.catalina.core.ApplicationContext.log HTMLManager: restart: Reloading web application '/gg'
11-Apr-2019 08:23:08.334 INFO [http-apr-8080-exec-64] org.apache.catalina.core.ApplicationContext.log HTMLManager: list: Listing contexts for virtual host 'localhost'
11-Apr-2019 08:32:13.941 INFO [http-apr-8080-exec-72] org.apache.catalina.core.ApplicationContext.log HTMLManager: restart: Reloading web application '/host-manager'
11-Apr-2019 08:32:14.501 INFO [http-apr-8080-exec-72] org.apache.catalina.core.ApplicationContext.log HTMLManager: list: Listing contexts for virtual host 'localhost'
11-Apr-2019 08:34:01.043 INFO [http-apr-8080-exec-5] org.apache.catalina.core.ApplicationContext.log HTMLManager: init: Associated with Deployer 'Catalina:type=Deployer,host=localhost'
11-Apr-2019 08:34:01.043 INFO [http-apr-8080-exec-5] org.apache.catalina.core.ApplicationContext.log HTMLManager: init: Global resources are available
11-Apr-2019 08:34:01.062 INFO [http-apr-8080-exec-5] org.apache.catalina.core.ApplicationContext.log HTMLManager: list: Listing contexts for virtual host 'localhost'
11-Apr-2019 08:34:04.035 INFO [http-apr-8080-exec-6] org.apache.catalina.core.ApplicationContext.log HTMLManager: restart: Reloading web application '/gg'
11-Apr-2019 08:34:04.434 INFO [http-apr-8080-exec-6] org.apache.catalina.core.ApplicationContext.log HTMLManager: list: Listing contexts for virtual host 'localhost'
11-Apr-2019 08:35:28.955 INFO [http-apr-8080-exec-8] org.apache.catalina.core.ApplicationContext.log HTMLManager: restart: Reloading web application '/gg'
11-Apr-2019 08:35:29.300 INFO [http-apr-8080-exec-8] org.apache.catalina.core.ApplicationContext.log HTMLManager: list: Listing contexts for virtual host 'localhost'
11-Apr-2019 09:27:05.722 INFO [http-apr-8080-exec-17] org.apache.catalina.core.ApplicationContext.log HTMLManager: list: Listing contexts for virtual host 'localhost'
11-Apr-2019 09:27:08.705 INFO [http-apr-8080-exec-20] org.apache.catalina.core.ApplicationContext.log HTMLManager: restart: Reloading web application '/gg'
11-Apr-2019 09:27:09.045 INFO [http-apr-8080-exec-20] org.apache.catalina.core.ApplicationContext.log HTMLManager: list: Listing contexts for virtual host 'localhost'
11-Apr-2019 09:33:30.412 INFO [http-apr-8080-exec-25] org.apache.catalina.core.ApplicationContext.log HTMLManager: restart: Reloading web application '/gg'
11-Apr-2019 09:33:30.895 INFO [http-apr-8080-exec-25] org.apache.catalina.core.ApplicationContext.log HTMLManager: list: Listing contexts for virtual host 'localhost'
11-Apr-2019 09:34:18.048 INFO [http-apr-8080-exec-38] org.apache.catalina.core.ApplicationContext.log HTMLManager: restart: Reloading web application '/gg'
11-Apr-2019 09:34:18.396 INFO [http-apr-8080-exec-38] org.apache.catalina.core.ApplicationContext.log HTMLManager: list: Listing contexts for virtual host 'localhost'
11-Apr-2019 09:34:55.309 INFO [http-apr-8080-exec-34] org.apache.catalina.core.ApplicationContext.log HTMLManager: restart: Reloading web application '/gg'
11-Apr-2019 09:34:55.600 INFO [http-apr-8080-exec-34] org.apache.catalina.core.ApplicationContext.log HTMLManager: list: Listing contexts for virtual host 'localhost'
11-Apr-2019 09:42:11.080 INFO [http-apr-8080-exec-51] org.apache.catalina.core.ApplicationContext.log HTMLManager: restart: Reloading web application '/gg'
11-Apr-2019 09:42:11.533 INFO [http-apr-8080-exec-51] org.apache.catalina.core.ApplicationContext.log HTMLManager: list: Listing contexts for virtual host 'localhost'
11-Apr-2019 09:51:11.442 INFO [http-apr-8080-exec-61] org.apache.catalina.core.ApplicationContext.log HTMLManager: restart: Reloading web application '/gg'
11-Apr-2019 09:51:11.686 INFO [http-apr-8080-exec-61] org.apache.catalina.core.ApplicationContext.log HTMLManager: list: Listing contexts for virtual host 'localhost'
11-Apr-2019 09:51:15.108 INFO [http-apr-8080-exec-63] org.apache.catalina.core.ApplicationContext.log HTMLManager: restart: Reloading web application '/gg'
11-Apr-2019 09:51:15.404 INFO [http-apr-8080-exec-63] org.apache.catalina.core.ApplicationContext.log HTMLManager: list: Listing contexts for virtual host 'localhost'
11-Apr-2019 09:55:56.805 INFO [http-apr-8080-exec-72] org.apache.catalina.core.ApplicationContext.log HTMLManager: restart: Reloading web application '/gg'
11-Apr-2019 09:55:57.032 INFO [http-apr-8080-exec-72] org.apache.catalina.core.ApplicationContext.log HTMLManager: list: Listing contexts for virtual host 'localhost'
11-Apr-2019 10:20:53.191 INFO [http-apr-8080-exec-81] org.apache.catalina.core.ApplicationContext.log HTMLManager: restart: Reloading web application '/gg'
11-Apr-2019 10:20:53.458 INFO [http-apr-8080-exec-81] org.apache.catalina.core.ApplicationContext.log HTMLManager: list: Listing contexts for virtual host 'localhost'
11-Apr-2019 10:40:43.304 INFO [http-apr-8080-exec-7] org.apache.catalina.core.ApplicationContext.log HTMLManager: init: Associated with Deployer 'Catalina:type=Deployer,host=localhost'
11-Apr-2019 10:40:43.304 INFO [http-apr-8080-exec-7] org.apache.catalina.core.ApplicationContext.log HTMLManager: init: Global resources are available
11-Apr-2019 10:40:43.316 INFO [http-apr-8080-exec-7] org.apache.catalina.core.ApplicationContext.log HTMLManager: list: Listing contexts for virtual host 'localhost'
11-Apr-2019 10:40:46.723 INFO [http-apr-8080-exec-9] org.apache.catalina.core.ApplicationContext.log HTMLManager: restart: Reloading web application '/gg'
11-Apr-2019 10:40:47.011 INFO [http-apr-8080-exec-9] org.apache.catalina.core.ApplicationContext.log HTMLManager: list: Listing contexts for virtual host 'localhost'
11-Apr-2019 10:44:26.206 INFO [http-apr-8080-exec-13] org.apache.catalina.core.ApplicationContext.log HTMLManager: restart: Reloading web application '/gg'
11-Apr-2019 10:44:26.682 INFO [http-apr-8080-exec-13] org.apache.catalina.core.ApplicationContext.log HTMLManager: list: Listing contexts for virtual host 'localhost'
11-Apr-2019 10:44:39.264 INFO [http-apr-8080-exec-21] org.apache.catalina.core.ApplicationContext.log HTMLManager: restart: Reloading web application '/gg'
11-Apr-2019 10:44:39.536 INFO [http-apr-8080-exec-21] org.apache.catalina.core.ApplicationContext.log HTMLManager: list: Listing contexts for virtual host 'localhost'
11-Apr-2019 10:46:00.028 INFO [http-apr-8080-exec-27] org.apache.catalina.core.ApplicationContext.log HTMLManager: restart: Reloading web application '/gg'
11-Apr-2019 10:46:00.372 INFO [http-apr-8080-exec-27] org.apache.catalina.core.ApplicationContext.log HTMLManager: list: Listing contexts for virtual host 'localhost'
11-Apr-2019 10:47:20.817 INFO [http-apr-8080-exec-26] org.apache.catalina.core.ApplicationContext.log HTMLManager: restart: Reloading web application '/gg'
11-Apr-2019 10:47:21.069 INFO [http-apr-8080-exec-26] org.apache.catalina.core.ApplicationContext.log HTMLManager: list: Listing contexts for virtual host 'localhost'
11-Apr-2019 10:49:14.119 INFO [http-apr-8080-exec-5] org.apache.catalina.core.ApplicationContext.log HTMLManager: init: Associated with Deployer 'Catalina:type=Deployer,host=localhost'
11-Apr-2019 10:49:14.119 INFO [http-apr-8080-exec-5] org.apache.catalina.core.ApplicationContext.log HTMLManager: init: Global resources are available
11-Apr-2019 10:49:14.147 INFO [http-apr-8080-exec-5] org.apache.catalina.core.ApplicationContext.log HTMLManager: list: Listing contexts for virtual host 'localhost'
11-Apr-2019 10:49:17.165 INFO [http-apr-8080-exec-6] org.apache.catalina.core.ApplicationContext.log HTMLManager: restart: Reloading web application '/host-manager'
11-Apr-2019 10:49:17.461 INFO [http-apr-8080-exec-6] org.apache.catalina.core.ApplicationContext.log HTMLManager: list: Listing contexts for virtual host 'localhost'
11-Apr-2019 11:48:29.162 INFO [http-apr-8080-exec-5] org.apache.catalina.core.ApplicationContext.log HTMLManager: init: Associated with Deployer 'Catalina:type=Deployer,host=localhost'
11-Apr-2019 11:48:29.162 INFO [http-apr-8080-exec-5] org.apache.catalina.core.ApplicationContext.log HTMLManager: init: Global resources are available
11-Apr-2019 11:48:29.178 INFO [http-apr-8080-exec-5] org.apache.catalina.core.ApplicationContext.log HTMLManager: list: Listing contexts for virtual host 'localhost'
11-Apr-2019 11:48:32.945 INFO [http-apr-8080-exec-6] org.apache.catalina.core.ApplicationContext.log HTMLManager: restart: Reloading web application '/gg'
11-Apr-2019 11:48:33.337 INFO [http-apr-8080-exec-6] org.apache.catalina.core.ApplicationContext.log HTMLManager: list: Listing contexts for virtual host 'localhost'
11-Apr-2019 11:51:12.993 INFO [http-apr-8080-exec-9] org.apache.catalina.core.ApplicationContext.log HTMLManager: restart: Reloading web application '/gg'
11-Apr-2019 11:51:13.337 INFO [http-apr-8080-exec-9] org.apache.catalina.core.ApplicationContext.log HTMLManager: list: Listing contexts for virtual host 'localhost'
11-Apr-2019 12:01:04.819 INFO [http-apr-8080-exec-18] org.apache.catalina.core.ApplicationContext.log HTMLManager: restart: Reloading web application '/gg'
11-Apr-2019 12:01:05.067 INFO [http-apr-8080-exec-18] org.apache.catalina.core.ApplicationContext.log HTMLManager: list: Listing contexts for virtual host 'localhost'
11-Apr-2019 13:53:58.049 INFO [http-apr-8080-exec-5] org.apache.catalina.core.ApplicationContext.log HTMLManager: init: Associated with Deployer 'Catalina:type=Deployer,host=localhost'
11-Apr-2019 13:53:58.049 INFO [http-apr-8080-exec-5] org.apache.catalina.core.ApplicationContext.log HTMLManager: init: Global resources are available
11-Apr-2019 13:53:58.063 INFO [http-apr-8080-exec-5] org.apache.catalina.core.ApplicationContext.log HTMLManager: list: Listing contexts for virtual host 'localhost'
11-Apr-2019 13:54:02.881 INFO [http-apr-8080-exec-6] org.apache.catalina.core.ApplicationContext.log HTMLManager: restart: Reloading web application '/gg'
11-Apr-2019 13:54:03.197 INFO [http-apr-8080-exec-6] org.apache.catalina.core.ApplicationContext.log HTMLManager: list: Listing contexts for virtual host 'localhost'
11-Apr-2019 14:00:49.916 INFO [http-apr-8080-exec-8] org.apache.catalina.core.ApplicationContext.log HTMLManager: restart: Reloading web application '/gg'
11-Apr-2019 14:00:50.274 INFO [http-apr-8080-exec-8] org.apache.catalina.core.ApplicationContext.log HTMLManager: list: Listing contexts for virtual host 'localhost'
11-Apr-2019 14:02:33.124 INFO [http-apr-8080-exec-19] org.apache.catalina.core.ApplicationContext.log HTMLManager: restart: Reloading web application '/gg'
11-Apr-2019 14:02:33.398 INFO [http-apr-8080-exec-19] org.apache.catalina.core.ApplicationContext.log HTMLManager: list: Listing contexts for virtual host 'localhost'
11-Apr-2019 14:07:37.061 INFO [http-apr-8080-exec-25] org.apache.catalina.core.ApplicationContext.log HTMLManager: restart: Reloading web application '/gg'
11-Apr-2019 14:07:37.371 INFO [http-apr-8080-exec-25] org.apache.catalina.core.ApplicationContext.log HTMLManager: list: Listing contexts for virtual host 'localhost'
11-Apr-2019 17:40:18.134 INFO [http-apr-8080-exec-5] org.apache.catalina.core.ApplicationContext.log HTMLManager: init: Associated with Deployer 'Catalina:type=Deployer,host=localhost'
11-Apr-2019 17:40:18.134 INFO [http-apr-8080-exec-5] org.apache.catalina.core.ApplicationContext.log HTMLManager: init: Global resources are available
11-Apr-2019 17:40:18.150 INFO [http-apr-8080-exec-5] org.apache.catalina.core.ApplicationContext.log HTMLManager: list: Listing contexts for virtual host 'localhost'
11-Apr-2019 17:40:22.494 INFO [http-apr-8080-exec-6] org.apache.catalina.core.ApplicationContext.log HTMLManager: restart: Reloading web application '/gg'
11-Apr-2019 17:40:22.914 INFO [http-apr-8080-exec-6] org.apache.catalina.core.ApplicationContext.log HTMLManager: list: Listing contexts for virtual host 'localhost'
11-Apr-2019 18:24:32.770 INFO [http-apr-8080-exec-5] org.apache.catalina.core.ApplicationContext.log HTMLManager: init: Associated with Deployer 'Catalina:type=Deployer,host=localhost'
11-Apr-2019 18:24:32.770 INFO [http-apr-8080-exec-5] org.apache.catalina.core.ApplicationContext.log HTMLManager: init: Global resources are available
11-Apr-2019 18:24:32.790 INFO [http-apr-8080-exec-5] org.apache.catalina.core.ApplicationContext.log HTMLManager: list: Listing contexts for virtual host 'localhost'
11-Apr-2019 18:24:36.383 INFO [http-apr-8080-exec-6] org.apache.catalina.core.ApplicationContext.log HTMLManager: restart: Reloading web application '/gg'
11-Apr-2019 18:24:36.731 INFO [http-apr-8080-exec-6] org.apache.catalina.core.ApplicationContext.log HTMLManager: list: Listing contexts for virtual host 'localhost'
11-Apr-2019 18:41:20.312 INFO [http-apr-8080-exec-9] org.apache.catalina.core.ApplicationContext.log HTMLManager: restart: Reloading web application '/gg'
11-Apr-2019 18:41:20.698 INFO [http-apr-8080-exec-9] org.apache.catalina.core.ApplicationContext.log HTMLManager: list: Listing contexts for virtual host 'localhost'
11-Apr-2019 18:41:56.178 INFO [http-apr-8080-exec-13] org.apache.catalina.core.ApplicationContext.log HTMLManager: restart: Reloading web application '/gg'
11-Apr-2019 18:41:56.458 INFO [http-apr-8080-exec-13] org.apache.catalina.core.ApplicationContext.log HTMLManager: list: Listing contexts for virtual host 'localhost'
11-Apr-2019 18:58:17.798 INFO [http-apr-8080-exec-19] org.apache.catalina.core.ApplicationContext.log HTMLManager: restart: Reloading web application '/gg'
11-Apr-2019 18:58:18.030 INFO [http-apr-8080-exec-19] org.apache.catalina.core.ApplicationContext.log HTMLManager: list: Listing contexts for virtual host 'localhost'
11-Apr-2019 19:35:16.803 INFO [http-apr-8080-exec-5] org.apache.catalina.core.ApplicationContext.log HTMLManager: init: Associated with Deployer 'Catalina:type=Deployer,host=localhost'
11-Apr-2019 19:35:16.804 INFO [http-apr-8080-exec-5] org.apache.catalina.core.ApplicationContext.log HTMLManager: init: Global resources are available
11-Apr-2019 19:35:16.818 INFO [http-apr-8080-exec-5] org.apache.catalina.core.ApplicationContext.log HTMLManager: list: Listing contexts for virtual host 'localhost'
11-Apr-2019 22:34:26.788 INFO [http-apr-8080-exec-7] org.apache.catalina.core.ApplicationContext.log HTMLManager: init: Associated with Deployer 'Catalina:type=Deployer,host=localhost'
11-Apr-2019 22:34:26.788 INFO [http-apr-8080-exec-7] org.apache.catalina.core.ApplicationContext.log HTMLManager: init: Global resources are available
11-Apr-2019 22:34:26.804 INFO [http-apr-8080-exec-7] org.apache.catalina.core.ApplicationContext.log HTMLManager: list: Listing contexts for virtual host 'localhost'
11-Apr-2019 22:34:30.367 INFO [http-apr-8080-exec-9] org.apache.catalina.core.ApplicationContext.log HTMLManager: restart: Reloading web application '/gg'
11-Apr-2019 22:34:30.823 INFO [http-apr-8080-exec-9] org.apache.catalina.core.ApplicationContext.log HTMLManager: list: Listing contexts for virtual host 'localhost'
11-Apr-2019 23:44:06.393 INFO [http-apr-8080-exec-5] org.apache.catalina.core.ApplicationContext.log HTMLManager: init: Associated with Deployer 'Catalina:type=Deployer,host=localhost'
11-Apr-2019 23:44:06.393 INFO [http-apr-8080-exec-5] org.apache.catalina.core.ApplicationContext.log HTMLManager: init: Global resources are available
11-Apr-2019 23:44:06.413 INFO [http-apr-8080-exec-5] org.apache.catalina.core.ApplicationContext.log HTMLManager: list: Listing contexts for virtual host 'localhost'
11-Apr-2019 23:44:12.061 INFO [http-apr-8080-exec-6] org.apache.catalina.core.ApplicationContext.log HTMLManager: restart: Reloading web application '/gg'
11-Apr-2019 23:44:12.949 INFO [http-apr-8080-exec-6] org.apache.catalina.core.ApplicationContext.log HTMLManager: list: Listing contexts for virtual host 'localhost'
