28-Mar-2019 00:31:11.979 INFO [http-apr-8080-exec-5] org.apache.catalina.core.ApplicationContext.log HTMLManager: init: Associated with Deployer 'Catalina:type=Deployer,host=localhost'
28-Mar-2019 00:31:11.979 INFO [http-apr-8080-exec-5] org.apache.catalina.core.ApplicationContext.log HTMLManager: init: Global resources are available
28-Mar-2019 00:31:11.996 INFO [http-apr-8080-exec-5] org.apache.catalina.core.ApplicationContext.log HTMLManager: list: Listing contexts for virtual host 'localhost'
28-Mar-2019 00:31:16.788 INFO [http-apr-8080-exec-6] org.apache.catalina.core.ApplicationContext.log HTMLManager: restart: Reloading web application '/patelr'
28-Mar-2019 00:31:16.958 INFO [http-apr-8080-exec-6] org.apache.catalina.core.ApplicationContext.log HTMLManager: list: Listing contexts for virtual host 'localhost'
28-Mar-2019 00:35:43.125 INFO [http-apr-8080-exec-8] org.apache.catalina.core.ApplicationContext.log HTMLManager: restart: Reloading web application '/gg'
28-Mar-2019 00:35:43.606 INFO [http-apr-8080-exec-8] org.apache.catalina.core.ApplicationContext.log HTMLManager: list: Listing contexts for virtual host 'localhost'
28-Mar-2019 00:38:24.209 INFO [http-apr-8080-exec-19] org.apache.catalina.core.ApplicationContext.log HTMLManager: restart: Reloading web application '/gg'
28-Mar-2019 00:38:24.401 INFO [http-apr-8080-exec-19] org.apache.catalina.core.ApplicationContext.log HTMLManager: list: Listing contexts for virtual host 'localhost'
28-Mar-2019 00:39:17.109 INFO [http-apr-8080-exec-7] org.apache.catalina.core.ApplicationContext.log HTMLManager: restart: Reloading web application '/gg'
28-Mar-2019 00:39:17.483 INFO [http-apr-8080-exec-7] org.apache.catalina.core.ApplicationContext.log HTMLManager: list: Listing contexts for virtual host 'localhost'
28-Mar-2019 00:40:34.824 INFO [http-apr-8080-exec-24] org.apache.catalina.core.ApplicationContext.log HTMLManager: restart: Reloading web application '/gg'
28-Mar-2019 00:40:34.993 INFO [http-apr-8080-exec-24] org.apache.catalina.core.ApplicationContext.log HTMLManager: list: Listing contexts for virtual host 'localhost'
28-Mar-2019 00:42:14.508 INFO [http-apr-8080-exec-32] org.apache.catalina.core.ApplicationContext.log HTMLManager: restart: Reloading web application '/gg'
28-Mar-2019 00:42:14.679 INFO [http-apr-8080-exec-32] org.apache.catalina.core.ApplicationContext.log HTMLManager: list: Listing contexts for virtual host 'localhost'
28-Mar-2019 00:49:33.407 INFO [http-apr-8080-exec-39] org.apache.catalina.core.ApplicationContext.log HTMLManager: restart: Reloading web application '/gg'
28-Mar-2019 00:49:33.543 INFO [http-apr-8080-exec-39] org.apache.catalina.core.ApplicationContext.log HTMLManager: list: Listing contexts for virtual host 'localhost'
28-Mar-2019 00:49:37.256 INFO [http-apr-8080-exec-37] org.apache.catalina.core.ApplicationContext.log HTMLManager: restart: Reloading web application '/gg'
28-Mar-2019 00:49:37.351 INFO [http-apr-8080-exec-37] org.apache.catalina.core.ApplicationContext.log HTMLManager: list: Listing contexts for virtual host 'localhost'
28-Mar-2019 00:52:20.479 INFO [http-apr-8080-exec-47] org.apache.catalina.core.ApplicationContext.log HTMLManager: restart: Reloading web application '/gg'
28-Mar-2019 00:52:20.660 INFO [http-apr-8080-exec-47] org.apache.catalina.core.ApplicationContext.log HTMLManager: list: Listing contexts for virtual host 'localhost'
28-Mar-2019 00:53:14.870 INFO [http-apr-8080-exec-55] org.apache.catalina.core.ApplicationContext.log HTMLManager: restart: Reloading web application '/gg'
28-Mar-2019 00:53:15.023 INFO [http-apr-8080-exec-55] org.apache.catalina.core.ApplicationContext.log HTMLManager: list: Listing contexts for virtual host 'localhost'
28-Mar-2019 01:00:33.067 INFO [http-apr-8080-exec-61] org.apache.catalina.core.ApplicationContext.log HTMLManager: restart: Reloading web application '/gg'
28-Mar-2019 01:00:33.314 INFO [http-apr-8080-exec-61] org.apache.catalina.core.ApplicationContext.log HTMLManager: list: Listing contexts for virtual host 'localhost'
28-Mar-2019 01:02:06.749 INFO [http-apr-8080-exec-72] org.apache.catalina.core.ApplicationContext.log HTMLManager: restart: Reloading web application '/gg'
28-Mar-2019 01:02:06.932 INFO [http-apr-8080-exec-72] org.apache.catalina.core.ApplicationContext.log HTMLManager: list: Listing contexts for virtual host 'localhost'
28-Mar-2019 01:14:01.412 INFO [http-apr-8080-exec-83] org.apache.catalina.core.ApplicationContext.log HTMLManager: restart: Reloading web application '/gg'
28-Mar-2019 01:14:01.588 INFO [http-apr-8080-exec-83] org.apache.catalina.core.ApplicationContext.log HTMLManager: list: Listing contexts for virtual host 'localhost'
28-Mar-2019 01:15:10.338 INFO [http-apr-8080-exec-89] org.apache.catalina.core.ApplicationContext.log HTMLManager: restart: Reloading web application '/gg'
28-Mar-2019 01:15:10.563 INFO [http-apr-8080-exec-89] org.apache.catalina.core.ApplicationContext.log HTMLManager: list: Listing contexts for virtual host 'localhost'
28-Mar-2019 08:11:02.270 INFO [http-apr-8080-exec-4] org.apache.catalina.core.ApplicationContext.log HTMLManager: init: Associated with Deployer 'Catalina:type=Deployer,host=localhost'
28-Mar-2019 08:11:02.270 INFO [http-apr-8080-exec-4] org.apache.catalina.core.ApplicationContext.log HTMLManager: init: Global resources are available
28-Mar-2019 08:11:02.286 INFO [http-apr-8080-exec-4] org.apache.catalina.core.ApplicationContext.log HTMLManager: list: Listing contexts for virtual host 'localhost'
28-Mar-2019 08:35:25.851 INFO [http-apr-8080-exec-3] org.apache.catalina.core.ApplicationContext.log HTMLManager: restart: Reloading web application '/gg'
28-Mar-2019 08:35:26.091 INFO [http-apr-8080-exec-3] org.apache.catalina.core.ApplicationContext.log HTMLManager: list: Listing contexts for virtual host 'localhost'
28-Mar-2019 08:46:28.583 INFO [http-apr-8080-exec-13] org.apache.catalina.core.ApplicationContext.log HTMLManager: restart: Reloading web application '/gg'
28-Mar-2019 08:46:28.847 INFO [http-apr-8080-exec-13] org.apache.catalina.core.ApplicationContext.log HTMLManager: list: Listing contexts for virtual host 'localhost'
28-Mar-2019 09:05:52.427 INFO [http-apr-8080-exec-23] org.apache.catalina.core.ApplicationContext.log HTMLManager: restart: Reloading web application '/gg'
28-Mar-2019 09:05:52.696 INFO [http-apr-8080-exec-23] org.apache.catalina.core.ApplicationContext.log HTMLManager: list: Listing contexts for virtual host 'localhost'
28-Mar-2019 09:06:56.856 INFO [http-apr-8080-exec-31] org.apache.catalina.core.ApplicationContext.log HTMLManager: restart: Reloading web application '/gg'
28-Mar-2019 09:06:56.856 SEVERE [http-apr-8080-exec-31] org.apache.catalina.core.ApplicationContext.log HTMLManager: ManagerServlet.reload[/gg]
 java.lang.IllegalStateException: Context with name [/gg] has not yet been started
	at org.apache.catalina.core.StandardContext.reload(StandardContext.java:3728)
	at org.apache.catalina.manager.ManagerServlet.reload(ManagerServlet.java:1006)
	at org.apache.catalina.manager.HTMLManagerServlet.reload(HTMLManagerServlet.java:614)
	at org.apache.catalina.manager.HTMLManagerServlet.doPost(HTMLManagerServlet.java:215)
	at javax.servlet.http.HttpServlet.service(HttpServlet.java:644)
	at javax.servlet.http.HttpServlet.service(HttpServlet.java:725)
	at org.apache.catalina.core.ApplicationFilterChain.internalDoFilter(ApplicationFilterChain.java:291)
	at org.apache.catalina.core.ApplicationFilterChain.doFilter(ApplicationFilterChain.java:206)
	at org.apache.catalina.filters.CsrfPreventionFilter.doFilter(CsrfPreventionFilter.java:213)
	at org.apache.catalina.core.ApplicationFilterChain.internalDoFilter(ApplicationFilterChain.java:239)
	at org.apache.catalina.core.ApplicationFilterChain.doFilter(ApplicationFilterChain.java:206)
	at org.apache.tomcat.websocket.server.WsFilter.doFilter(WsFilter.java:52)
	at org.apache.catalina.core.ApplicationFilterChain.internalDoFilter(ApplicationFilterChain.java:239)
	at org.apache.catalina.core.ApplicationFilterChain.doFilter(ApplicationFilterChain.java:206)
	at org.apache.catalina.filters.SetCharacterEncodingFilter.doFilter(SetCharacterEncodingFilter.java:108)
	at org.apache.catalina.core.ApplicationFilterChain.internalDoFilter(ApplicationFilterChain.java:239)
	at org.apache.catalina.core.ApplicationFilterChain.doFilter(ApplicationFilterChain.java:206)
	at org.apache.catalina.core.StandardWrapperValve.invoke(StandardWrapperValve.java:219)
	at org.apache.catalina.core.StandardContextValve.invoke(StandardContextValve.java:106)
	at org.apache.catalina.authenticator.AuthenticatorBase.invoke(AuthenticatorBase.java:613)
	at org.apache.catalina.core.StandardHostValve.invoke(StandardHostValve.java:142)
	at org.apache.catalina.valves.ErrorReportValve.invoke(ErrorReportValve.java:79)
	at org.apache.catalina.valves.AbstractAccessLogValve.invoke(AbstractAccessLogValve.java:610)
	at org.apache.catalina.core.StandardEngineValve.invoke(StandardEngineValve.java:88)
	at org.apache.catalina.connector.CoyoteAdapter.service(CoyoteAdapter.java:516)
	at org.apache.coyote.http11.AbstractHttp11Processor.process(AbstractHttp11Processor.java:1086)
	at org.apache.coyote.AbstractProtocol$AbstractConnectionHandler.process(AbstractProtocol.java:659)
	at org.apache.coyote.http11.Http11AprProtocol$Http11ConnectionHandler.process(Http11AprProtocol.java:285)
	at org.apache.tomcat.util.net.AprEndpoint$SocketProcessor.doRun(AprEndpoint.java:2431)
	at org.apache.tomcat.util.net.AprEndpoint$SocketProcessor.run(AprEndpoint.java:2420)
	at java.util.concurrent.ThreadPoolExecutor.runWorker(Unknown Source)
	at java.util.concurrent.ThreadPoolExecutor$Worker.run(Unknown Source)
	at org.apache.tomcat.util.threads.TaskThread$WrappingRunnable.run(TaskThread.java:61)
	at java.lang.Thread.run(Unknown Source)

28-Mar-2019 09:06:56.857 INFO [http-apr-8080-exec-31] org.apache.catalina.core.ApplicationContext.log HTMLManager: list: Listing contexts for virtual host 'localhost'
28-Mar-2019 09:07:22.230 INFO [http-apr-8080-exec-25] org.apache.catalina.core.ApplicationContext.log HTMLManager: restart: Reloading web application '/gg'
28-Mar-2019 09:07:22.230 SEVERE [http-apr-8080-exec-25] org.apache.catalina.core.ApplicationContext.log HTMLManager: ManagerServlet.reload[/gg]
 java.lang.IllegalStateException: Context with name [/gg] has not yet been started
	at org.apache.catalina.core.StandardContext.reload(StandardContext.java:3728)
	at org.apache.catalina.manager.ManagerServlet.reload(ManagerServlet.java:1006)
	at org.apache.catalina.manager.HTMLManagerServlet.reload(HTMLManagerServlet.java:614)
	at org.apache.catalina.manager.HTMLManagerServlet.doPost(HTMLManagerServlet.java:215)
	at javax.servlet.http.HttpServlet.service(HttpServlet.java:644)
	at javax.servlet.http.HttpServlet.service(HttpServlet.java:725)
	at org.apache.catalina.core.ApplicationFilterChain.internalDoFilter(ApplicationFilterChain.java:291)
	at org.apache.catalina.core.ApplicationFilterChain.doFilter(ApplicationFilterChain.java:206)
	at org.apache.catalina.filters.CsrfPreventionFilter.doFilter(CsrfPreventionFilter.java:213)
	at org.apache.catalina.core.ApplicationFilterChain.internalDoFilter(ApplicationFilterChain.java:239)
	at org.apache.catalina.core.ApplicationFilterChain.doFilter(ApplicationFilterChain.java:206)
	at org.apache.tomcat.websocket.server.WsFilter.doFilter(WsFilter.java:52)
	at org.apache.catalina.core.ApplicationFilterChain.internalDoFilter(ApplicationFilterChain.java:239)
	at org.apache.catalina.core.ApplicationFilterChain.doFilter(ApplicationFilterChain.java:206)
	at org.apache.catalina.filters.SetCharacterEncodingFilter.doFilter(SetCharacterEncodingFilter.java:108)
	at org.apache.catalina.core.ApplicationFilterChain.internalDoFilter(ApplicationFilterChain.java:239)
	at org.apache.catalina.core.ApplicationFilterChain.doFilter(ApplicationFilterChain.java:206)
	at org.apache.catalina.core.StandardWrapperValve.invoke(StandardWrapperValve.java:219)
	at org.apache.catalina.core.StandardContextValve.invoke(StandardContextValve.java:106)
	at org.apache.catalina.authenticator.AuthenticatorBase.invoke(AuthenticatorBase.java:613)
	at org.apache.catalina.core.StandardHostValve.invoke(StandardHostValve.java:142)
	at org.apache.catalina.valves.ErrorReportValve.invoke(ErrorReportValve.java:79)
	at org.apache.catalina.valves.AbstractAccessLogValve.invoke(AbstractAccessLogValve.java:610)
	at org.apache.catalina.core.StandardEngineValve.invoke(StandardEngineValve.java:88)
	at org.apache.catalina.connector.CoyoteAdapter.service(CoyoteAdapter.java:516)
	at org.apache.coyote.http11.AbstractHttp11Processor.process(AbstractHttp11Processor.java:1086)
	at org.apache.coyote.AbstractProtocol$AbstractConnectionHandler.process(AbstractProtocol.java:659)
	at org.apache.coyote.http11.Http11AprProtocol$Http11ConnectionHandler.process(Http11AprProtocol.java:285)
	at org.apache.tomcat.util.net.AprEndpoint$SocketProcessor.doRun(AprEndpoint.java:2431)
	at org.apache.tomcat.util.net.AprEndpoint$SocketProcessor.run(AprEndpoint.java:2420)
	at java.util.concurrent.ThreadPoolExecutor.runWorker(Unknown Source)
	at java.util.concurrent.ThreadPoolExecutor$Worker.run(Unknown Source)
	at org.apache.tomcat.util.threads.TaskThread$WrappingRunnable.run(TaskThread.java:61)
	at java.lang.Thread.run(Unknown Source)

28-Mar-2019 09:07:22.231 INFO [http-apr-8080-exec-25] org.apache.catalina.core.ApplicationContext.log HTMLManager: list: Listing contexts for virtual host 'localhost'
28-Mar-2019 09:07:26.821 INFO [http-apr-8080-exec-34] org.apache.catalina.core.ApplicationContext.log HTMLManager: start: Starting web application '/gg'
28-Mar-2019 09:07:27.028 SEVERE [http-apr-8080-exec-34] org.apache.catalina.core.ApplicationContext.log FAIL - Application at context path /gg could not be started
 org.apache.catalina.LifecycleException: Failed to start component [StandardEngine[Catalina].StandardHost[localhost].StandardContext[/gg]]
	at org.apache.catalina.util.LifecycleBase.start(LifecycleBase.java:154)
	at org.apache.catalina.manager.ManagerServlet.start(ManagerServlet.java:1293)
	at org.apache.catalina.manager.HTMLManagerServlet.start(HTMLManagerServlet.java:673)
	at org.apache.catalina.manager.HTMLManagerServlet.doPost(HTMLManagerServlet.java:221)
	at javax.servlet.http.HttpServlet.service(HttpServlet.java:644)
	at javax.servlet.http.HttpServlet.service(HttpServlet.java:725)
	at org.apache.catalina.core.ApplicationFilterChain.internalDoFilter(ApplicationFilterChain.java:291)
	at org.apache.catalina.core.ApplicationFilterChain.doFilter(ApplicationFilterChain.java:206)
	at org.apache.catalina.filters.CsrfPreventionFilter.doFilter(CsrfPreventionFilter.java:213)
	at org.apache.catalina.core.ApplicationFilterChain.internalDoFilter(ApplicationFilterChain.java:239)
	at org.apache.catalina.core.ApplicationFilterChain.doFilter(ApplicationFilterChain.java:206)
	at org.apache.tomcat.websocket.server.WsFilter.doFilter(WsFilter.java:52)
	at org.apache.catalina.core.ApplicationFilterChain.internalDoFilter(ApplicationFilterChain.java:239)
	at org.apache.catalina.core.ApplicationFilterChain.doFilter(ApplicationFilterChain.java:206)
	at org.apache.catalina.filters.SetCharacterEncodingFilter.doFilter(SetCharacterEncodingFilter.java:108)
	at org.apache.catalina.core.ApplicationFilterChain.internalDoFilter(ApplicationFilterChain.java:239)
	at org.apache.catalina.core.ApplicationFilterChain.doFilter(ApplicationFilterChain.java:206)
	at org.apache.catalina.core.StandardWrapperValve.invoke(StandardWrapperValve.java:219)
	at org.apache.catalina.core.StandardContextValve.invoke(StandardContextValve.java:106)
	at org.apache.catalina.authenticator.AuthenticatorBase.invoke(AuthenticatorBase.java:613)
	at org.apache.catalina.core.StandardHostValve.invoke(StandardHostValve.java:142)
	at org.apache.catalina.valves.ErrorReportValve.invoke(ErrorReportValve.java:79)
	at org.apache.catalina.valves.AbstractAccessLogValve.invoke(AbstractAccessLogValve.java:610)
	at org.apache.catalina.core.StandardEngineValve.invoke(StandardEngineValve.java:88)
	at org.apache.catalina.connector.CoyoteAdapter.service(CoyoteAdapter.java:516)
	at org.apache.coyote.http11.AbstractHttp11Processor.process(AbstractHttp11Processor.java:1086)
	at org.apache.coyote.AbstractProtocol$AbstractConnectionHandler.process(AbstractProtocol.java:659)
	at org.apache.coyote.http11.Http11AprProtocol$Http11ConnectionHandler.process(Http11AprProtocol.java:285)
	at org.apache.tomcat.util.net.AprEndpoint$SocketProcessor.doRun(AprEndpoint.java:2431)
	at org.apache.tomcat.util.net.AprEndpoint$SocketProcessor.run(AprEndpoint.java:2420)
	at java.util.concurrent.ThreadPoolExecutor.runWorker(Unknown Source)
	at java.util.concurrent.ThreadPoolExecutor$Worker.run(Unknown Source)
	at org.apache.tomcat.util.threads.TaskThread$WrappingRunnable.run(TaskThread.java:61)
	at java.lang.Thread.run(Unknown Source)
Caused by: java.lang.NoClassDefFoundError: javax/mail/internet/AddressException
	at java.lang.Class.getDeclaredFields0(Native Method)
	at java.lang.Class.privateGetDeclaredFields(Unknown Source)
	at java.lang.Class.getDeclaredFields(Unknown Source)
	at org.apache.catalina.util.Introspection.getDeclaredFields(Introspection.java:106)
	at org.apache.catalina.startup.WebAnnotationSet.loadFieldsAnnotation(WebAnnotationSet.java:256)
	at org.apache.catalina.startup.WebAnnotationSet.loadApplicationServletAnnotations(WebAnnotationSet.java:132)
	at org.apache.catalina.startup.WebAnnotationSet.loadApplicationAnnotations(WebAnnotationSet.java:65)
	at org.apache.catalina.startup.ContextConfig.applicationAnnotationsConfig(ContextConfig.java:334)
	at org.apache.catalina.startup.ContextConfig.configureStart(ContextConfig.java:774)
	at org.apache.catalina.startup.ContextConfig.lifecycleEvent(ContextConfig.java:305)
	at org.apache.catalina.util.LifecycleSupport.fireLifecycleEvent(LifecycleSupport.java:117)
	at org.apache.catalina.util.LifecycleBase.fireLifecycleEvent(LifecycleBase.java:90)
	at org.apache.catalina.core.StandardContext.startInternal(StandardContext.java:5053)
	at org.apache.catalina.util.LifecycleBase.start(LifecycleBase.java:150)
	... 33 more
Caused by: java.lang.ClassNotFoundException: javax.mail.internet.AddressException
	at org.apache.catalina.loader.WebappClassLoaderBase.loadClass(WebappClassLoaderBase.java:1305)
	at org.apache.catalina.loader.WebappClassLoaderBase.loadClass(WebappClassLoaderBase.java:1157)
	... 47 more

28-Mar-2019 09:07:27.028 INFO [http-apr-8080-exec-34] org.apache.catalina.core.ApplicationContext.log HTMLManager: list: Listing contexts for virtual host 'localhost'
28-Mar-2019 09:08:02.764 INFO [http-apr-8080-exec-5] org.apache.catalina.core.ApplicationContext.log HTMLManager: init: Associated with Deployer 'Catalina:type=Deployer,host=localhost'
28-Mar-2019 09:08:02.765 INFO [http-apr-8080-exec-5] org.apache.catalina.core.ApplicationContext.log HTMLManager: init: Global resources are available
28-Mar-2019 09:08:02.783 INFO [http-apr-8080-exec-5] org.apache.catalina.core.ApplicationContext.log HTMLManager: list: Listing contexts for virtual host 'localhost'
28-Mar-2019 09:08:07.830 INFO [http-apr-8080-exec-6] org.apache.catalina.core.ApplicationContext.log HTMLManager: start: Starting web application '/gg'
28-Mar-2019 09:08:08.035 SEVERE [http-apr-8080-exec-6] org.apache.catalina.core.ApplicationContext.log FAIL - Application at context path /gg could not be started
 org.apache.catalina.LifecycleException: Failed to start component [StandardEngine[Catalina].StandardHost[localhost].StandardContext[/gg]]
	at org.apache.catalina.util.LifecycleBase.start(LifecycleBase.java:154)
	at org.apache.catalina.manager.ManagerServlet.start(ManagerServlet.java:1293)
	at org.apache.catalina.manager.HTMLManagerServlet.start(HTMLManagerServlet.java:673)
	at org.apache.catalina.manager.HTMLManagerServlet.doPost(HTMLManagerServlet.java:221)
	at javax.servlet.http.HttpServlet.service(HttpServlet.java:644)
	at javax.servlet.http.HttpServlet.service(HttpServlet.java:725)
	at org.apache.catalina.core.ApplicationFilterChain.internalDoFilter(ApplicationFilterChain.java:291)
	at org.apache.catalina.core.ApplicationFilterChain.doFilter(ApplicationFilterChain.java:206)
	at org.apache.catalina.filters.CsrfPreventionFilter.doFilter(CsrfPreventionFilter.java:213)
	at org.apache.catalina.core.ApplicationFilterChain.internalDoFilter(ApplicationFilterChain.java:239)
	at org.apache.catalina.core.ApplicationFilterChain.doFilter(ApplicationFilterChain.java:206)
	at org.apache.tomcat.websocket.server.WsFilter.doFilter(WsFilter.java:52)
	at org.apache.catalina.core.ApplicationFilterChain.internalDoFilter(ApplicationFilterChain.java:239)
	at org.apache.catalina.core.ApplicationFilterChain.doFilter(ApplicationFilterChain.java:206)
	at org.apache.catalina.filters.SetCharacterEncodingFilter.doFilter(SetCharacterEncodingFilter.java:108)
	at org.apache.catalina.core.ApplicationFilterChain.internalDoFilter(ApplicationFilterChain.java:239)
	at org.apache.catalina.core.ApplicationFilterChain.doFilter(ApplicationFilterChain.java:206)
	at org.apache.catalina.core.StandardWrapperValve.invoke(StandardWrapperValve.java:219)
	at org.apache.catalina.core.StandardContextValve.invoke(StandardContextValve.java:106)
	at org.apache.catalina.authenticator.AuthenticatorBase.invoke(AuthenticatorBase.java:613)
	at org.apache.catalina.core.StandardHostValve.invoke(StandardHostValve.java:142)
	at org.apache.catalina.valves.ErrorReportValve.invoke(ErrorReportValve.java:79)
	at org.apache.catalina.valves.AbstractAccessLogValve.invoke(AbstractAccessLogValve.java:610)
	at org.apache.catalina.core.StandardEngineValve.invoke(StandardEngineValve.java:88)
	at org.apache.catalina.connector.CoyoteAdapter.service(CoyoteAdapter.java:516)
	at org.apache.coyote.http11.AbstractHttp11Processor.process(AbstractHttp11Processor.java:1086)
	at org.apache.coyote.AbstractProtocol$AbstractConnectionHandler.process(AbstractProtocol.java:659)
	at org.apache.coyote.http11.Http11AprProtocol$Http11ConnectionHandler.process(Http11AprProtocol.java:285)
	at org.apache.tomcat.util.net.AprEndpoint$SocketProcessor.doRun(AprEndpoint.java:2431)
	at org.apache.tomcat.util.net.AprEndpoint$SocketProcessor.run(AprEndpoint.java:2420)
	at java.util.concurrent.ThreadPoolExecutor.runWorker(Unknown Source)
	at java.util.concurrent.ThreadPoolExecutor$Worker.run(Unknown Source)
	at org.apache.tomcat.util.threads.TaskThread$WrappingRunnable.run(TaskThread.java:61)
	at java.lang.Thread.run(Unknown Source)
Caused by: java.lang.NoClassDefFoundError: javax/mail/internet/AddressException
	at java.lang.Class.getDeclaredFields0(Native Method)
	at java.lang.Class.privateGetDeclaredFields(Unknown Source)
	at java.lang.Class.getDeclaredFields(Unknown Source)
	at org.apache.catalina.util.Introspection.getDeclaredFields(Introspection.java:106)
	at org.apache.catalina.startup.WebAnnotationSet.loadFieldsAnnotation(WebAnnotationSet.java:256)
	at org.apache.catalina.startup.WebAnnotationSet.loadApplicationServletAnnotations(WebAnnotationSet.java:132)
	at org.apache.catalina.startup.WebAnnotationSet.loadApplicationAnnotations(WebAnnotationSet.java:65)
	at org.apache.catalina.startup.ContextConfig.applicationAnnotationsConfig(ContextConfig.java:334)
	at org.apache.catalina.startup.ContextConfig.configureStart(ContextConfig.java:774)
	at org.apache.catalina.startup.ContextConfig.lifecycleEvent(ContextConfig.java:305)
	at org.apache.catalina.util.LifecycleSupport.fireLifecycleEvent(LifecycleSupport.java:117)
	at org.apache.catalina.util.LifecycleBase.fireLifecycleEvent(LifecycleBase.java:90)
	at org.apache.catalina.core.StandardContext.startInternal(StandardContext.java:5053)
	at org.apache.catalina.util.LifecycleBase.start(LifecycleBase.java:150)
	... 33 more
Caused by: java.lang.ClassNotFoundException: javax.mail.internet.AddressException
	at org.apache.catalina.loader.WebappClassLoaderBase.loadClass(WebappClassLoaderBase.java:1305)
	at org.apache.catalina.loader.WebappClassLoaderBase.loadClass(WebappClassLoaderBase.java:1157)
	... 47 more

28-Mar-2019 09:08:08.035 INFO [http-apr-8080-exec-6] org.apache.catalina.core.ApplicationContext.log HTMLManager: list: Listing contexts for virtual host 'localhost'
28-Mar-2019 09:09:17.613 INFO [http-apr-8080-exec-12] org.apache.catalina.core.ApplicationContext.log HTMLManager: start: Starting web application '/gg'
28-Mar-2019 09:09:17.795 INFO [http-apr-8080-exec-12] org.apache.catalina.core.ApplicationContext.log HTMLManager: list: Listing contexts for virtual host 'localhost'
28-Mar-2019 09:09:23.463 INFO [http-apr-8080-exec-4] org.apache.catalina.core.ApplicationContext.log HTMLManager: restart: Reloading web application '/gg'
28-Mar-2019 09:09:23.605 INFO [http-apr-8080-exec-4] org.apache.catalina.core.ApplicationContext.log HTMLManager: list: Listing contexts for virtual host 'localhost'
28-Mar-2019 09:18:53.810 INFO [http-apr-8080-exec-21] org.apache.catalina.core.ApplicationContext.log HTMLManager: restart: Reloading web application '/gg'
28-Mar-2019 09:18:54.006 INFO [http-apr-8080-exec-21] org.apache.catalina.core.ApplicationContext.log HTMLManager: list: Listing contexts for virtual host 'localhost'
28-Mar-2019 09:20:27.682 INFO [http-apr-8080-exec-17] org.apache.catalina.core.ApplicationContext.log HTMLManager: start: Starting web application '/gg'
28-Mar-2019 09:20:27.867 INFO [http-apr-8080-exec-17] org.apache.catalina.core.ApplicationContext.log HTMLManager: list: Listing contexts for virtual host 'localhost'
28-Mar-2019 09:22:40.091 INFO [http-apr-8080-exec-27] org.apache.catalina.core.ApplicationContext.log HTMLManager: restart: Reloading web application '/host-manager'
28-Mar-2019 09:22:40.270 INFO [http-apr-8080-exec-27] org.apache.catalina.core.ApplicationContext.log HTMLManager: list: Listing contexts for virtual host 'localhost'
28-Mar-2019 09:22:43.181 INFO [http-apr-8080-exec-30] org.apache.catalina.core.ApplicationContext.log HTMLManager: restart: Reloading web application '/gg'
28-Mar-2019 09:22:43.404 INFO [http-apr-8080-exec-30] org.apache.catalina.core.ApplicationContext.log HTMLManager: list: Listing contexts for virtual host 'localhost'
28-Mar-2019 09:24:10.056 INFO [http-apr-8080-exec-28] org.apache.catalina.core.ApplicationContext.log HTMLManager: restart: Reloading web application '/gg'
28-Mar-2019 09:24:10.256 INFO [http-apr-8080-exec-28] org.apache.catalina.core.ApplicationContext.log HTMLManager: list: Listing contexts for virtual host 'localhost'
28-Mar-2019 09:34:33.454 INFO [http-apr-8080-exec-42] org.apache.catalina.core.ApplicationContext.log HTMLManager: restart: Reloading web application '/gg'
28-Mar-2019 09:34:33.781 INFO [http-apr-8080-exec-42] org.apache.catalina.core.ApplicationContext.log HTMLManager: list: Listing contexts for virtual host 'localhost'
28-Mar-2019 09:37:07.157 INFO [http-apr-8080-exec-51] org.apache.catalina.core.ApplicationContext.log HTMLManager: restart: Reloading web application '/gg'
28-Mar-2019 09:37:07.396 INFO [http-apr-8080-exec-51] org.apache.catalina.core.ApplicationContext.log HTMLManager: list: Listing contexts for virtual host 'localhost'
28-Mar-2019 09:40:52.671 INFO [http-apr-8080-exec-60] org.apache.catalina.core.ApplicationContext.log HTMLManager: restart: Reloading web application '/gg'
28-Mar-2019 09:40:52.869 INFO [http-apr-8080-exec-60] org.apache.catalina.core.ApplicationContext.log HTMLManager: list: Listing contexts for virtual host 'localhost'
28-Mar-2019 09:43:18.244 INFO [http-apr-8080-exec-77] org.apache.catalina.core.ApplicationContext.log HTMLManager: restart: Reloading web application '/gg'
28-Mar-2019 09:43:18.452 INFO [http-apr-8080-exec-77] org.apache.catalina.core.ApplicationContext.log HTMLManager: list: Listing contexts for virtual host 'localhost'
28-Mar-2019 09:44:21.043 INFO [http-apr-8080-exec-76] org.apache.catalina.core.ApplicationContext.log HTMLManager: restart: Reloading web application '/gg'
28-Mar-2019 09:44:21.274 INFO [http-apr-8080-exec-76] org.apache.catalina.core.ApplicationContext.log HTMLManager: list: Listing contexts for virtual host 'localhost'
28-Mar-2019 10:25:58.985 INFO [http-apr-8080-exec-4] org.apache.catalina.core.ApplicationContext.log HTMLManager: init: Associated with Deployer 'Catalina:type=Deployer,host=localhost'
28-Mar-2019 10:25:58.986 INFO [http-apr-8080-exec-4] org.apache.catalina.core.ApplicationContext.log HTMLManager: init: Global resources are available
28-Mar-2019 10:25:59.001 INFO [http-apr-8080-exec-4] org.apache.catalina.core.ApplicationContext.log HTMLManager: list: Listing contexts for virtual host 'localhost'
28-Mar-2019 10:26:04.580 INFO [http-apr-8080-exec-5] org.apache.catalina.core.ApplicationContext.log HTMLManager: restart: Reloading web application '/gg'
28-Mar-2019 10:26:04.832 INFO [http-apr-8080-exec-5] org.apache.catalina.core.ApplicationContext.log HTMLManager: list: Listing contexts for virtual host 'localhost'
28-Mar-2019 10:31:03.954 INFO [http-apr-8080-exec-6] org.apache.catalina.core.ApplicationContext.log HTMLManager: restart: Reloading web application '/gg'
28-Mar-2019 10:31:04.237 INFO [http-apr-8080-exec-6] org.apache.catalina.core.ApplicationContext.log HTMLManager: list: Listing contexts for virtual host 'localhost'
28-Mar-2019 13:05:02.623 INFO [http-apr-8080-exec-5] org.apache.catalina.core.ApplicationContext.log HTMLManager: init: Associated with Deployer 'Catalina:type=Deployer,host=localhost'
28-Mar-2019 13:05:02.623 INFO [http-apr-8080-exec-5] org.apache.catalina.core.ApplicationContext.log HTMLManager: init: Global resources are available
28-Mar-2019 13:05:02.635 INFO [http-apr-8080-exec-5] org.apache.catalina.core.ApplicationContext.log HTMLManager: list: Listing contexts for virtual host 'localhost'
28-Mar-2019 13:05:06.746 INFO [http-apr-8080-exec-6] org.apache.catalina.core.ApplicationContext.log HTMLManager: restart: Reloading web application '/gg'
28-Mar-2019 13:05:07.017 INFO [http-apr-8080-exec-6] org.apache.catalina.core.ApplicationContext.log HTMLManager: list: Listing contexts for virtual host 'localhost'
28-Mar-2019 13:07:24.463 INFO [http-apr-8080-exec-8] org.apache.catalina.core.ApplicationContext.log HTMLManager: restart: Reloading web application '/gg'
28-Mar-2019 13:07:24.759 INFO [http-apr-8080-exec-8] org.apache.catalina.core.ApplicationContext.log HTMLManager: list: Listing contexts for virtual host 'localhost'
28-Mar-2019 17:18:20.186 INFO [http-apr-8080-exec-3] org.apache.catalina.core.ApplicationContext.log HTMLManager: init: Associated with Deployer 'Catalina:type=Deployer,host=localhost'
28-Mar-2019 17:18:20.187 INFO [http-apr-8080-exec-3] org.apache.catalina.core.ApplicationContext.log HTMLManager: init: Global resources are available
28-Mar-2019 17:18:53.417 INFO [http-apr-8080-exec-5] org.apache.catalina.core.ApplicationContext.log HTMLManager: init: Associated with Deployer 'Catalina:type=Deployer,host=localhost'
28-Mar-2019 17:18:53.418 INFO [http-apr-8080-exec-5] org.apache.catalina.core.ApplicationContext.log HTMLManager: init: Global resources are available
28-Mar-2019 17:18:53.430 INFO [http-apr-8080-exec-5] org.apache.catalina.core.ApplicationContext.log HTMLManager: list: Listing contexts for virtual host 'localhost'
28-Mar-2019 17:18:57.898 INFO [http-apr-8080-exec-6] org.apache.catalina.core.ApplicationContext.log HTMLManager: restart: Reloading web application '/gg'
28-Mar-2019 17:18:58.119 INFO [http-apr-8080-exec-6] org.apache.catalina.core.ApplicationContext.log HTMLManager: list: Listing contexts for virtual host 'localhost'
28-Mar-2019 17:30:08.416 INFO [http-apr-8080-exec-12] org.apache.catalina.core.ApplicationContext.log HTMLManager: restart: Reloading web application '/gg'
28-Mar-2019 17:30:08.779 INFO [http-apr-8080-exec-12] org.apache.catalina.core.ApplicationContext.log HTMLManager: list: Listing contexts for virtual host 'localhost'
28-Mar-2019 17:36:51.973 INFO [http-apr-8080-exec-4] org.apache.catalina.core.ApplicationContext.log HTMLManager: init: Associated with Deployer 'Catalina:type=Deployer,host=localhost'
28-Mar-2019 17:36:51.973 INFO [http-apr-8080-exec-4] org.apache.catalina.core.ApplicationContext.log HTMLManager: init: Global resources are available
28-Mar-2019 17:36:51.984 INFO [http-apr-8080-exec-4] org.apache.catalina.core.ApplicationContext.log HTMLManager: list: Listing contexts for virtual host 'localhost'
28-Mar-2019 17:36:55.797 INFO [http-apr-8080-exec-5] org.apache.catalina.core.ApplicationContext.log HTMLManager: restart: Reloading web application '/gg'
28-Mar-2019 17:36:56.065 INFO [http-apr-8080-exec-5] org.apache.catalina.core.ApplicationContext.log HTMLManager: list: Listing contexts for virtual host 'localhost'
28-Mar-2019 17:42:19.980 INFO [http-apr-8080-exec-8] org.apache.catalina.core.ApplicationContext.log HTMLManager: restart: Reloading web application '/gg'
28-Mar-2019 17:42:20.322 INFO [http-apr-8080-exec-8] org.apache.catalina.core.ApplicationContext.log HTMLManager: list: Listing contexts for virtual host 'localhost'
28-Mar-2019 17:46:23.688 INFO [http-apr-8080-exec-16] org.apache.catalina.core.ApplicationContext.log HTMLManager: restart: Reloading web application '/gg'
28-Mar-2019 17:46:23.916 INFO [http-apr-8080-exec-16] org.apache.catalina.core.ApplicationContext.log HTMLManager: list: Listing contexts for virtual host 'localhost'
28-Mar-2019 17:49:00.582 INFO [http-apr-8080-exec-26] org.apache.catalina.core.ApplicationContext.log HTMLManager: restart: Reloading web application '/gg'
28-Mar-2019 17:49:00.835 INFO [http-apr-8080-exec-26] org.apache.catalina.core.ApplicationContext.log HTMLManager: list: Listing contexts for virtual host 'localhost'
28-Mar-2019 17:52:53.986 INFO [http-apr-8080-exec-33] org.apache.catalina.core.ApplicationContext.log HTMLManager: restart: Reloading web application '/gg'
28-Mar-2019 17:52:54.217 INFO [http-apr-8080-exec-33] org.apache.catalina.core.ApplicationContext.log HTMLManager: list: Listing contexts for virtual host 'localhost'
28-Mar-2019 17:55:45.811 INFO [http-apr-8080-exec-45] org.apache.catalina.core.ApplicationContext.log HTMLManager: restart: Reloading web application '/gg'
28-Mar-2019 17:55:46.047 INFO [http-apr-8080-exec-45] org.apache.catalina.core.ApplicationContext.log HTMLManager: list: Listing contexts for virtual host 'localhost'
28-Mar-2019 17:58:03.788 INFO [http-apr-8080-exec-56] org.apache.catalina.core.ApplicationContext.log HTMLManager: restart: Reloading web application '/gg'
28-Mar-2019 17:58:04.034 INFO [http-apr-8080-exec-56] org.apache.catalina.core.ApplicationContext.log HTMLManager: list: Listing contexts for virtual host 'localhost'
28-Mar-2019 18:03:48.317 INFO [http-apr-8080-exec-5] org.apache.catalina.core.ApplicationContext.log HTMLManager: init: Associated with Deployer 'Catalina:type=Deployer,host=localhost'
28-Mar-2019 18:03:48.317 INFO [http-apr-8080-exec-5] org.apache.catalina.core.ApplicationContext.log HTMLManager: init: Global resources are available
28-Mar-2019 18:03:48.330 INFO [http-apr-8080-exec-5] org.apache.catalina.core.ApplicationContext.log HTMLManager: list: Listing contexts for virtual host 'localhost'
28-Mar-2019 18:03:52.374 INFO [http-apr-8080-exec-6] org.apache.catalina.core.ApplicationContext.log HTMLManager: restart: Reloading web application '/gg'
28-Mar-2019 18:03:52.730 INFO [http-apr-8080-exec-6] org.apache.catalina.core.ApplicationContext.log HTMLManager: list: Listing contexts for virtual host 'localhost'
28-Mar-2019 18:06:35.171 INFO [http-apr-8080-exec-9] org.apache.catalina.core.ApplicationContext.log HTMLManager: restart: Reloading web application '/gg'
28-Mar-2019 18:06:35.485 INFO [http-apr-8080-exec-9] org.apache.catalina.core.ApplicationContext.log HTMLManager: list: Listing contexts for virtual host 'localhost'
28-Mar-2019 18:08:41.764 INFO [http-apr-8080-exec-17] org.apache.catalina.core.ApplicationContext.log HTMLManager: restart: Reloading web application '/gg'
28-Mar-2019 18:08:41.991 INFO [http-apr-8080-exec-17] org.apache.catalina.core.ApplicationContext.log HTMLManager: list: Listing contexts for virtual host 'localhost'
28-Mar-2019 18:10:26.831 INFO [http-apr-8080-exec-23] org.apache.catalina.core.ApplicationContext.log HTMLManager: restart: Reloading web application '/gg'
28-Mar-2019 18:10:27.232 INFO [http-apr-8080-exec-23] org.apache.catalina.core.ApplicationContext.log HTMLManager: list: Listing contexts for virtual host 'localhost'
28-Mar-2019 18:13:00.910 INFO [http-apr-8080-exec-29] org.apache.catalina.core.ApplicationContext.log HTMLManager: restart: Reloading web application '/gg'
28-Mar-2019 18:13:01.139 INFO [http-apr-8080-exec-29] org.apache.catalina.core.ApplicationContext.log HTMLManager: list: Listing contexts for virtual host 'localhost'
28-Mar-2019 19:12:18.095 INFO [http-apr-8080-exec-5] org.apache.catalina.core.ApplicationContext.log HTMLManager: init: Associated with Deployer 'Catalina:type=Deployer,host=localhost'
28-Mar-2019 19:12:18.096 INFO [http-apr-8080-exec-5] org.apache.catalina.core.ApplicationContext.log HTMLManager: init: Global resources are available
28-Mar-2019 19:12:18.109 INFO [http-apr-8080-exec-5] org.apache.catalina.core.ApplicationContext.log HTMLManager: list: Listing contexts for virtual host 'localhost'
28-Mar-2019 19:12:24.637 INFO [http-apr-8080-exec-6] org.apache.catalina.core.ApplicationContext.log HTMLManager: restart: Reloading web application '/patelr'
28-Mar-2019 19:12:24.929 INFO [http-apr-8080-exec-6] org.apache.catalina.core.ApplicationContext.log HTMLManager: list: Listing contexts for virtual host 'localhost'
